10
=== Three UTR, k-mer  length: 5 ===

<SparseDataSet instance>
number of patterns: 9252

training ***********************************************************
Cpos, Cneg:  0.5 0.5
........*
optimization finished, #iter = 8171
nu = 0.831965
obj = -2322.816600, rho = 0.557715
nSV = 7986, nBSV = 3713
testing ***********************************************************
training ***********************************************************
Cpos, Cneg:  0.5 0.5
........*
optimization finished, #iter = 8173
nu = 0.830150
obj = -2325.669112, rho = 0.558685
nSV = 7986, nBSV = 3696
testing ***********************************************************
training ***********************************************************
Cpos, Cneg:  0.5 0.5
........*
optimization finished, #iter = 8161
nu = 0.831408
obj = -2325.314463, rho = 0.556620
nSV = 7981, nBSV = 3708
testing ***********************************************************
training ***********************************************************
Cpos, Cneg:  0.5 0.5
........*
optimization finished, #iter = 8143
nu = 0.831144
obj = -2322.649250, rho = 0.557867
nSV = 7980, nBSV = 3701
testing ***********************************************************
training ***********************************************************
Cpos, Cneg:  0.5 0.5
........*
optimization finished, #iter = 8170
nu = 0.830444
obj = -2319.863587, rho = 0.558092
nSV = 7994, nBSV = 3695
testing ***********************************************************
training ***********************************************************
Cpos, Cneg:  0.5 0.5
........*
optimization finished, #iter = 8137
nu = 0.833086
obj = -2330.574239, rho = 0.556256
nSV = 7983, nBSV = 3733
testing ***********************************************************
training ***********************************************************
Cpos, Cneg:  0.5 0.5
........*
optimization finished, #iter = 8186
nu = 0.830892
obj = -2324.034778, rho = 0.557800
nSV = 7980, nBSV = 3691
testing ***********************************************************
training ***********************************************************
Cpos, Cneg:  0.5 0.5
........*
optimization finished, #iter = 8180
nu = 0.833962
obj = -2328.285454, rho = 0.555404
nSV = 7995, nBSV = 3727
testing ***********************************************************
training ***********************************************************
Cpos, Cneg:  0.5 0.5
........*
optimization finished, #iter = 8179
nu = 0.831553
obj = -2325.408875, rho = 0.557476
nSV = 7990, nBSV = 3706
testing ***********************************************************
training ***********************************************************
Cpos, Cneg:  0.5 0.5
........*
optimization finished, #iter = 8160
nu = 0.832549
obj = -2328.137914, rho = 0.557428
nSV = 7976, nBSV = 3712
testing ***********************************************************
Success Rate:  0.836.
Balanced Success Rate:  0.836.
Sensitivity:  0.951.
PPV:  0.773.
ROC:  0.933.
Results Log: 
[trainingTime 13.39
numSV 7986
testingTime 0.43, trainingTime 13.31
numSV 7986
testingTime 0.43, trainingTime 13.27
numSV 7981
testingTime 0.43, trainingTime 13.29
numSV 7980
testingTime 0.43, trainingTime 13.26
numSV 7994
testingTime 0.43, trainingTime 13.29
numSV 7983
testingTime 0.43, trainingTime 13.25
numSV 7980
testingTime 0.43, trainingTime 13.25
numSV 7995
testingTime 0.42, trainingTime 13.12
numSV 7990
testingTime 0.42, trainingTime 12.99
numSV 7976
testingTime 0.43]
Predicted class length: 10, Given Class Length: 10
Incorrectly predicted labels: 
[[8673, 5065, 5248, 6475, 5977, 7839, 7855, 8096, 5777, 5794, 6331, 4878, 6173, 6487, 8836, 6400, 6779, 6289, 8672, 7296, 6610, 8713, 5585, 5725, 6501, 8709, 6240, 5573, 5599, 5654, 4818, 7164, 7315, 8956, 7217, 7662, 5046, 7097, 7562, 7860, 8331, 8663, 6075, 6722, 6698, 8243, 5614, 5344, 8480, 8750, 6471, 6338, 8086, 8061, 4979, 5642, 7935, 4889, 6283, 7429, 9055, 7422, 5128, 6278, 8943, 6141, 5560, 8174, 7849, 8536, 7729, 5708, 6594, 7426, 7789, 6407, 4803, 5024, 5191, 7825, 6746, 8175, 8157, 5551, 5936, 7934, 6385, 6333, 8065, 4693, 6521, 7993, 5531, 5487, 8534, 7619, 5492, 7676, 6743, 7178, 5079, 4653, 4865, 7188, 6246, 9042, 8378, 6502, 7337, 5387, 6110, 6267, 7474, 6839, 6428, 8655, 6942, 8398, 9008, 2062, 2305, 1835, 4605, 1257, 12, 1625, 1258, 2574, 3413, 4415, 4045, 1857, 2919, 614, 937, 803, 3420, 82, 111, 4220, 4563, 1071, 3666, 2063, 2738, 3416, 847, 2064, 4409, 1566, 1915, 3410, 1860, 821], [8481, 6094, 4831, 7996, 7409, 6859, 4885, 8564, 6767, 4893, 7587, 8080, 5261, 4900, 8338, 8245, 5045, 7090, 4907, 5037, 7196, 7756, 7390, 9066, 5154, 6225, 5439, 8892, 6661, 5995, 9168, 8711, 9058, 6405, 4658, 7232, 6010, 6310, 7753, 5101, 7031, 4964, 5036, 6773, 7143, 8306, 6468, 5529, 8988, 8288, 5590, 7842, 7274, 4990, 5267, 6210, 6997, 8371, 8048, 7135, 5226, 7806, 6861, 9086, 6920, 6161, 6889, 5816, 5370, 7045, 6027, 5293, 5637, 9062, 6452, 7039, 5913, 5418, 8414, 8744, 8652, 8874, 7212, 5145, 7804, 8815, 7235, 7548, 6072, 6460, 7084, 8040, 8730, 6907, 5320, 7956, 4851, 8797, 6689, 8696, 5797, 9232, 7093, 5110, 8007, 6255, 8842, 9091, 5277, 9016, 5055, 4661, 7872, 5643, 8813, 5121, 8981, 5086, 3744, 4221, 1338, 4003, 4604, 2570, 3620, 832, 1702, 3632, 3865, 3216, 1851, 2586, 1414, 1558, 2537, 2471, 713, 3473, 3847, 309, 2000], [8651, 8095, 5316, 5783, 6239, 5260, 7557, 6520, 6169, 6186, 8485, 5362, 8113, 6190, 7675, 7036, 8812, 6046, 9122, 5756, 5169, 6114, 5168, 6836, 8441, 9027, 7588, 7376, 6323, 5899, 6928, 5787, 6801, 6126, 6495, 5206, 5452, 4918, 6485, 8140, 7237, 6834, 8997, 6914, 6078, 8916, 9007, 7408, 6170, 8143, 4765, 7555, 7468, 8548, 5634, 9151, 8757, 7160, 6234, 9014, 4709, 9001, 6172, 4921, 6349, 4816, 7465, 8406, 6450, 5512, 8852, 5080, 8212, 6694, 4813, 9222, 7063, 5941, 5414, 8503, 7901, 7761, 6037, 4701, 8411, 5930, 5451, 6019, 7650, 8251, 8794, 8790, 7710, 8669, 5988, 4645, 7725, 7060, 8905, 8349, 8264, 4675, 7268, 6208, 5700, 5468, 5757, 8895, 8447, 5306, 5706, 5343, 7174, 7326, 5947, 8959, 6766, 8966, 7191, 9248, 5422, 5971, 8017, 6954, 7151, 6511, 8549, 9233, 6513, 5824, 7973, 8914, 23, 3866, 4410, 3419, 118, 896, 3584, 555, 1852, 4133, 2470, 2760, 1999, 4412, 719, 613, 483], [6330, 9189, 9187, 8880, 5506, 8123, 6306, 8477, 7553, 6582, 7812, 4960, 4710, 5112, 5622, 4920, 5148, 5932, 4866, 8189, 6881, 8005, 5280, 5136, 7287, 8681, 7064, 9061, 7108, 5323, 5054, 6687, 7975, 7958, 9132, 8942, 7444, 6444, 9089, 5480, 7347, 5499, 7300, 8919, 7042, 4983, 8144, 6380, 9236, 7672, 7078, 7986, 7491, 6321, 5455, 9137, 5087, 8339, 6193, 6230, 7890, 6623, 9197, 9242, 5197, 6618, 5182, 4914, 8576, 5115, 8382, 9188, 4987, 4679, 6197, 8614, 4812, 6632, 5035, 5245, 6918, 5646, 7726, 4682, 4641, 5236, 5491, 5802, 5355, 7458, 7866, 8386, 8412, 8426, 7120, 5921, 4713, 4859, 6181, 9083, 7257, 6699, 5937, 7032, 8513, 6223, 8685, 7836, 8689, 8385, 6627, 8316, 6418, 8289, 6030, 6228, 5002, 5470, 7386, 5268, 8963, 7361, 9112, 7653, 6384, 4854, 5023, 8249, 4748, 8944, 8277, 9108, 8604, 8379, 7578, 8202, 6882, 7027, 1916, 3567, 3021, 501, 2568, 4327, 3635, 4417, 1471, 1903, 1847, 2412, 1563, 3218, 3417, 2569, 4455, 1580, 1214, 3898, 2413, 942, 1350], [5146, 5449, 8985, 4922, 7829, 4790, 7889, 5722, 7206, 7037, 7366, 6440, 6151, 5033, 8074, 7320, 7394, 8686, 6624, 8522, 6669, 7952, 8352, 8324, 5574, 5854, 7183, 6198, 7531, 8584, 6778, 4925, 8433, 6292, 8383, 6903, 5580, 8089, 5807, 7130, 5464, 6966, 8002, 8751, 9049, 5383, 7240, 8694, 8993, 5742, 4646, 8821, 7774, 5358, 8253, 6122, 6575, 6787, 8081, 7681, 6628, 4842, 6572, 7415, 7576, 8452, 8156, 6756, 8058, 5410, 6356, 4959, 8160, 7310, 7162, 8238, 7929, 8416, 8739, 7507, 9126, 7765, 7012, 4849, 8933, 7918, 5532, 5106, 8314, 8187, 6974, 6606, 4632, 7360, 7696, 5478, 6971, 4985, 6182, 6793, 8012, 8376, 8404, 6430, 7047, 8598, 6707, 8248, 6007, 8941, 7769, 5852, 5744, 8911, 7859, 6280, 8029, 9203, 5039, 1631, 1545, 3931, 3600, 904, 1705, 11, 3575, 4274, 3893, 4416, 929, 2449, 1672, 2042, 3514, 4486, 4151, 874, 4502], [8280, 7685, 8283, 7833, 5537, 7018, 9205, 6592, 8388, 7071, 7957, 7062, 5406, 8261, 5176, 7211, 7139, 8591, 8577, 6373, 7418, 9170, 8279, 6113, 8818, 5282, 4651, 5668, 6581, 8274, 7566, 5272, 6104, 5157, 7461, 8884, 7464, 6949, 8192, 9246, 7025, 8401, 4627, 5826, 6345, 9226, 8909, 5174, 6638, 7502, 6614, 6291, 5992, 6317, 6710, 8563, 8177, 8908, 5107, 5789, 6397, 8725, 5976, 7101, 5697, 6786, 9038, 7998, 8558, 7508, 6580, 6394, 4936, 5442, 7456, 7385, 6215, 5752, 5432, 6937, 5330, 4746, 6888, 7837, 5911, 5760, 8547, 7492, 5569, 8630, 6477, 7457, 8791, 7943, 8173, 6686, 7336, 7305, 8226, 7306, 7040, 8342, 8633, 6100, 7157, 5096, 8461, 7894, 6041, 7674, 4638, 4939, 8292, 8658, 7529, 4717, 5894, 7686, 8868, 5998, 6352, 8328, 5832, 5886, 6365, 4642, 8779, 2066, 4419, 3418, 3774, 1698, 4325, 4606, 1641, 1193, 2514, 3851, 3130, 889, 2817, 4485, 457, 1626, 4587], [7627, 8318, 6818, 8146, 8459, 5667, 5165, 5542, 7082, 6415, 8363, 6252, 5567, 8135, 7075, 9230, 6645, 4876, 8299, 6406, 7348, 6807, 7946, 7448, 9141, 5075, 5805, 8901, 7414, 8026, 5819, 4694, 4702, 6248, 8642, 6038, 6164, 7932, 5707, 6941, 6008, 4768, 8014, 8105, 7419, 6840, 6728, 8315, 8082, 6998, 4906, 6815, 6120, 6781, 6711, 8073, 7412, 8795, 7339, 8234, 6133, 7586, 4700, 7660, 7972, 4723, 4984, 8511, 7704, 5437, 6875, 9186, 5423, 9160, 6803, 7423, 4953, 8254, 5053, 8929, 6222, 5985, 6754, 4928, 8881, 8486, 5879, 8307, 8517, 5709, 5159, 7453, 7077, 8313, 7791, 8679, 9050, 4652, 5241, 5207, 7203, 5443, 7091, 9221, 7532, 8258, 4934, 8825, 4798, 4724, 5349, 4853, 8721, 6263, 6379, 7223, 7271, 7198, 7107, 6480, 7446, 5488, 6001, 6359, 9018, 7573, 5635, 7700, 7886, 8801, 9070, 6080, 9182, 6212, 749, 1965, 3694, 2067, 2587, 500, 951, 2415, 4555, 870, 2799, 4306, 429, 1917, 1704, 4402, 3127, 3968, 3463], [4809, 4769, 7171, 7649, 5997, 7980, 9156, 8897, 8803, 8712, 8478, 5032, 7679, 6401, 7041, 7053, 6290, 5298, 8498, 5281, 5166, 7506, 7245, 7878, 6366, 8099, 5244, 7815, 5967, 7989, 7325, 8841, 4725, 6245, 8341, 5352, 5616, 5031, 4770, 5841, 6463, 8293, 7728, 6999, 6943, 5228, 8648, 7524, 6033, 7715, 7254, 7690, 7638, 6350, 5126, 8097, 6004, 5942, 7757, 5663, 8372, 6326, 8587, 9039, 5319, 8862, 8417, 6016, 8631, 8475, 7145, 7793, 7220, 5405, 8767, 5513, 6651, 7879, 8471, 7309, 8130, 6489, 6723, 7897, 6482, 6958, 6451, 4628, 7816, 7594, 7243, 8668, 6420, 9150, 8953, 8350, 6596, 8671, 8188, 6690, 8593, 8380, 4852, 7283, 5975, 6798, 8879, 7733, 5892, 8550, 9105, 8800, 6729, 7331, 7475, 6299, 5376, 6020, 7511, 6115, 8809, 5572, 5991, 8913, 4660, 7076, 4629, 5311, 4931, 5980, 5224, 4833, 8154, 8950, 8912, 6869, 8425, 5047, 9075, 5543, 8606, 3724, 3375, 3382, 2866, 1065, 2276, 2444, 3609, 534, 4167, 3692, 2884, 2844, 4048, 1274, 4010, 3761, 2037, 966, 570, 1692, 3649, 3237, 1630, 4016, 4568, 1467], [6584, 5665, 6647, 5469, 4804, 8839, 7570, 5811, 6472, 8228, 8705, 6726, 6901, 8210, 6143, 5302, 6474, 6725, 5205, 8300, 6070, 6062, 5382, 8162, 4801, 5680, 5649, 7038, 7230, 7503, 8817, 8374, 4899, 5540, 5138, 8456, 6855, 8931, 6264, 6204, 4838, 6378, 7738, 7261, 8532, 8645, 5800, 7673, 6946, 5685, 9172, 6547, 7316, 8009, 8567, 7857, 9129, 4759, 5885, 9085, 7308, 7523, 4663, 8351, 7096, 6374, 6846, 4634, 6831, 6137, 8387, 9011, 5356, 5963, 6535, 8110, 7141, 6578, 8743, 9179, 6250, 8186, 7944, 9193, 4867, 7374, 5753, 8115, 4741, 5016, 5523, 8470, 5713, 7435, 7049, 4981, 8872, 5308, 4797, 8141, 7803, 7730, 4877, 5861, 7640, 5071, 8296, 5152, 4708, 6195, 5385, 6490, 9025, 7955, 7790, 7318, 6604, 4650, 7535, 9024, 6443, 8742, 8276, 5296, 7692, 6488, 5195, 6134, 7694, 4046, 3684, 3281, 2007, 1985, 2523, 4438, 1252, 4611, 2680, 3633, 4592, 4422, 128, 1859, 197, 4571, 124, 2986, 1313], [6808, 6546, 6835, 4926, 7930, 7776, 6668, 5658, 5862, 6663, 9128, 5721, 5082, 7807, 7430, 4891, 4796, 8490, 5494, 8445, 6421, 5368, 5731, 6312, 4894, 5471, 6720, 6856, 6800, 6658, 5548, 4715, 7095, 4811, 5404, 5554, 6714, 9227, 6771, 4994, 7122, 6544, 8101, 6983, 5321, 7615, 7925, 8816, 5608, 4815, 6570, 7623, 5417, 5957, 6226, 7026, 5591, 7659, 7420, 4949, 5114, 6583, 6220, 5239, 5104, 5262, 6132, 4669, 8158, 5093, 7599, 8148, 6145, 8680, 8120, 6233, 7265, 6736, 4978, 4999, 5147, 4998, 5375, 6683, 8056, 7737, 6445, 5504, 8317, 6612, 9127, 7102, 5430, 8829, 7634, 7629, 5571, 8287, 7945, 6980, 8329, 6671, 9088, 8496, 9133, 6422, 6175, 8616, 5438, 6873, 8629, 7788, 6369, 7772, 7667, 8010, 8472, 6648, 6741, 7584, 6395, 5864, 7796, 8692, 6682, 6243, 7644, 6066, 5688, 8483, 8608, 8776, 5495, 4869, 6150, 7964, 8224, 4421, 628, 1251, 525, 2868, 4394, 1845, 1302, 3330, 2065, 3664, 3519, 3869, 2266, 2641, 3796, 1688, 1422, 4047, 148, 869, 2867, 3450, 2750, 3236, 3096]]
Cpos, Cneg:  5.0 5.0
.............*
optimization finished, #iter = 13438
nu = 0.144114
obj = -3333.070898, rho = 0.298108
nSV = 8850, nBSV = 0
Weight vector
