10
=== Three UTR, k-mer  length: 5 ===

<SparseDataSet instance>
number of patterns: 9252

training ***********************************************************
Cpos, Cneg:  0.5 0.5
........*
optimization finished, #iter = 8152
nu = 0.830461
obj = -2322.422061, rho = 0.557681
nSV = 7992, nBSV = 3695
testing ***********************************************************
training ***********************************************************
Cpos, Cneg:  0.5 0.5
........*
optimization finished, #iter = 8166
nu = 0.830323
obj = -2320.342523, rho = 0.558217
nSV = 7986, nBSV = 3692
testing ***********************************************************
training ***********************************************************
Cpos, Cneg:  0.5 0.5
........*
optimization finished, #iter = 8177
nu = 0.832504
obj = -2325.399962, rho = 0.556440
nSV = 7994, nBSV = 3710
testing ***********************************************************
training ***********************************************************
Cpos, Cneg:  0.5 0.5
........*
optimization finished, #iter = 8169
nu = 0.831521
obj = -2324.404672, rho = 0.557563
nSV = 7973, nBSV = 3721
testing ***********************************************************
training ***********************************************************
Cpos, Cneg:  0.5 0.5
........*
optimization finished, #iter = 8152
nu = 0.833548
obj = -2329.773481, rho = 0.556518
nSV = 7993, nBSV = 3724
testing ***********************************************************
training ***********************************************************
Cpos, Cneg:  0.5 0.5
........*
optimization finished, #iter = 8189
nu = 0.832557
obj = -2329.498585, rho = 0.556958
nSV = 7988, nBSV = 3709
testing ***********************************************************
training ***********************************************************
Cpos, Cneg:  0.5 0.5
........*
optimization finished, #iter = 8200
nu = 0.829751
obj = -2321.381922, rho = 0.558996
nSV = 7985, nBSV = 3680
testing ***********************************************************
training ***********************************************************
Cpos, Cneg:  0.5 0.5
........*
optimization finished, #iter = 8133
nu = 0.832830
obj = -2330.068500, rho = 0.556812
nSV = 7987, nBSV = 3723
testing ***********************************************************
training ***********************************************************
Cpos, Cneg:  0.5 0.5
........*
optimization finished, #iter = 8150
nu = 0.831369
obj = -2322.939554, rho = 0.556872
nSV = 7978, nBSV = 3701
testing ***********************************************************
training ***********************************************************
Cpos, Cneg:  0.5 0.5
........*
optimization finished, #iter = 8126
nu = 0.832097
obj = -2325.610696, rho = 0.557212
nSV = 7976, nBSV = 3738
testing ***********************************************************
Success Rate:  0.836.
Balanced Success Rate:  0.836.
Sensitivity:  0.951.
PPV:  0.773.
ROC:  0.933.
Results Log: 
[trainingTime 13.32
numSV 7992
testingTime 0.43, trainingTime 13.3
numSV 7986
testingTime 0.43, trainingTime 13.28
numSV 7994
testingTime 0.43, trainingTime 13.28
numSV 7973
testingTime 0.43, trainingTime 13.28
numSV 7993
testingTime 0.43, trainingTime 13.28
numSV 7988
testingTime 0.43, trainingTime 13.27
numSV 7985
testingTime 0.43, trainingTime 13.26
numSV 7987
testingTime 0.42, trainingTime 13.26
numSV 7978
testingTime 0.43, trainingTime 13.27
numSV 7976
testingTime 0.44]
Predicted class length: 10, Given Class Length: 10
Incorrectly predicted labels: 
[[5071, 4978, 5963, 5114, 4964, 7638, 7993, 9221, 5824, 6038, 4983, 7038, 4939, 5504, 6390, 6317, 7586, 5244, 8254, 9039, 6366, 8158, 8452, 7339, 8630, 7934, 4650, 4921, 5358, 4878, 8852, 6627, 6547, 7458, 5731, 8146, 6385, 7627, 5852, 4701, 4653, 7859, 6104, 7986, 5101, 5542, 7728, 5854, 6292, 4981, 8314, 6578, 8694, 6407, 5753, 7710, 7223, 5087, 6798, 7049, 5032, 7271, 8901, 8187, 8523, 6699, 7506, 6114, 7788, 7143, 7283, 7448, 8993, 5706, 7524, 7733, 6078, 5383, 6683, 6998, 9197, 7659, 5543, 9230, 5805, 8751, 5757, 5430, 8014, 6326, 8496, 8604, 7300, 7446, 8380, 7806, 7036, 4994, 5319, 8110, 7774, 9126, 4709, 9066, 6421, 7660, 6041, 8498, 8447, 6834, 6669, 7257, 7615, 8725, 4979, 9189, 5622, 8113, 5513, 8980, 8441, 9156, 8916, 5280, 5206, 9132, 6033, 6150, 3519, 3382, 942, 4485, 3851, 3796, 3416, 1580, 1251, 1847, 1274, 4016, 1903, 1313, 3330, 4327, 3417, 1965, 1545, 4394, 1857], [7456, 5126, 5721, 9232, 8080, 6612, 7825, 5166, 7523, 8721, 7998, 6475, 7188, 8371, 6067, 7548, 7135, 6430, 7729, 8671, 7394, 8658, 7444, 6781, 7474, 5306, 5320, 8177, 6645, 7555, 6369, 7502, 6245, 8261, 8985, 5783, 7935, 8123, 5913, 7686, 5554, 7139, 5807, 8386, 4867, 6356, 7315, 6420, 5277, 8705, 7576, 5226, 5911, 6766, 9105, 6397, 6710, 8382, 8696, 5115, 7886, 7675, 7062, 5112, 8316, 5422, 7164, 9089, 7337, 6115, 7348, 8577, 7082, 8115, 8082, 8712, 5138, 6606, 6415, 5985, 8943, 5742, 8135, 7076, 8522, 8679, 5879, 5260, 8744, 5899, 9182, 7041, 8629, 4629, 8669, 7791, 4748, 4914, 8412, 7031, 6928, 9042, 7594, 5616, 8212, 8550, 8160, 4990, 5024, 9049, 8433, 4960, 7793, 6126, 8517, 8880, 7842, 6350, 5248, 8680, 8289, 5658, 4652, 4818, 6628, 7503, 4803, 6345, 5980, 6835, 8913, 1252, 4046, 2415, 4486, 3609, 1851, 3584, 3761, 4151, 2413, 4414, 1065, 4003, 4048, 3575, 2574, 1850, 2568, 1566, 2042, 2919, 3968, 1563], [5016, 6743, 6581, 8663, 5281, 5343, 8534, 5128, 9128, 6352, 7415, 9222, 5344, 8157, 8296, 7803, 7211, 7268, 5082, 5936, 6094, 8651, 5494, 6914, 5642, 8189, 6818, 6443, 4660, 8672, 8818, 7975, 5571, 8791, 4920, 9062, 7453, 7989, 7151, 7429, 4801, 7694, 8642, 8547, 6445, 8950, 6594, 6489, 6007, 6668, 7945, 6220, 6746, 5668, 7726, 6020, 8426, 5892, 5368, 8511, 6418, 8908, 5452, 8813, 4959, 5236, 9227, 8029, 5110, 8919, 5176, 7306, 8825, 8287, 8801, 4724, 6233, 6215, 8730, 7553, 9226, 5282, 4658, 4798, 5298, 6661, 6980, 6452, 8234, 7804, 7955, 5506, 7676, 7599, 4708, 6787, 4953, 5228, 5104, 6839, 7026, 8372, 9137, 8997, 7946, 8563, 6584, 8387, 5971, 5882, 7833, 5405, 7465, 6624, 6488, 7091, 6521, 6855, 4675, 7316, 9203, 5168, 8829, 7475, 4627, 7412, 6306, 8608, 8803, 8338, 7836, 7063, 7972, 5362, 1075, 2868, 4422, 128, 2470, 2537, 2844, 4611, 2412, 2067, 4220, 2066, 2037, 3418, 111, 500, 1852, 4502, 904, 3281], [4765, 7943, 6280, 6535, 6323, 5560, 4694, 6252, 4906, 7012, 8779, 7878, 8374, 6264, 7562, 8591, 7679, 6888, 7508, 8503, 7815, 5942, 7894, 5470, 5079, 7457, 6378, 6647, 8994, 4838, 6132, 4790, 7761, 5680, 7529, 7535, 4628, 7361, 6815, 5991, 7178, 6941, 6047, 7418, 7737, 7944, 6861, 7376, 8812, 7673, 8258, 8140, 4885, 5159, 8313, 8884, 4759, 8141, 9246, 6134, 6172, 8776, 5499, 8175, 7230, 7807, 6182, 7644, 8173, 5197, 8606, 5404, 6583, 6122, 5580, 7078, 6803, 8757, 4853, 7162, 4985, 7930, 7235, 6686, 5667, 7802, 6856, 5756, 8633, 9160, 5802, 7287, 8648, 7491, 6831, 5055, 9179, 6133, 6807, 5531, 8587, 6113, 4651, 5195, 6779, 8224, 5293, 7685, 8911, 8010, 6204, 6663, 5045, 8406, 7964, 8944, 5272, 6767, 4725, 4746, 6728, 5537, 6513, 7653, 8941, 6875, 5375, 4133, 2514, 3666, 2738, 713, 1692, 3724, 3410, 2266, 3684, 1338, 1688, 4417, 1917, 12, 1915, 4419, 3869, 1626, 3664, 1350], [8711, 6544, 9186, 7071, 8086, 9151, 7296, 6374, 6263, 4918, 7566, 7141, 6440, 6422, 8105, 9188, 7217, 8743, 9014, 9011, 8472, 9141, 5975, 8315, 8414, 9108, 7464, 5093, 6966, 6255, 4852, 5464, 5551, 9055, 5548, 5323, 7492, 7855, 7037, 8307, 6714, 8238, 6046, 8869, 8385, 6468, 7325, 5316, 5665, 4638, 8228, 9172, 5065, 8868, 7171, 5239, 7461, 6333, 6394, 7423, 5471, 6198, 9085, 4931, 6004, 6428, 8874, 8897, 8905, 6943, 6289, 5992, 6952, 4876, 5035, 8576, 6349, 8767, 8425, 7120, 5492, 6722, 6736, 4717, 6648, 5777, 6019, 6694, 7879, 6671, 6592, 5107, 8513, 8341, 8026, 8349, 9170, 8352, 8742, 8614, 6379, 8564, 8300, 7366, 7064, 8931, 9018, 5886, 5532, 6907, 9038, 8351, 7426, 8526, 5261, 5789, 5321, 4899, 9242, 6290, 7075, 4865, 3620, 3774, 1471, 1860, 1422, 2750, 1414, 2587, 2065, 1916, 4325, 3375, 870, 847, 749, 2305, 1985, 1625, 4402, 124, 4010, 3420, 1071, 525], [7240, 5148, 8836, 8872, 6846, 8593, 8817, 4859, 7667, 8841, 9187, 6027, 8202, 6193, 9088, 8549, 8279, 8379, 8416, 6949, 8689, 8188, 5573, 6072, 8668, 6037, 5725, 9205, 4849, 8567, 7925, 7408, 4682, 6164, 9129, 5245, 4893, 5709, 6487, 5370, 5697, 7042, 4815, 5191, 5800, 8186, 8988, 6800, 7756, 7956, 7980, 8210, 8645, 6974, 6570, 4729, 4948, 7331, 7245, 6502, 7390, 7662, 5937, 5046, 4646, 4999, 7932, 8896, 5988, 8280, 5355, 8686, 5330, 8274, 6066, 6773, 8058, 7649, 8120, 7952, 7385, 7107, 7557, 8750, 4877, 8475, 5302, 5376, 6395, 7816, 5039, 7198, 5432, 8797, 6840, 8299, 6401, 6881, 6460, 9086, 6250, 5997, 5634, 8631, 6400, 7174, 7725, 8283, 4894, 6030, 5826, 8795, 8959, 7206, 7347, 4811, 7578, 5787, 6983, 8251, 9025, 6480, 9061, 6756, 8017, 6801, 8953, 7310, 6380, 8800, 6175, 5146, 6482, 5296, 6937, 6405, 5894, 5414, 8009, 7196, 4922, 4693, 5174, 5152, 4416, 4047, 3419, 2062, 570, 4604, 429, 2523, 2007, 832, 929, 4221, 3865, 2817, 3127, 2760, 3237], [8490, 4723, 6234, 8376, 8486, 8445, 6181, 4936, 6137, 5608, 7309, 8456, 8276, 6485, 9007, 5921, 6267, 6786, 4813, 7027, 6596, 8243, 8548, 7232, 6212, 5478, 7090, 7420, 8739, 5410, 5002, 8821, 8144, 7692, 8956, 8065, 5491, 8713, 5663, 8809, 5760, 8652, 7857, 5241, 8532, 7901, 8909, 6248, 8388, 7897, 7889, 5086, 5387, 8339, 7097, 8881, 8816, 9150, 6958, 4663, 5487, 6511, 5053, 6321, 8154, 9058, 6707, 4854, 5688, 7183, 6450, 7360, 5106, 7095, 8912, 7422, 7696, 8709, 6741, 5685, 7790, 6582, 6711, 6173, 8007, 7918, 7839, 5157, 8459, 6778, 7191, 7860, 9168, 7220, 8265, 6228, 4669, 5455, 7796, 6444, 5406, 7243, 5947, 5841, 6283, 6882, 8862, 6100, 6638, 5031, 6477, 5637, 5205, 1641, 2063, 3096, 4606, 3694, 4438, 2641, 11, 3632, 4274, 889, 4421, 3545, 4587, 197, 4568, 3692, 3463, 4605, 555, 3021, 1835, 3130, 2444, 2570, 3236, 2586], [7336, 5646, 7039, 4831, 9193, 4641, 7305, 5308, 7940, 6682, 5224, 5864, 6997, 5941, 8461, 5930, 7212, 4797, 6208, 7674, 7681, 5145, 8478, 8074, 7060, 8558, 4642, 7025, 9091, 5540, 5469, 6331, 7812, 7776, 9236, 5713, 6359, 7634, 8156, 5569, 8324, 8942, 8245, 5080, 5562, 4710, 7929, 8277, 8001, 5811, 7672, 6548, 6690, 8383, 6062, 6793, 6698, 6520, 8097, 8264, 6954, 7769, 8328, 7849, 7584, 5256, 9083, 7018, 7765, 5423, 6889, 4998, 6771, 4816, 8363, 7690, 5976, 7700, 8794, 4769, 6239, 7619, 8096, 4679, 7414, 5635, 6808, 6720, 8293, 8536, 6406, 4713, 8317, 6723, 7507, 6901, 4634, 4804, 8673, 7872, 4900, 9001, 4891, 5529, 4702, 8192, 9016, 5147, 5957, 6451, 8404, 7757, 5468, 5165, 5643, 6070, 6170, 5449, 6903, 6495, 6222, 9075, 4632, 5523, 8248, 2680, 1672, 3450, 4045, 3649, 2866, 966, 457, 2471, 1704, 1630, 82, 3866, 1705, 2799, 719, 1271, 2000, 483, 3847], [8249, 7629, 7570, 5382, 5512, 8378, 5585, 9027, 5385, 6726, 7130, 7265, 6330, 5862, 6145, 6225, 6474, 9127, 7573, 4928, 4768, 7274, 6110, 5819, 8331, 5438, 6008, 6575, 7958, 6999, 7077, 7374, 6080, 7973, 5268, 4812, 6384, 4949, 7772, 8655, 8306, 8318, 8040, 6490, 5590, 7409, 7623, 5008, 7047, 8480, 5649, 8681, 6463, 5614, 6246, 7096, 7511, 8089, 8981, 7587, 6299, 8584, 5654, 5037, 6725, 5574, 6141, 6572, 6197, 4987, 6075, 7308, 6942, 5033, 5797, 7738, 9024, 8616, 8477, 6946, 5437, 6365, 7101, 5932, 9008, 4851, 6658, 8148, 5442, 5995, 6010, 4741, 8012, 5599, 7122, 6373, 6920, 8288, 6918, 8879, 6618, 7890, 7837, 8471, 7045, 7829, 6869, 8401, 6120, 7753, 8099, 7435, 5154, 6243, 7326, 5480, 6186, 8143, 9050, 8815, 7531, 5439, 5572, 6580, 8174, 6614, 5169, 8398, 6240, 8483, 5708, 6873, 7261, 4770, 5349, 5443, 8839, 4984, 7053, 6632, 5096, 1214, 3316, 2449, 1467, 4410, 4563, 501, 1558, 613, 1702, 628, 148, 3744, 4415, 1302, 4592, 2064, 1257, 4409, 1631, 4571, 3893, 874, 3413, 3218, 3931, 3514, 3473, 3898, 3600, 896], [5267, 9122, 5451, 9248, 6161, 5182, 7320, 8350, 5752, 6371, 8929, 5262, 7430, 5977, 8417, 7532, 6169, 6471, 7715, 4926, 5591, 8933, 7957, 7588, 4889, 6687, 5207, 9233, 6604, 6016, 4661, 7419, 7032, 5832, 6210, 4809, 8048, 8002, 8073, 7386, 6472, 6195, 7203, 5047, 7040, 8056, 8329, 7237, 8130, 4934, 8095, 7108, 5311, 6689, 5861, 5121, 6610, 7996, 8485, 5036, 7704, 5356, 8226, 6190, 5023, 6651, 7318, 6729, 6338, 7254, 5885, 4796, 4700, 6230, 7468, 5075, 6143, 4645, 6956, 5744, 5967, 5495, 7789, 8292, 5707, 6226, 9208, 9112, 8790, 5417, 6001, 9070, 8005, 4869, 8963, 7160, 7145, 5054, 6278, 6501, 8253, 7866, 6971, 8411, 5794, 7157, 7084, 5722, 8061, 6859, 5136, 8598, 5816, 6223, 5998, 5418, 6754, 8966, 6291, 8914, 6151, 7093, 8692, 4907, 8892, 5700, 4866, 8342, 2986, 1999, 3635, 821, 951, 2867, 3567, 2569, 3216, 2276, 1193, 2884, 309, 1845, 4555, 3633, 4306, 869, 534, 118, 4455, 803, 614, 23]]
Cpos, Cneg:  5.0 5.0
.............*
optimization finished, #iter = 13438
nu = 0.144114
obj = -3333.070898, rho = 0.298108
nSV = 8850, nBSV = 0
Weight vector
