10
=== Three UTR, k-mer  length: 5 ===

<SparseDataSet instance>
number of patterns: 16536

training ***********************************************************
Cpos, Cneg:  0.5 0.5
............*
optimization finished, #iter = 12956
nu = 0.828827
obj = -4232.052737, rho = 0.551478
nSV = 14155, nBSV = 7377
testing ***********************************************************
1000 patterns classified
training ***********************************************************
Cpos, Cneg:  0.5 0.5
............*
optimization finished, #iter = 12943
nu = 0.831295
obj = -4249.789286, rho = 0.550054
nSV = 14165, nBSV = 7441
testing ***********************************************************
1000 patterns classified
training ***********************************************************
Cpos, Cneg:  0.5 0.5
............*
optimization finished, #iter = 12984
nu = 0.830785
obj = -4249.244867, rho = 0.551015
nSV = 14164, nBSV = 7406
testing ***********************************************************
1000 patterns classified
training ***********************************************************
Cpos, Cneg:  0.5 0.5
............*
optimization finished, #iter = 12761
nu = 0.826685
obj = -4228.583534, rho = 0.554569
nSV = 14145, nBSV = 7370
testing ***********************************************************
1000 patterns classified
training ***********************************************************
Cpos, Cneg:  0.5 0.5
............*
optimization finished, #iter = 12910
nu = 0.828158
obj = -4237.296961, rho = 0.552671
nSV = 14162, nBSV = 7395
testing ***********************************************************
1000 patterns classified
training ***********************************************************
Cpos, Cneg:  0.5 0.5
............*
optimization finished, #iter = 12832
nu = 0.828936
obj = -4238.447730, rho = 0.552690
nSV = 14144, nBSV = 7416
testing ***********************************************************
1000 patterns classified
training ***********************************************************
Cpos, Cneg:  0.5 0.5
............*
optimization finished, #iter = 12871
nu = 0.828506
obj = -4235.070325, rho = 0.552623
nSV = 14142, nBSV = 7381
testing ***********************************************************
1000 patterns classified
training ***********************************************************
Cpos, Cneg:  0.5 0.5
............*
optimization finished, #iter = 12898
nu = 0.827908
obj = -4230.804779, rho = 0.552956
nSV = 14155, nBSV = 7356
testing ***********************************************************
1000 patterns classified
training ***********************************************************
Cpos, Cneg:  0.5 0.5
............*
optimization finished, #iter = 12862
nu = 0.829721
obj = -4245.731234, rho = 0.552071
nSV = 14152, nBSV = 7419
testing ***********************************************************
1000 patterns classified
training ***********************************************************
Cpos, Cneg:  0.5 0.5
............*
optimization finished, #iter = 12936
nu = 0.830220
obj = -4244.299934, rho = 0.552537
nSV = 14150, nBSV = 7407
testing ***********************************************************
1000 patterns classified
Success Rate:  0.784.
Balanced Success Rate:  0.784.
Sensitivity:  0.961.
PPV:  0.710.
ROC:  0.901.
Results Log: 
[trainingTime 115.25
numSV 14155
testingTime 1.43, trainingTime 113.59
numSV 14165
testingTime 1.25, trainingTime 113.75
numSV 14164
testingTime 1.32, trainingTime 113.83
numSV 14145
testingTime 1.33, trainingTime 114.17
numSV 14162
testingTime 1.23, trainingTime 111.9
numSV 14144
testingTime 1.23, trainingTime 113.91
numSV 14142
testingTime 1.24, trainingTime 113.09
numSV 14155
testingTime 1.22, trainingTime 111.75
numSV 14152
testingTime 1.22, trainingTime 111.71
numSV 14150
testingTime 1.27]
Predicted class length: 10, Given Class Length: 10
Incorrectly predicted labels: 
[[12566, 13040, 14124, 10526, 11867, 9237, 8917, 12690, 13898, 12080, 14099, 11498, 10151, 13523, 13039, 11172, 8527, 8865, 15870, 14602, 15647, 13953, 9124, 15955, 15957, 12716, 15532, 14832, 13220, 12169, 13827, 8960, 10019, 8390, 8855, 8952, 9386, 12972, 14472, 10874, 10041, 8522, 10179, 13662, 15612, 8697, 9274, 8600, 11863, 12664, 10176, 10783, 12283, 9689, 10840, 14006, 15851, 15590, 13583, 12109, 12565, 12512, 12202, 8774, 12173, 13496, 16227, 11538, 11624, 10975, 9140, 10731, 13902, 15046, 14956, 15666, 11583, 15428, 11400, 11450, 9654, 11662, 14070, 13116, 8692, 8270, 11048, 8653, 14490, 11848, 14846, 10323, 9320, 16192, 13867, 11022, 12491, 14311, 15709, 11083, 12147, 13205, 8806, 13009, 9342, 11501, 10865, 8640, 12447, 14362, 14645, 15577, 12043, 13429, 12969, 13617, 14957, 14258, 10772, 8521, 13728, 8861, 15688, 11509, 8675, 15299, 11999, 8881, 12753, 14710, 8559, 12466, 16295, 10026, 8742, 15926, 16063, 13860, 12178, 16473, 8672, 11884, 11742, 9578, 12349, 8443, 10638, 10439, 14275, 15293, 16417, 14441, 16510, 12900, 10009, 9455, 11871, 8562, 13878, 11377, 15379, 9559, 15658, 8328, 10498, 13689, 10871, 15717, 14061, 15288, 11581, 9683, 15663, 10814, 14719, 12762, 9142, 12123, 8485, 9233, 11329, 12122, 14309, 8379, 13911, 9634, 13866, 12339, 15239, 16410, 9914, 15060, 15627, 13657, 15009, 15412, 9872, 13145, 9304, 10374, 15049, 14380, 15558, 10315, 13264, 14674, 14337, 13454, 10710, 9005, 9977, 9017, 13941, 13992, 10227, 14610, 13636, 9819, 14223, 14918, 13547, 9640, 8458, 13907, 10453, 11004, 14790, 13966, 12992, 15144, 15441, 14185, 10504, 8945, 8728, 12867, 15882, 13288, 11746, 11591, 8420, 16237, 11173, 13888, 13706, 14463, 15850, 11631, 16373, 16005, 11850, 13916, 16278, 9074, 9350, 13442, 10798, 11550, 14933, 10021, 9572, 10285, 15868, 9931, 15402, 8817, 15947, 8503, 9220, 10818, 8680, 9788, 12244, 15310, 11145, 9650, 11308, 14329, 16018, 14913, 15667, 9406, 14366, 12752, 14198, 15743, 15305, 10371, 11935, 15696, 14500, 9247, 8572, 15088, 13146, 15224, 12951, 14525, 10606, 10111, 16396, 9163, 12788, 9278, 10029, 9143, 15438, 11594, 10930, 11485, 13023, 15485, 9068, 8909, 9811, 10270, 13002, 8969, 12368, 14963, 12949, 14819, 15123, 12886, 8269, 11663, 11793, 9893, 12100, 14212, 10451, 12997, 9463, 16463, 15170, 9097, 15915, 11270, 8547, 9535, 9812, 9614, 14139, 15181, 16489, 15227, 11858, 13231, 15584, 13492, 10966, 7308, 2992, 8234, 1763, 7059, 3100, 345, 7306, 7055, 2035, 2703, 6860, 2531, 2025, 7573, 3146, 4916, 3443, 4531, 4571, 6057, 6112, 3, 3529, 2005, 5684, 4270, 3447, 268, 5109, 7511, 4212, 3613], [15787, 8990, 13629, 11982, 13317, 15919, 12249, 10771, 9768, 14496, 11473, 10304, 12434, 8970, 14427, 14854, 9365, 13315, 8609, 15573, 9358, 14504, 14965, 16448, 13974, 15143, 15332, 14775, 14958, 10925, 10414, 12722, 16168, 12136, 10000, 14813, 8633, 12523, 10267, 10206, 9773, 15942, 14837, 14599, 12702, 12315, 15976, 15340, 13091, 10499, 12013, 10803, 9183, 9822, 12160, 8440, 10582, 9413, 14310, 8931, 11385, 11589, 10172, 11775, 13275, 9471, 11152, 15427, 11600, 8524, 15458, 15517, 10787, 12317, 10655, 15056, 13241, 13922, 15700, 14316, 16014, 14527, 13086, 11901, 9734, 9117, 9896, 12964, 10593, 8871, 10947, 9743, 12850, 14057, 9744, 8422, 13559, 16516, 10222, 10112, 12271, 13668, 9228, 15780, 14342, 15376, 13643, 12835, 8992, 16123, 13276, 10785, 16421, 12739, 8674, 13708, 9657, 16514, 14487, 15150, 15459, 10642, 16472, 9200, 8606, 11352, 15242, 8957, 9889, 11070, 14592, 16146, 14999, 13384, 15072, 10661, 10740, 16367, 16217, 8759, 9514, 10562, 12700, 8532, 12052, 15754, 10709, 11054, 10556, 11393, 9349, 11313, 8813, 12694, 11767, 11703, 12008, 15178, 8333, 10377, 16066, 12942, 9487, 13325, 16389, 10611, 11284, 8647, 8462, 8691, 13909, 10953, 13967, 9218, 13998, 13170, 14934, 14040, 8574, 12957, 11150, 14286, 13973, 8579, 11873, 8347, 15404, 16184, 8553, 13590, 10128, 10158, 15965, 15455, 13828, 16413, 16481, 10964, 9783, 9792, 10792, 13488, 8961, 9589, 9860, 12984, 15209, 10577, 15100, 15133, 11052, 8886, 14884, 13346, 15633, 11536, 9393, 13291, 13396, 8641, 11985, 8508, 16043, 15740, 14238, 13868, 9789, 9383, 13159, 13575, 11007, 10331, 10581, 13664, 15875, 10228, 9636, 12660, 13612, 15671, 10902, 11603, 10306, 12191, 9607, 12049, 16136, 16517, 11258, 9748, 12603, 12337, 12544, 8429, 10316, 8282, 16511, 15280, 13401, 9440, 12215, 10138, 10980, 14087, 14960, 9717, 13294, 11653, 14137, 13524, 14839, 16302, 9769, 9153, 16266, 12016, 14444, 11241, 12232, 12595, 10080, 9209, 15508, 11761, 10634, 13448, 16281, 11222, 8639, 11905, 12754, 10208, 11046, 8500, 15759, 11992, 8895, 10268, 11712, 13453, 13084, 10633, 10381, 9823, 9258, 12947, 12875, 8454, 13028, 13510, 11253, 15710, 16440, 10703, 9737, 4099, 8128, 6772, 7242, 3665, 5314, 6091, 8144, 1257, 7156, 4512, 1702, 4489, 4972, 5222, 4143, 4255, 1648, 7540, 3760, 8058, 2737, 5487, 3770, 4125, 4516, 1962, 6229, 1091, 5679, 1373, 5267, 677], [8563, 12441, 12099, 15158, 15213, 15774, 8717, 13854, 14584, 12267, 11183, 13945, 14091, 8364, 9631, 11718, 8984, 14403, 14386, 10357, 8274, 13135, 13564, 8834, 14703, 13176, 8768, 16011, 12874, 13724, 9738, 13417, 11668, 9466, 11693, 11811, 10171, 9549, 11745, 9162, 8711, 10061, 15357, 14384, 8913, 9104, 11636, 9011, 13171, 10376, 13414, 16100, 9105, 13456, 12858, 13674, 11807, 8418, 12396, 10342, 11221, 13727, 11288, 11197, 14242, 9699, 10914, 13280, 9377, 9964, 8570, 12930, 8972, 8470, 9495, 12319, 13970, 11320, 9679, 13705, 16471, 11200, 8367, 16181, 9335, 11132, 13265, 16228, 10976, 10505, 11246, 10081, 11534, 11723, 11322, 11831, 14475, 9571, 8994, 14600, 12053, 8854, 11240, 10313, 8667, 11137, 11763, 10692, 12938, 10920, 9796, 16087, 13856, 13995, 9226, 14321, 8339, 11717, 12096, 10605, 13845, 8795, 9469, 8872, 15259, 8610, 15909, 10388, 9519, 10847, 14728, 16240, 10480, 10675, 13864, 14959, 15691, 15810, 14333, 14546, 11806, 14480, 16116, 12260, 12827, 11513, 15457, 11698, 11738, 16198, 9961, 13365, 13514, 8735, 9857, 11345, 8659, 10728, 12586, 16225, 8424, 10365, 9627, 8384, 11916, 15529, 8657, 15163, 11252, 9745, 16197, 15125, 10867, 13942, 8643, 16126, 9240, 12864, 9536, 8427, 13125, 12359, 13432, 8374, 13322, 15848, 12577, 11856, 9992, 11555, 11316, 10234, 8332, 9036, 13633, 16035, 11456, 8889, 14423, 9081, 8755, 9486, 12525, 12429, 12990, 9626, 10559, 11649, 13958, 10825, 9599, 12138, 13232, 9309, 12394, 11262, 12184, 10181, 10210, 12338, 12770, 14816, 14232, 9829, 16285, 13756, 11268, 8822, 15015, 8393, 11269, 13282, 11942, 15892, 11405, 10564, 9300, 11134, 11247, 14988, 12190, 8310, 16189, 15389, 10126, 12898, 15405, 14050, 12150, 13507, 15012, 15399, 14799, 14571, 12815, 11704, 8815, 10952, 12204, 11558, 10956, 9156, 10849, 15414, 11505, 9175, 9027, 11690, 11937, 15664, 14153, 12450, 11406, 8929, 11608, 12633, 15117, 13477, 10404, 14102, 8760, 11760, 14714, 10230, 15077, 10831, 16310, 8468, 13935, 11454, 15816, 15885, 9671, 10033, 11573, 13842, 12764, 9419, 13363, 11963, 14745, 9531, 12843, 11019, 10983, 12490, 15561, 9909, 13676, 8248, 7024, 2143, 1499, 2839, 4355, 57, 6508, 5708, 6402, 5208, 5330, 6211, 3048, 7105, 5494, 2169, 5268, 5015, 7690, 1951, 4894, 6055, 1578, 387, 3504], [14644, 9522, 10843, 12556, 10969, 11090, 15797, 9843, 14806, 12918, 11001, 12025, 11411, 9248, 11373, 11304, 8311, 12054, 15801, 8290, 11627, 11056, 13221, 9523, 13955, 12243, 8298, 11694, 13427, 9364, 12626, 16145, 10203, 16182, 9912, 9102, 10836, 9172, 9899, 11785, 10516, 15126, 16475, 9983, 11812, 10401, 9121, 13777, 11115, 14464, 15849, 14977, 12210, 8466, 9855, 15745, 15729, 8451, 9337, 13758, 10472, 12981, 12504, 8765, 16096, 15286, 9648, 12590, 9659, 15179, 13550, 9319, 11490, 11953, 15364, 8944, 11342, 9044, 8593, 12329, 11842, 13971, 12320, 10383, 13183, 10748, 8494, 13798, 14315, 14740, 9293, 8366, 15861, 14012, 8284, 12599, 11527, 9019, 9341, 11499, 14907, 10347, 16412, 12807, 9540, 12220, 12561, 16375, 16392, 11372, 16303, 12605, 10289, 12892, 9021, 11008, 13435, 11053, 13573, 12364, 9787, 12091, 11201, 15058, 11248, 13117, 10394, 12399, 8756, 14159, 14763, 11672, 14742, 9000, 14669, 13418, 15279, 9427, 15512, 13527, 12265, 13081, 10237, 9071, 12115, 10157, 12074, 13931, 9624, 9765, 10579, 11330, 10684, 15560, 8687, 13037, 8277, 12701, 14272, 8275, 9641, 11146, 11675, 12698, 11339, 16452, 9062, 10221, 11298, 15421, 10410, 12083, 9849, 12906, 8792, 8776, 14862, 13586, 14593, 9810, 8293, 13069, 9870, 15120, 11431, 15615, 9485, 16097, 11476, 10494, 15631, 14552, 16084, 9347, 11800, 13499, 9504, 9757, 11109, 8890, 12001, 9563, 12151, 9369, 15765, 15153, 15090, 14815, 12604, 10015, 13481, 9311, 8525, 8751, 12529, 14302, 14870, 10447, 10239, 13932, 9838, 12953, 12420, 14118, 13255, 15634, 14538, 8361, 11789, 10252, 11896, 15608, 15400, 11680, 11994, 10922, 12161, 11855, 11346, 12095, 10552, 10142, 13163, 13663, 14521, 9676, 13863, 9070, 15913, 15073, 10023, 10558, 10979, 10424, 11840, 9073, 15004, 11225, 10608, 10202, 9490, 16350, 15695, 15997, 11552, 14322, 14951, 14748, 13214, 12416, 10448, 15953, 9353, 10443, 8341, 9185, 8731, 9862, 8685, 12205, 11688, 8745, 9061, 12936, 14911, 14812, 15101, 13994, 11000, 13744, 16195, 10140, 12574, 10375, 9391, 13699, 8336, 8683, 13831, 15091, 10760, 14984, 12274, 10965, 13615, 13360, 11544, 5113, 2764, 2029, 4721, 5544, 2195, 3546, 993, 1934, 3260, 5918, 5489, 4071, 2689, 2338, 5607, 2745, 7062, 8061, 7658, 3552, 4856, 4167, 5709, 8213, 3343, 4980, 4835, 3069, 7061, 4546, 4707, 5704], [8964, 12223, 10987, 10013, 10926, 10838, 14969, 9254, 14704, 10870, 16277, 9412, 8911, 10985, 10660, 8761, 15623, 14777, 9467, 12278, 14084, 13795, 13378, 8812, 15670, 10641, 13394, 10389, 10913, 14283, 13875, 11619, 15978, 9302, 9724, 12282, 12742, 14221, 10186, 16388, 9772, 14590, 9014, 12488, 13445, 9157, 14850, 10359, 11857, 11211, 11699, 15013, 9714, 10297, 11462, 9900, 11446, 10201, 15572, 12801, 13669, 13279, 11714, 9366, 13658, 13635, 13517, 15419, 12813, 14979, 10263, 11021, 8450, 15567, 10123, 12370, 13534, 12714, 14702, 14660, 8528, 9945, 11477, 15770, 14758, 10008, 16051, 15860, 12292, 9543, 9110, 8800, 10931, 9545, 16532, 11687, 9250, 10086, 13113, 11646, 14787, 11677, 13103, 11918, 14872, 10159, 15296, 16322, 11508, 8746, 16085, 10262, 14186, 15298, 15202, 14619, 12824, 12688, 14970, 9969, 15701, 14379, 11032, 8770, 14698, 12528, 14250, 9844, 15537, 9832, 10074, 14615, 9802, 9123, 9028, 11670, 15342, 13148, 13684, 9456, 16041, 10169, 10147, 9928, 8900, 15113, 13172, 8665, 10344, 16372, 9998, 14707, 15964, 12707, 12733, 15598, 14944, 14385, 12406, 11864, 8951, 14786, 9038, 12087, 9555, 13482, 15533, 16339, 11697, 13772, 16406, 12726, 15185, 12520, 14169, 14974, 14038, 15767, 11356, 15620, 14732, 8808, 15546, 14589, 14720, 8496, 10325, 11862, 9694, 15019, 13848, 13650, 11952, 15963, 15162, 16185, 9980, 11218, 16180, 10296, 12398, 11525, 10121, 10254, 12670, 10324, 16333, 9417, 8782, 9786, 13576, 11512, 14448, 12152, 16311, 10068, 8287, 11430, 13271, 9232, 8693, 13254, 12797, 14420, 12600, 10437, 12458, 12993, 10717, 9962, 8597, 13321, 16382, 16102, 13372, 9222, 14455, 8750, 10308, 13470, 14730, 11934, 13178, 15600, 14009, 9314, 14632, 11331, 9457, 12883, 11795, 15862, 12391, 9691, 11434, 14713, 9478, 15685, 12607, 9933, 10392, 11658, 13004, 9174, 13061, 10889, 16158, 10216, 13466, 9050, 15682, 9981, 11131, 11151, 8936, 14904, 8405, 9758, 9721, 9652, 8431, 12489, 10589, 10850, 15313, 10537, 12286, 15725, 15602, 12412, 16200, 13362, 11066, 13361, 12554, 14435, 11205, 14580, 10242, 11843, 10612, 15599, 10274, 16250, 14860, 8978, 15045, 15542, 9343, 10575, 16243, 15349, 9286, 15865, 11929, 10149, 12572, 16105, 9030, 12472, 15394, 13169, 3065, 143, 4142, 3204, 4608, 7115, 8057, 8229, 1690, 3605, 7052, 6923, 3328, 7187, 3496, 339, 7060, 3654, 7688, 4974, 5706, 6228, 4176, 3035, 2009, 8063, 7508, 6054, 4899, 4584, 4992], [12580, 14120, 11618, 13769, 10450, 10790, 9015, 16167, 11230, 9706, 10132, 14792, 9201, 13530, 9224, 11217, 8921, 9098, 14624, 13410, 9505, 10512, 15448, 9705, 10727, 15698, 8859, 14331, 12390, 11593, 11013, 8617, 11734, 11909, 13501, 8946, 12380, 16129, 15814, 15283, 8758, 13755, 13804, 12775, 10238, 9144, 9608, 10886, 8370, 15625, 11198, 12248, 12516, 8582, 9781, 14145, 9079, 10398, 10699, 11922, 12729, 8885, 11684, 11588, 15636, 13702, 9764, 14204, 11578, 12845, 9092, 9835, 13465, 13260, 8864, 12952, 8603, 15580, 8844, 11452, 14065, 15576, 9590, 15970, 8307, 14414, 16074, 11925, 9006, 11443, 10628, 10767, 14013, 14172, 15074, 8604, 10100, 9655, 10737, 14700, 16346, 9392, 10770, 16345, 16309, 8480, 15241, 12783, 11382, 8565, 14446, 11689, 15087, 14650, 9179, 15817, 13479, 8529, 15890, 9976, 15708, 12755, 9902, 13947, 10260, 12019, 9405, 12569, 13622, 12438, 8413, 9910, 12430, 13303, 11263, 16416, 15888, 16003, 8469, 14348, 14752, 9616, 10706, 12307, 10683, 10602, 14166, 8712, 15094, 11127, 10626, 15392, 9827, 15407, 15292, 10548, 15319, 8896, 15219, 11396, 15769, 12508, 15755, 9839, 9344, 9521, 13785, 9136, 14537, 13399, 8377, 8566, 13342, 13912, 12212, 10425, 11877, 14004, 11334, 10006, 8932, 15141, 11015, 11819, 9150, 10309, 11936, 14609, 15294, 13273, 15325, 13138, 9132, 16425, 9716, 8482, 13089, 9306, 16530, 10500, 11940, 12808, 10265, 13858, 13285, 12133, 16099, 11839, 10885, 11891, 15476, 11260, 15613, 10887, 11223, 9352, 10941, 13607, 16125, 14361, 11101, 14943, 15109, 11208, 15914, 14696, 10317, 10427, 13614, 15782, 15900, 16113, 11993, 15248, 9055, 13421, 8504, 8583, 13952, 13913, 10002, 10545, 12706, 14670, 8787, 10513, 9217, 16152, 10444, 11601, 13759, 16093, 13459, 15317, 14623, 14462, 9828, 15832, 13300, 10809, 8995, 12628, 11641, 11484, 13193, 9395, 11524, 15236, 9767, 13634, 11650, 9798, 12262, 10515, 9692, 14375, 9573, 10540, 15672, 13574, 13766, 9310, 13832, 8894, 15430, 10888, 9085, 11360, 12218, 13281, 11199, 11866, 15807, 10714, 13655, 14501, 8702, 11563, 13876, 9508, 10259, 15543, 9285, 9482, 12102, 11035, 8654, 15425, 10735, 8901, 13690, 16354, 9995, 16009, 11390, 13212, 14425, 10441, 10670, 11469, 11278, 15761, 13734, 16370, 15952, 10434, 15496, 10929, 16112, 10696, 11582, 10897, 11865, 8649, 9930, 15847, 11491, 2386, 7438, 1993, 4474, 7689, 4511, 7326, 2263, 7507, 8080, 6509, 3187, 1791, 3790, 8052, 115, 5344, 5947, 5334, 2028, 5272, 2786, 6878, 4445, 3086, 7916, 7652, 3630, 5705, 1368, 3592, 5559, 6392, 1425, 2965, 3037], [14513, 13653, 11947, 11493, 13610, 8401, 12926, 14377, 10034, 14165, 10936, 8596, 14130, 16234, 10586, 11139, 14222, 9878, 14693, 16038, 9850, 14883, 11861, 10715, 14482, 10382, 15545, 10412, 11794, 12009, 13006, 13247, 9949, 11418, 13330, 13596, 9422, 8651, 12233, 11535, 15228, 8402, 16487, 14202, 15597, 13880, 10305, 10067, 10707, 10059, 16477, 9126, 16213, 14994, 8273, 10894, 11709, 8376, 15764, 10813, 15358, 12452, 14795, 12082, 12821, 14077, 12479, 10506, 8686, 10528, 14541, 10617, 8321, 9056, 10456, 16289, 11959, 8739, 8372, 16078, 11784, 15917, 13976, 11312, 13272, 9742, 9378, 11171, 11028, 8587, 10098, 9619, 11378, 14976, 10647, 8965, 11392, 12776, 13198, 12363, 9966, 12081, 8315, 15156, 11264, 12088, 12921, 9682, 10025, 9944, 10625, 14143, 10020, 9480, 15932, 16434, 11944, 10879, 16443, 9216, 15995, 12736, 9127, 9421, 11024, 8747, 14101, 13495, 10175, 12371, 12321, 15139, 10658, 10492, 15571, 10509, 8904, 12431, 16101, 15563, 8688, 12855, 13036, 14346, 14082, 11610, 8701, 10018, 10644, 9728, 13562, 10970, 10249, 10960, 14903, 10621, 15527, 12667, 12919, 14193, 8389, 12481, 15564, 13685, 14922, 13894, 10110, 11317, 10622, 14516, 11585, 11859, 9308, 9439, 12853, 11754, 14519, 12443, 14123, 11384, 12135, 11440, 15432, 8303, 10089, 11628, 8740, 10428, 9052, 12449, 13747, 14085, 11526, 15693, 13529, 11362, 9698, 13695, 10816, 8300, 8823, 8648, 14725, 9815, 11033, 15444, 11347, 11285, 9447, 10361, 14699, 14980, 8923, 8839, 13637, 9184, 13862, 9187, 15240, 14514, 14230, 14495, 16300, 8887, 10815, 9847, 14368, 9606, 16015, 11470, 10266, 13605, 8716, 14191, 11986, 15145, 14631, 11069, 9630, 8317, 14081, 12779, 13761, 10003, 8411, 13108, 10214, 13773, 11574, 14878, 9165, 13356, 12032, 10517, 12737, 15173, 8358, 8615, 8533, 14079, 9202, 8616, 9569, 11802, 8395, 8569, 16290, 9084, 9952, 16435, 8545, 13908, 11634, 10358, 12627, 16057, 14871, 16075, 8464, 10855, 13712, 10012, 12669, 12308, 13311, 12436, 11732, 14586, 15037, 10001, 9354, 15993, 8325, 11399, 13364, 12748, 10192, 11571, 8419, 15929, 16334, 13041, 15897, 10430, 10051, 15424, 11902, 12162, 8283, 12097, 8874, 12143, 14776, 13679, 9443, 16444, 15471, 14360, 15601, 13548, 11615, 9215, 11291, 12093, 13729, 12834, 10168, 12721, 12681, 10671, 9001, 10145, 14565, 10734, 11276, 15486, 13991, 11715, 9114, 9345, 11113, 14773, 8866, 11094, 10627, 8404, 13506, 15257, 14573, 14868, 14808, 6486, 7967, 6628, 7862, 4256, 3202, 6762, 7336, 4743, 2819, 6283, 7969, 5493, 8205, 8059, 5502, 2558, 4538, 2502, 3388, 3608, 7017, 2999, 545, 3367, 3839, 7403, 7217, 5372, 7948, 5707, 6322, 8247, 5501, 7161], [10161, 14115, 11623, 13225, 12832, 10819, 10588, 12564, 15410, 16109, 13398, 13649, 15053, 10781, 11639, 10629, 12767, 14555, 13141, 11287, 16454, 12198, 16505, 11911, 9099, 16196, 14899, 8457, 10503, 11778, 9192, 12076, 10720, 16492, 10561, 9483, 10200, 14791, 9173, 13406, 15059, 15833, 9500, 16120, 16034, 15891, 10587, 13779, 11669, 15021, 13805, 11758, 13735, 8324, 13423, 15216, 8551, 9924, 10218, 8619, 9538, 11297, 12510, 12856, 9459, 16470, 16520, 9426, 9145, 12771, 10968, 11801, 15518, 15549, 8296, 10546, 8906, 11228, 8319, 14021, 15261, 14885, 15380, 15080, 16079, 13464, 8463, 11158, 11727, 10942, 8331, 9425, 11809, 15905, 10657, 14924, 15096, 10555, 14020, 8589, 10736, 14549, 11749, 8441, 10687, 10493, 9892, 11290, 11725, 9195, 8988, 10844, 15365, 8754, 11853, 9376, 10225, 11597, 11548, 9113, 9747, 8914, 15461, 16164, 9106, 11817, 16359, 8271, 13730, 9271, 12188, 12209, 13191, 9312, 11324, 10052, 10502, 16027, 8624, 10090, 8875, 15171, 16269, 12639, 12422, 9544, 12085, 10583, 15373, 15804, 8985, 13774, 11121, 10204, 11921, 11781, 14071, 12796, 16535, 8642, 15039, 11913, 8516, 12149, 9331, 15022, 15289, 11424, 9963, 11622, 8922, 15934, 16296, 13518, 8955, 12844, 10319, 14503, 8918, 8989, 16226, 15017, 14255, 9277, 8486, 14620, 12106, 15273, 11428, 11058, 8736, 14942, 14344, 15898, 15756, 14545, 12552, 15969, 12377, 14324, 14807, 10405, 12857, 10688, 14281, 13015, 11876, 12331, 11885, 13691, 9336, 15029, 10477, 9795, 14355, 13402, 8352, 16110, 15189, 12659, 9326, 11366, 11882, 10993, 11415, 14691, 15370, 15535, 10011, 13458, 12946, 10880, 15669, 15690, 14517, 9509, 14683, 10876, 11487, 8935, 11500, 14119, 14737, 15472, 10307, 13567, 10148, 11170, 9948, 9474, 16179, 16466, 8348, 9468, 14692, 13940, 16264, 10597, 12933, 9253, 9771, 12532, 11685, 15295, 9497, 12540, 16272, 15818, 8696, 9493, 11459, 11325, 15686, 15982, 10538, 11926, 14785, 13005, 12869, 15473, 15118, 9170, 11978, 12268, 14187, 15977, 8436, 13110, 8897, 15324, 11192, 13354, 13226, 13819, 9920, 16326, 9856, 15939, 10573, 11435, 11177, 14928, 10668, 8873, 10648, 10178, 14267, 15460, 11977, 14051, 14296, 9793, 14173, 15622, 9109, 10833, 11815, 16342, 9749, 13073, 14227, 16156, 8630, 10802, 15624, 16254, 9004, 8289, 13678, 16023, 10554, 9905, 10530, 2120, 2443, 4893, 8253, 8051, 7226, 5627, 3724, 6663, 3445, 3477, 2686, 7209, 7058, 5283, 7092, 4361, 511, 2734, 5205, 1757, 2907, 7645, 2273, 8127, 5346], [10664, 12678, 10862, 8832, 10599, 8836, 15973, 10255, 10311, 11051, 10574, 14140, 16274, 14841, 10131, 14680, 9668, 13251, 9177, 14233, 9196, 9633, 9524, 15903, 12405, 8773, 9180, 13593, 8821, 14946, 8626, 14027, 13166, 13865, 11570, 13890, 10733, 8863, 11595, 14325, 12551, 9434, 13269, 15605, 10817, 13681, 8510, 14133, 11497, 12137, 15736, 11590, 14347, 10241, 9558, 9291, 16060, 13067, 9784, 12385, 11144, 10134, 8799, 13516, 14320, 16298, 12269, 13640, 11516, 12778, 11412, 11787, 11640, 10429, 11281, 11104, 9934, 9346, 16153, 11621, 13022, 11518, 15660, 15956, 11614, 8870, 14030, 14604, 14326, 15989, 9577, 9898, 9993, 8584, 13494, 8777, 16301, 12789, 13601, 14007, 11220, 11376, 12126, 15626, 16193, 9221, 11912, 9190, 10442, 10070, 13874, 10521, 9054, 15936, 9494, 9436, 12183, 8434, 16026, 11338, 11482, 12642, 9725, 13425, 10188, 12723, 11950, 8502, 16433, 10198, 9374, 10423, 11966, 15282, 13259, 8550, 15086, 14642, 10402, 11063, 15174, 11479, 10449, 13978, 8796, 12816, 9002, 8804, 11305, 9684, 13771, 12131, 16086, 14759, 13504, 13797, 8646, 15980, 9301, 10378, 8383, 9147, 8803, 10435, 10039, 11363, 10673, 9396, 9048, 12323, 10166, 13186, 13351, 14392, 9470, 9359, 10438, 12790, 12592, 13261, 15635, 13359, 14406, 9515, 13847, 10048, 15591, 14735, 8592, 16255, 10725, 8536, 12312, 15538, 8903, 11569, 12453, 16411, 8789, 15762, 16506, 11673, 9658, 14622, 13509, 14391, 15510, 9206, 10087, 9612, 16081, 9913, 15383, 9690, 13350, 10194, 9551, 11181, 10916, 9289, 10310, 14092, 9618, 11386, 11232, 9873, 11854, 13752, 13094, 15214, 9881, 9441, 9635, 15662, 13388, 8577, 13314, 12177, 14063, 14282, 11890, 10565, 16028, 13532, 15285, 12781, 12475, 12640, 11648, 9103, 14749, 10940, 10900, 9414, 8476, 8991, 13100, 10761, 10743, 13736, 15842, 9637, 11042, 15935, 13551, 8493, 10560, 16526, 15381, 13536, 15583, 10372, 15806, 15075, 8515, 15230, 10693, 9402, 9854, 10164, 11036, 12689, 12652, 11178, 9667, 14419, 12614, 13474, 9739, 12671, 11997, 11065, 12237, 8720, 15820, 10827, 10419, 13457, 13982, 9244, 10355, 15470, 16265, 10433, 16247, 13983, 14706, 10108, 12826, 11045, 10246, 13810, 10384, 12727, 14766, 14404, 10695, 9775, 8933, 10841, 12153, 3044, 5056, 8210, 2319, 6972, 1833, 6210, 2723, 6879, 1048, 5200, 6441, 7775, 3235, 441, 3185, 6380, 8064, 2693, 4713, 7793, 7262, 7416, 3402, 2491, 4593, 2536, 2350, 6769, 5499, 3753, 3582, 1739, 678, 3951, 2891, 3178, 1560, 8246], [10527, 14381, 13397, 9394, 15277, 9235, 10195, 11074, 9408, 10935, 16369, 10544, 11930, 14678, 12330, 11422, 11730, 9958, 15522, 16323, 11207, 10475, 10455, 12625, 9279, 11537, 12413, 15041, 15218, 14010, 12007, 9438, 10174, 8492, 15871, 15795, 11321, 10994, 16207, 13462, 9882, 8670, 11529, 14055, 16308, 9656, 9666, 8380, 12545, 13896, 8785, 8414, 14354, 11077, 15229, 8632, 10487, 15256, 14848, 14458, 11196, 14558, 9321, 13136, 9733, 11566, 15630, 10478, 15655, 14467, 15291, 8309, 12735, 13434, 10542, 15121, 9433, 14157, 12851, 9141, 16165, 8621, 8337, 9246, 9947, 16292, 8614, 9296, 9043, 13929, 16187, 8898, 13195, 14323, 14658, 15168, 10639, 8661, 13891, 11368, 9761, 12432, 11810, 15076, 10918, 8682, 9875, 10454, 15794, 13007, 12646, 9506, 11049, 10800, 13391, 10959, 13304, 9297, 9107, 11702, 10950, 11420, 13044, 14264, 13704, 14225, 9974, 11333, 9532, 11776, 16163, 9797, 16456, 14594, 10908, 8511, 15996, 12546, 15656, 13216, 10294, 16215, 9861, 8950, 11945, 10240, 8764, 14429, 9750, 9542, 10320, 12460, 11515, 12206, 11429, 14978, 10391, 12582, 12542, 8534, 15397, 14240, 14567, 16176, 13071, 12199, 13885, 9389, 8797, 15877, 11289, 10072, 15010, 12355, 11416, 12666, 8880, 10724, 12300, 13764, 12718, 8549, 10508, 13026, 12366, 15731, 9475, 10875, 14621, 14810, 8781, 8837, 11315, 9595, 8778, 13352, 10601, 13095, 9115, 12991, 8329, 8974, 11683, 9520, 11833, 14301, 10653, 12410, 13078, 9481, 9858, 8543, 9975, 15548, 10631, 12388, 9026, 15442, 9804, 9904, 8982, 13789, 14226, 10531, 10217, 8540, 11528, 8684, 11701, 14529, 14857, 12927, 13714, 12175, 15478, 12654, 12830, 12145, 8539, 16291, 15440, 10409, 13404, 15099, 11870, 14025, 9473, 9332, 10744, 15040, 8586, 8280, 15031, 14741, 13292, 10115, 14507, 10469, 11511, 12030, 14937, 12772, 8459, 9111, 13786, 13197, 11713, 13859, 15831, 15834, 12838, 11678, 10791, 15301, 14524, 14201, 15270, 8856, 10421, 10413, 16380, 14062, 14912, 10280, 13512, 8879, 9874, 9261, 9841, 11445, 11666, 10782, 9033, 8342, 15345, 8291, 15494, 13347, 13416, 11984, 9227, 831, 5187, 8044, 2001, 8097, 4955, 6212, 5273, 7251, 781, 3845, 824, 5477, 3242, 6165, 2339, 5064, 7535, 7366, 5641, 3060, 294, 4944, 3653, 7274, 3250, 2430, 6510, 530, 2882, 6113, 5347]]
Cpos, Cneg:  5.0 5.0
.......................*
optimization finished, #iter = 23405
nu = 0.150974
obj = -6240.655416, rho = 0.282254
nSV = 15991, nBSV = 0
Weight vector
974
obj = -6240.655416, rho = 0.282254
nSV = 15991, nBSV = 0
Weight vector
