10
=== Three UTR, k-mer  length: 5 ===

<SparseDataSet instance>
number of patterns: 16536

training ***********************************************************
Cpos, Cneg:  0.5 0.5
............*
optimization finished, #iter = 12958
nu = 0.829588
obj = -4247.177168, rho = 0.552674
nSV = 14155, nBSV = 7409
testing ***********************************************************
1000 patterns classified
training ***********************************************************
Cpos, Cneg:  0.5 0.5
............*
optimization finished, #iter = 12889
nu = 0.828598
obj = -4231.791849, rho = 0.553213
nSV = 14164, nBSV = 7392
testing ***********************************************************
1000 patterns classified
training ***********************************************************
Cpos, Cneg:  0.5 0.5
............*
optimization finished, #iter = 12905
nu = 0.825489
obj = -4212.591100, rho = 0.554332
nSV = 14142, nBSV = 7286
testing ***********************************************************
1000 patterns classified
training ***********************************************************
Cpos, Cneg:  0.5 0.5
............*
optimization finished, #iter = 12952
nu = 0.829612
obj = -4245.578028, rho = 0.551381
nSV = 14163, nBSV = 7423
testing ***********************************************************
1000 patterns classified
training ***********************************************************
Cpos, Cneg:  0.5 0.5
.............*
optimization finished, #iter = 13009
nu = 0.831515
obj = -4249.209103, rho = 0.550250
nSV = 14165, nBSV = 7425
testing ***********************************************************
1000 patterns classified
training ***********************************************************
Cpos, Cneg:  0.5 0.5
............*
optimization finished, #iter = 12844
nu = 0.828871
obj = -4237.268302, rho = 0.551958
nSV = 14157, nBSV = 7412
testing ***********************************************************
1000 patterns classified
training ***********************************************************
Cpos, Cneg:  0.5 0.5
............*
optimization finished, #iter = 12889
nu = 0.828568
obj = -4237.227153, rho = 0.552920
nSV = 14142, nBSV = 7414
testing ***********************************************************
1000 patterns classified
training ***********************************************************
Cpos, Cneg:  0.5 0.5
............*
optimization finished, #iter = 12816
nu = 0.827614
obj = -4236.170422, rho = 0.554528
nSV = 14133, nBSV = 7367
testing ***********************************************************
1000 patterns classified
training ***********************************************************
Cpos, Cneg:  0.5 0.5
.............*
optimization finished, #iter = 13001
nu = 0.830968
obj = -4250.665309, rho = 0.551169
nSV = 14169, nBSV = 7441
testing ***********************************************************
1000 patterns classified
training ***********************************************************
Cpos, Cneg:  0.5 0.5
............*
optimization finished, #iter = 12873
nu = 0.830377
obj = -4243.447372, rho = 0.550122
nSV = 14148, nBSV = 7454
testing ***********************************************************
1000 patterns classified
Success Rate:  0.783.
Balanced Success Rate:  0.783.
Sensitivity:  0.961.
PPV:  0.709.
ROC:  0.901.
Results Log: 
[trainingTime 114.19
numSV 14155
testingTime 1.45, trainingTime 114.62
numSV 14164
testingTime 1.43, trainingTime 113.05
numSV 14142
testingTime 1.23, trainingTime 112.23
numSV 14163
testingTime 1.22, trainingTime 112.14
numSV 14165
testingTime 1.24, trainingTime 111.79
numSV 14157
testingTime 1.26, trainingTime 111.27
numSV 14142
testingTime 1.25, trainingTime 112.02
numSV 14133
testingTime 1.27, trainingTime 111.41
numSV 14169
testingTime 1.27, trainingTime 111.09
numSV 14148
testingTime 1.3]
Predicted class length: 10, Given Class Length: 10
Incorrectly predicted labels: 
[[9474, 9706, 14139, 10294, 16051, 8687, 8935, 13171, 11668, 12422, 13704, 11925, 12204, 9819, 8657, 8414, 14956, 16101, 9781, 10867, 12134, 8974, 13925, 14969, 8348, 8728, 10639, 10687, 11109, 12627, 10172, 9608, 9899, 11683, 13255, 11977, 8508, 14102, 13649, 10583, 8665, 14922, 15761, 11416, 16015, 11857, 16434, 15935, 14977, 14872, 9026, 13507, 8458, 9692, 8900, 13702, 9563, 11399, 11534, 12532, 12671, 12577, 15400, 14448, 14527, 10324, 15600, 15291, 12789, 8755, 11760, 8913, 11529, 10644, 14552, 11241, 10039, 9914, 10979, 10015, 9062, 9531, 8540, 15170, 12667, 10186, 14065, 12364, 12220, 9028, 8864, 9417, 10026, 15296, 16477, 8533, 13479, 10029, 16517, 10267, 10098, 8921, 11223, 16200, 11297, 8863, 12770, 9551, 8283, 9218, 11801, 13311, 10947, 14354, 14240, 11377, 9312, 9009, 11268, 14429, 9961, 8511, 9463, 13874, 16411, 8952, 8424, 10744, 11183, 11877, 13495, 14918, 10280, 10012, 12413, 12317, 11863, 10034, 9396, 8795, 14070, 11063, 15532, 12556, 8339, 12688, 13360, 9765, 11861, 10413, 13735, 13241, 13728, 13854, 16470, 16014, 14924, 11325, 8524, 13423, 9289, 9893, 14323, 9827, 8303, 15428, 13159, 8411, 12152, 8746, 13610, 14703, 10140, 12874, 10968, 11208, 13191, 14565, 11443, 10586, 10157, 10994, 14854, 11536, 14670, 10200, 8293, 13419, 9860, 11487, 10622, 8563, 11505, 15017, 12491, 15168, 12081, 14957, 13041, 16413, 13612, 11916, 16152, 11862, 10454, 11712, 10589, 10657, 11066, 12796, 8521, 10392, 12716, 8470, 13269, 11400, 10216, 16195, 10423, 10781, 16309, 9995, 13766, 15862, 12554, 15976, 11131, 12561, 9141, 14464, 15389, 15710, 15818, 16535, 12355, 8797, 12529, 12479, 12319, 16300, 8420, 11115, 8340, 11181, 15891, 8970, 10421, 14255, 11428, 12625, 11127, 15833, 11890, 11715, 9271, 14678, 8338, 12049, 10151, 11150, 14979, 13527, 12183, 9861, 8759, 13761, 11848, 9043, 8785, 10238, 12147, 13831, 9232, 14912, 16448, 8886, 10108, 10383, 14693, 13221, 13146, 10879, 15049, 15518, 14087, 10531, 12016, 15286, 9321, 11032, 13169, 9944, 9300, 13695, 11173, 13982, 14302, 9395, 8745, 13940, 9349, 10841, 9509, 11902, 12718, 11758, 14010, 13317, 8865, 12776, 677, 4899, 3653, 6392, 4955, 3202, 2686, 4255, 4707, 4916, 1690, 5205, 1833, 7366, 4099, 5545, 7969, 6283, 4894, 4071, 3204, 8052, 1048, 530, 3185, 3770], [8747, 11618, 10429, 9958, 11284, 9738, 8311, 12834, 14362, 10865, 13220, 9056, 11048, 11104, 13265, 11469, 16269, 10558, 9912, 8686, 12008, 11859, 10371, 14283, 14810, 13352, 9345, 16164, 9571, 10086, 8961, 8384, 8380, 14807, 13657, 14233, 14988, 10767, 10478, 13356, 9213, 14375, 14839, 10025, 11352, 9874, 9201, 9889, 11497, 13785, 9113, 8615, 9913, 8559, 12701, 8553, 11646, 11678, 11069, 15898, 11430, 9945, 16412, 9900, 8756, 14567, 11134, 12652, 10720, 11498, 11619, 13932, 10011, 15996, 13617, 15696, 10688, 13705, 8792, 12143, 10521, 13955, 10556, 11992, 12949, 14309, 13499, 10611, 9107, 10331, 10019, 12339, 9254, 13279, 15096, 11800, 9247, 15442, 8464, 10131, 8957, 12857, 15764, 8643, 14999, 13362, 13669, 8929, 9898, 12664, 11952, 13292, 12633, 11993, 8366, 16146, 11673, 9102, 8597, 11680, 8451, 15405, 14610, 12700, 10198, 12772, 12981, 11589, 9811, 9714, 8922, 16226, 15942, 11912, 8549, 13786, 11491, 14619, 10970, 12569, 15759, 14504, 16296, 9626, 10401, 10925, 11809, 13922, 15573, 11264, 14360, 16370, 12727, 14704, 12052, 13303, 8600, 10381, 13410, 14592, 9310, 13300, 10993, 8773, 12199, 13205, 9542, 9689, 8422, 8361, 14172, 11456, 11603, 12580, 9123, 8534, 8333, 15279, 10562, 12755, 14500, 9684, 9520, 8701, 8839, 11004, 14507, 10149, 14230, 9114, 10453, 9595, 9092, 14650, 11873, 8716, 9466, 11346, 15022, 12025, 9637, 11228, 9519, 12286, 12001, 11802, 14264, 10061, 16153, 9902, 11581, 14193, 13947, 13714, 12184, 9301, 12243, 12085, 8332, 15762, 14994, 14799, 12523, 14586, 11815, 9071, 12450, 13650, 12592, 11000, 8674, 13913, 9220, 12013, 15461, 11230, 8911, 8592, 15601, 13183, 10161, 10472, 10317, 15660, 14427, 11508, 15576, 11583, 10597, 12572, 9165, 12019, 9630, 16093, 13615, 12952, 8812, 10918, 12399, 11252, 11901, 10427, 13009, 8711, 10935, 9535, 14007, 14658, 14463, 10402, 9544, 14092, 13432, 9524, 16382, 10655, 14140, 9532, 9422, 13664, 9618, 14071, 15807, 11320, 10703, 13643, 14311, 9170, 15478, 9514, 12933, 12586, 15358, 8436, 9920, 15185, 16509, 12371, 16330, 12590, 12103, 15905, 8776, 16310, 15529, 12726, 16026, 15298, 13138, 8646, 9858, 10260, 10573, 13271, 13294, 15485, 8494, 13397, 15059, 12268, 14732, 5706, 2965, 3608, 7161, 7187, 3178, 3654, 3242, 2195, 3447, 5347, 5918, 8058, 7061, 5501, 2536, 7308, 7403, 7793, 3172, 2035, 4167, 2531, 2029, 1934, 2786, 345, 3613, 1791, 8213, 2009, 5493], [8466, 8774, 14472, 8906, 9308, 11636, 15472, 13342, 14965, 8395, 8270, 14660, 12752, 16272, 9126, 14009, 11094, 10683, 11285, 15947, 10647, 9438, 15549, 15458, 16492, 9174, 8789, 8532, 9180, 8720, 12783, 10448, 9607, 11666, 15851, 10516, 12248, 12377, 10145, 12449, 13532, 15564, 9815, 11512, 13875, 15427, 13583, 13510, 15627, 16373, 12947, 16255, 15997, 10889, 15039, 11713, 10790, 10178, 14792, 11246, 9992, 12869, 14027, 8543, 13275, 10052, 12466, 9656, 8329, 11884, 9478, 12453, 12436, 12990, 9175, 8887, 11831, 9427, 15342, 12420, 12835, 16099, 10664, 10897, 15522, 10638, 15299, 14025, 14960, 8419, 8982, 16085, 8619, 16028, 8383, 14524, 14944, 11670, 12694, 10192, 8319, 11624, 8570, 8504, 9228, 10002, 9699, 11305, 12076, 9931, 14669, 12853, 13394, 10555, 12175, 13734, 15810, 10342, 12333, 15012, 10727, 12821, 8821, 15690, 12091, 12690, 15875, 13524, 11994, 8873, 11289, 12951, 12918, 14406, 13005, 15900, 16123, 8551, 16076, 10308, 12639, 13779, 15892, 15077, 9335, 12122, 16417, 12151, 10798, 15121, 14946, 14133, 11703, 15682, 9497, 14282, 14911, 12753, 11550, 10115, 14099, 15543, 16060, 11042, 13488, 10956, 11515, 15425, 14759, 11500, 9627, 11222, 9522, 11247, 12707, 10606, 10072, 13559, 11911, 13281, 15963, 11984, 11019, 9555, 15615, 15219, 15259, 10736, 15228, 8991, 8493, 9215, 12636, 9974, 9393, 11415, 14187, 8697, 11953, 12232, 8969, 14475, 9641, 14837, 16333, 8855, 15919, 16489, 9127, 14347, 11854, 10761, 9980, 15563, 16100, 9976, 15688, 14748, 10240, 16396, 9376, 11778, 12430, 12659, 15591, 16003, 9001, 14728, 11840, 11058, 9433, 9378, 16105, 12824, 13550, 8468, 9468, 15126, 12349, 8667, 11811, 14546, 16165, 9366, 11211, 10492, 11269, 12274, 10565, 12540, 10158, 16185, 8854, 9470, 13442, 14329, 13931, 11033, 16354, 12441, 14051, 14841, 13674, 13795, 13752, 15866, 10916, 9737, 9658, 13276, 12410, 10374, 14517, 9073, 15847, 12489, 8879, 13402, 15486, 11566, 10241, 12292, 14862, 9052, 15978, 9302, 14683, 10266, 14166, 8758, 13523, 9789, 8550, 8525, 10805, 9341, 14342, 13108, 12173, 15470, 8457, 8376, 8547, 14377, 14138, 8492, 16359, 14021, 9027, 9487, 11220, 10950, 13712, 13888, 15073, 16303, 8933, 10969, 11225, 13195, 9216, 15174, 15392, 12271, 10081, 15655, 8836, 14604, 11982, 13113, 14495, 13890, 10725, 11623, 10394, 10455, 14420, 16184, 9346, 9309, 9616, 13676, 11431, 8413, 10930, 14740, 9691, 11704, 8584, 8317, 14186, 13995, 8990, 11812, 13170, 9320, 8287, 8364, 13325, 3146, 3504, 6762, 8210, 3443, 5208, 6510, 7059, 3187, 6923, 3839, 8128, 7217, 3402, 7690, 878, 2025, 7055, 3582, 5494, 6057, 387, 5492, 6879, 3367, 8051, 7775, 5487, 8127, 5641, 8205, 6054, 1373, 2737, 1763, 8229, 2491, 4571, 8234, 4212, 5200], [15041, 11573, 11885, 15633, 16180, 9599, 15517, 10419, 9311, 10641, 8566, 16444, 13789, 15060, 9856, 15926, 11035, 11926, 9332, 12607, 14951, 16372, 10142, 15717, 8936, 11321, 9725, 12832, 10515, 10814, 14006, 12233, 16213, 12775, 11694, 12827, 13909, 15123, 9475, 15842, 9757, 13971, 10931, 11339, 14419, 10517, 12438, 13827, 11641, 11422, 15241, 11161, 12754, 8614, 16038, 14227, 15213, 12237, 10013, 9344, 9543, 10499, 15402, 11516, 11121, 10840, 15156, 14392, 11372, 13002, 10201, 9796, 11378, 8496, 9928, 10297, 13655, 13653, 15797, 13163, 9055, 15394, 11360, 12883, 15120, 14322, 13039, 11384, 9775, 10575, 13061, 8569, 14169, 16149, 13605, 10709, 10648, 11590, 9253, 13978, 12488, 13966, 16193, 9667, 14710, 15340, 13808, 13856, 9111, 11653, 13396, 8739, 12582, 10561, 9177, 13364, 12545, 15794, 13494, 16227, 12666, 10631, 9342, 15086, 14344, 11658, 10021, 9993, 11563, 11785, 15399, 10748, 9163, 10608, 15365, 8765, 12851, 15460, 11218, 15725, 8642, 15698, 16018, 12388, 13952, 12149, 13418, 11477, 10888, 8946, 15806, 12927, 10309, 11221, 15407, 14883, 16265, 15909, 15608, 9771, 10628, 15145, 16346, 11476, 15535, 11083, 16176, 11028, 11406, 9578, 11200, 11690, 8476, 12359, 14487, 13517, 9278, 12856, 9473, 12843, 10850, 11709, 16308, 8454, 14698, 14061, 15379, 12338, 15242, 15282, 12714, 10926, 14004, 8486, 8500, 16087, 10493, 15459, 12282, 9648, 10475, 14584, 14580, 16145, 11855, 8274, 14221, 9200, 10503, 12278, 14541, 16156, 16406, 11331, 8688, 8337, 8545, 16425, 9048, 9000, 8988, 9006, 11784, 16215, 15404, 10626, 11891, 9490, 15964, 12284, 13388, 10542, 12406, 13398, 13512, 15831, 9998, 11649, 9493, 12574, 11734, 9103, 15310, 8630, 13226, 12552, 8586, 10382, 9494, 15888, 14884, 10148, 11139, 16247, 14674, 16380, 10733, 16510, 15117, 11776, 9744, 8374, 12161, 13315, 14355, 16113, 8904, 10530, 10740, 9394, 9336, 11196, 10437, 10447, 14937, 10023, 15010, 8536, 12205, 10316, 9485, 12209, 9258, 11192, 8626, 14346, 10505, 13574, 11317, 15667, 15782, 9132, 10206, 8624, 9724, 9353, 11207, 11356, 16225, 15181, 15256, 12244, 11558, 15804, 11761, 11270, 9456, 16285, 15885, 8837, 15496, 14050, 15662, 9105, 15622, 12546, 11896, 12906, 12855, 15248, 15319, 13685, 8539, 11170, 15636, 10319, 5334, 7251, 2689, 3048, 3592, 7645, 6113, 3065, 5489, 5559, 7156, 6769, 3760, 831, 6772, 3260, 7092, 678, 4835, 1368, 7062, 7115, 3235, 7535, 5705, 5477, 2882], [10313, 10870, 16311, 9515, 9233, 13518, 11021, 14081, 13378, 14115, 14549, 8604, 13798, 11003, 12566, 11470, 9173, 10920, 9150, 16167, 11324, 11936, 12706, 11725, 10388, 10913, 14118, 14631, 11749, 9209, 8516, 9291, 14414, 8390, 12551, 8889, 9286, 13668, 11366, 15076, 11552, 12733, 13094, 11385, 15917, 14124, 9365, 14812, 11922, 15605, 15376, 10132, 13699, 15939, 15013, 11767, 12991, 9500, 15584, 11934, 11538, 15877, 12162, 13178, 13902, 14441, 15903, 12721, 12599, 13354, 13044, 10405, 9948, 15476, 9293, 9934, 11672, 14301, 15440, 11662, 9441, 15929, 11278, 13797, 10051, 8336, 11258, 8402, 14331, 11701, 14198, 13453, 14593, 14904, 10813, 11036, 14758, 8874, 14516, 9572, 9812, 11281, 14446, 12106, 15058, 15150, 13193, 9246, 12153, 16035, 11858, 14620, 11600, 12919, 9285, 10653, 8616, 9716, 13384, 10307, 14719, 14012, 11132, 8342, 15814, 8574, 16129, 16234, 9727, 12640, 10941, 10410, 8300, 9314, 16197, 13804, 14091, 12429, 9767, 10582, 12030, 14202, 14589, 15171, 8429, 13347, 15202, 9977, 8633, 10504, 9070, 12329, 14970, 15736, 12516, 8945, 14819, 14736, 9391, 15664, 15432, 16075, 10819, 16250, 13482, 9635, 16112, 13777, 12767, 13516, 11199, 13429, 11334, 13690, 16514, 13865, 13264, 9549, 8485, 14030, 10849, 13254, 13596, 8309, 9408, 13832, 13759, 16182, 11445, 10202, 8817, 16367, 15414, 11601, 13629, 14868, 15625, 15955, 13247, 11368, 8777, 11462, 14519, 9017, 8661, 14621, 15305, 11490, 12394, 11411, 14337, 16120, 13970, 10880, 11687, 15671, 8515, 10246, 10134, 14903, 9666, 11918, 8856, 9545, 11905, 9406, 9804, 9904, 13285, 11698, 15952, 10359, 12510, 12737, 9419, 14130, 15162, 8401, 10714, 8443, 15031, 12138, 11405, 9486, 10526, 13288, 16264, 11978, 8972, 8291, 9352, 10731, 10792, 14222, 10871, 13929, 9124, 15455, 14702, 15285, 10255, 12135, 12223, 12544, 12600, 8672, 12412, 13706, 9619, 8964, 9099, 10833, 12452, 15074, 15288, 10929, 9523, 13810, 11578, 11330, 15756, 14232, 9143, 10564, 13421, 13506, 15101, 10121, 14791, 11024, 12845, 10221, 9036, 10323, 16125, 10588, 8589, 15686, 10033, 10355, 14079, 8653, 11940, 8750, 13590, 15599, 16196, 15277, 8923, 15701, 15283, 7658, 3951, 2263, 4980, 2502, 7652, 7688, 7511, 1091, 4256, 5273, 6055, 7105, 2992, 3100, 2695, 4531, 1425, 1739, 4512, 8036, 4593, 4893, 2143, 1499, 6229, 511, 3630, 7274, 3753, 4538, 6210, 2001, 3496, 7058, 8044, 3665, 4176, 5607, 3790, 4143], [9115, 14742, 8603, 12087, 12715, 13023, 10123, 10706, 16421, 10658, 16189, 14623, 15457, 13359, 15537, 10802, 9909, 13069, 15658, 13081, 14594, 12096, 9033, 10210, 14963, 12953, 13462, 11794, 10715, 13864, 8754, 15332, 9764, 11248, 8331, 11290, 13481, 16074, 14699, 10734, 12432, 12363, 10289, 9654, 10128, 9743, 16041, 12215, 11525, 12145, 9109, 11287, 14425, 12265, 11702, 11291, 13772, 13006, 12100, 15280, 15626, 15669, 9226, 14455, 13214, 8984, 13681, 15373, 13678, 13992, 9455, 12366, 8280, 8895, 14368, 10886, 12764, 16278, 9892, 11177, 9606, 12308, 13110, 13916, 14752, 10772, 10717, 11839, 15090, 9536, 14514, 8572, 11396, 11806, 13416, 13691, 15647, 15473, 12508, 16475, 10435, 14212, 8393, 9504, 9734, 12875, 10009, 11693, 10737, 9676, 8822, 8596, 11333, 14615, 10126, 11985, 12689, 13530, 12136, 10593, 11473, 10375, 14315, 12191, 8960, 9769, 9021, 15613, 11688, 11689, 12779, 15261, 15109, 10087, 11947, 8917, 11997, 12938, 13448, 8290, 9829, 15634, 9389, 9196, 14286, 11172, 13091, 15874, 9179, 13635, 9745, 9682, 10818, 16109, 13529, 9434, 14713, 9374, 15209, 13616, 10783, 10451, 12964, 9358, 14226, 9279, 12391, 8325, 8909, 15957, 12972, 9440, 14444, 9038, 12380, 9250, 9983, 12263, 14795, 8736, 15602, 9577, 12109, 9117, 9190, 12992, 15075, 15965, 15580, 13186, 8693, 9702, 10836, 8994, 12188, 12095, 10164, 10090, 9421, 11582, 10743, 9235, 8431, 10214, 11363, 8901, 10975, 10070, 9414, 12330, 12984, 10803, 8894, 14857, 16369, 15141, 15438, 14913, 16389, 12218, 9569, 8341, 9847, 9854, 13727, 11298, 10673, 12838, 11909, 9634, 14458, 10147, 10008, 15125, 10041, 16452, 9136, 9217, 9386, 10404, 10770, 16086, 8861, 16295, 9183, 8315, 13501, 15970, 15868, 9044, 14555, 14361, 10817, 9683, 10372, 15865, 10599, 11544, 12337, 15801, 10089, 13280, 14020, 11835, 16487, 12762, 11677, 11745, 16526, 11867, 11650, 12115, 9392, 9590, 8434, 9011, 10612, 9343, 14316, 10296, 13095, 10569, 8978, 9717, 8321, 15381, 11393, 13828, 11518, 8834, 15240, 10268, 13858, 10512, 12490, 8781, 13593, 15989, 10696, 14467, 10642, 13040, 9153, 10693, 15558, 14808, 14120, 11548, 11781, 12331, 15567, 9297, 13465, 16243, 8880, 15820, 10791, 15430, 10660, 15691, 9481, 11999, 9797, 14735, 10378, 115, 268, 5707, 8247, 5709, 2891, 4489, 7948, 6402, 3546, 3049, 4713, 545, 1993, 5268, 5314, 4361, 2839, 7336, 8063, 2430, 6212, 3060, 5499, 5372, 4608, 824, 6322, 4142, 8064, 5679, 3037, 5502, 6663, 3035, 2120], [16291, 14501, 8275, 11817, 11338, 9749, 14101, 14490, 10441, 14602, 15670, 15230, 9924, 9110, 9142, 11963, 9079, 14462, 9202, 9097, 9347, 11944, 9849, 11373, 13457, 12370, 8529, 11959, 11935, 10494, 8418, 10249, 10048, 16187, 12009, 9772, 11232, 13141, 13322, 14204, 14775, 11699, 11574, 8950, 12126, 14084, 9439, 14403, 15444, 10707, 12864, 15118, 10875, 14324, 13166, 11493, 15441, 12670, 9402, 14832, 15914, 8760, 16290, 9061, 14714, 9443, 15293, 10831, 14696, 13724, 15932, 14720, 15693, 8796, 11833, 13974, 12900, 9855, 12007, 9248, 15410, 16520, 11205, 9506, 15993, 13967, 12862, 14980, 8764, 10227, 10577, 10166, 9975, 9482, 14813, 11392, 15980, 11585, 10138, 11610, 16454, 16096, 13567, 13086, 16084, 16416, 15357, 13022, 10605, 12458, 14057, 11452, 15623, 10771, 14242, 10262, 10513, 11588, 9030, 10544, 9671, 14381, 10195, 16323, 10908, 10675, 10862, 10621, 11663, 14529, 11077, 8896, 13891, 13464, 13994, 10710, 14846, 10537, 8800, 10940, 15163, 13136, 9471, 9521, 8680, 12262, 10545, 11054, 13504, 12472, 9905, 15009, 13684, 14782, 8404, 13634, 9843, 13847, 15583, 11763, 15561, 16339, 11930, 12269, 11070, 9447, 9896, 9640, 9933, 9019, 9655, 14745, 14907, 9413, 16102, 13116, 15229, 10194, 10838, 13454, 15370, 9650, 11056, 14062, 10985, 9068, 14871, 11937, 9121, 13406, 12212, 10175, 10428, 8965, 13304, 9784, 12626, 9172, 11482, 11853, 15995, 11007, 8675, 8871, 12198, 12781, 12808, 13898, 15936, 13103, 10953, 16345, 9832, 13991, 8872, 15571, 12323, 11240, 11535, 11595, 12434, 10357, 14785, 14590, 16298, 9106, 14558, 15769, 8441, 13633, 15127, 11684, 9184, 16466, 13007, 15545, 12830, 9240, 8742, 13514, 11253, 15021, 16078, 10414, 8768, 14730, 13758, 16079, 16516, 15598, 15743, 16433, 10438, 14737, 9005, 13935, 14157, 8684, 9157, 14806, 10633, 11158, 15494, 10059, 14159, 8712, 10498, 12729, 13470, 13176, 12447, 11648, 13089, 13848, 14609, 11312, 8685, 9981, 10876, 16116, 13434, 16179, 15620, 15663, 14885, 12097, 15100, 12102, 13404, 13637, 13259, 10787, 11631, 10509, 15848, 10579, 11921, 9963, 9882, 8897, 14320, 12074, 13868, 15590, 11197, 13859, 10347, 15882, 12997, 10389, 14943, 16292, 14974, 13876, 10285, 11950, 10601, 11787, 15158, 15770, 9742, 9964, 5947, 6380, 5056, 3343, 1560, 2819, 3552, 4992, 7052, 6086, 5272, 5113, 5708, 143, 2169, 3388, 7326, 5627, 7540, 6441, 3328, 6165, 6508, 8144, 2999, 7508, 2907], [13983, 11322, 11856, 11022, 12267, 8914, 16471, 15046, 16410, 15040, 11288, 8641, 10217, 11591, 8269, 14850, 13282, 9457, 10670, 14326, 10391, 11144, 14741, 16481, 14325, 15572, 15029, 11819, 8328, 14976, 8579, 12654, 12628, 13845, 12460, 11376, 11151, 9459, 12137, 9085, 15014, 10003, 15745, 16011, 11865, 10800, 14366, 10252, 13880, 13744, 11569, 13562, 13747, 10228, 15700, 11262, 12722, 15934, 14749, 16207, 12083, 13764, 8885, 15512, 8648, 8717, 10885, 10581, 16472, 10067, 10629, 8654, 16281, 8352, 15973, 11727, 8804, 14961, 9540, 9162, 15787, 15890, 10074, 8372, 16440, 13135, 11329, 8647, 15755, 13417, 9721, 11775, 10469, 9768, 11913, 8890, 15780, 11459, 12099, 8307, 10914, 14545, 16009, 15834, 15325, 12260, 12054, 13911, 14624, 9261, 9054, 10692, 14707, 10001, 12300, 14773, 11615, 14496, 8379, 12312, 11342, 11966, 9850, 14153, 12698, 15708, 9947, 14123, 15538, 9221, 8277, 8932, 13346, 10874, 11793, 11484, 9733, 12206, 9350, 9624, 8450, 15860, 8640, 9140, 15227, 15871, 8271, 9304, 16057, 9495, 10006, 13073, 9875, 13321, 13456, 9195, 15301, 9835, 13614, 8782, 10671, 10816, 11621, 12080, 16302, 14038, 16136, 15270, 10540, 11499, 13477, 9014, 14870, 11198, 10964, 13291, 8866, 10546, 11051, 10208, 14725, 9969, 10358, 10263, 8702, 11171, 10559, 10502, 10815, 10634, 13576, 11501, 15542, 14223, 14165, 15731, 9822, 11345, 8799, 8427, 13363, 8670, 13350, 15056, 13679, 8659, 16063, 8751, 9612, 12807, 16342, 11052, 16181, 11571, 11113, 15153, 12748, 13492, 13878, 12605, 12082, 15546, 12431, 11730, 10080, 8358, 9659, 8992, 9872, 10847, 15324, 9074, 11669, 9857, 11526, 13445, 13361, 12898, 13125, 10112, 16023, 11843, 12930, 10237, 15088, 13547, 8296, 14790, 13730, 11945, 10176, 8787, 13534, 12723, 12681, 9728, 10376, 14013, 12993, 9081, 11485, 9244, 11528, 14848, 11789, 12739, 14082, 12525, 13212, 10684, 15765, 12858, 15421, 9337, 15666, 14391, 16392, 11593, 9144, 11304, 9206, 15133, 16375, 14348, 15094, 13729, 10508, 15740, 11201, 15832, 13689, 10827, 11178, 10965, 10442, 13551, 10265, 16228, 9359, 12614, 10234, 14119, 14281, 10174, 9828, 15795, 9881, 9748, 9467, 11597, 15289, 14796, 11090, 14482, 11742, 12797, 12512, 8995, 14766, 13372, 16326, 13071, 15969, 9802, 4511, 3, 7209, 2350, 5267, 4270, 7060, 1648, 6112, 5344, 6878, 6972, 3529, 4974, 1757, 2443, 8248, 2745, 6628, 6211, 4972, 57, 5704, 7306, 8097, 6486], [12969, 10900, 13958, 13941, 14600, 9147, 16274, 10959, 14185, 9483, 13885, 16388, 10310, 9758, 13401, 11866, 16081, 8621, 12123, 10506, 13330, 8813, 16192, 11412, 13769, 12053, 8808, 15080, 12178, 10560, 12892, 8370, 8870, 9793, 12043, 10409, 13736, 10500, 8609, 9185, 9227, 11511, 10627, 9930, 15560, 13197, 11217, 14706, 9690, 13496, 14085, 12396, 9750, 13658, 11537, 11316, 15216, 9787, 13078, 10782, 14385, 12604, 13351, 9558, 15685, 9962, 16237, 10548, 13536, 16473, 9145, 13260, 8582, 10225, 8931, 11466, 15861, 14258, 9783, 10259, 9050, 12790, 10430, 12660, 8944, 8801, 13564, 10306, 10894, 10159, 12283, 10242, 12321, 14692, 15045, 14063, 13942, 15510, 9810, 12528, 15295, 14386, 16350, 12210, 15709, 11435, 9844, 14310, 11986, 11527, 14137, 9761, 9426, 13708, 10966, 9015, 8803, 9786, 10188, 13435, 13894, 15144, 11450, 9679, 9354, 15754, 12595, 9949, 8649, 14143, 15635, 16034, 14878, 15982, 11754, 15179, 11074, 10179, 10528, 13771, 10574, 11627, 9668, 10344, 11929, 11795, 12320, 13774, 8510, 10398, 12032, 13172, 9873, 10361, 10554, 13148, 11347, 16266, 12603, 8682, 10111, 8610, 8639, 9910, 15313, 15471, 14380, 10617, 13636, 10270, 16456, 11015, 10699, 8282, 11053, 12957, 11008, 11958, 8832, 12542, 11479, 12202, 8284, 11420, 8482, 13573, 13399, 12398, 8778, 16217, 11594, 13976, 14225, 9187, 16163, 13458, 16505, 13036, 13998, 14480, 14404, 10760, 10018, 12475, 16435, 11807, 16322, 14250, 14275, 10695, 10377, 13231, 13145, 13238, 15214, 13773, 8310, 13548, 10855, 13755, 16097, 15236, 16463, 9237, 9326, 12735, 10274, 12177, 12249, 11045, 9104, 11429, 15548, 10365, 14959, 15053, 15099, 8324, 14538, 16254, 11608, 15913, 10203, 14700, 10434, 13037, 10960, 8875, 9084, 11013, 8989, 15897, 15729, 15412, 14787, 15850, 10661, 13225, 12736, 10325, 9469, 12816, 10449, 9369, 12150, 16532, 12669, 8298, 9004, 9319, 8502, 11313, 11628, 15383, 14860, 10315, 9652, 13459, 11717, 9952, 11315, 16110, 15004, 11152, 15091, 14573, 8606, 15631, 12678, 14521, 8469, 10433, 10952, 13026, 10487, 15349, 15774, 10218, 14942, 14077, 9222, 15953, 10181, 8632, 11145, 11382, 14537, 16005, 13912, 9002, 15072, 12867, 9705, 12646, 13466, 13953, 14513, 8898, 12093, 12742, 14191, 10552, 12921, 14384, 9587, 15527, 9306, 10668, 8806, 16277, 15424, 14928, 16289, 10110, 9377, 8740, 12160, 16027, 13261, 3605, 6509, 6228, 8061, 2558, 8246, 3086, 7262, 2005, 2734, 8253, 3477, 4584, 7242, 7416, 4944, 8059, 5064, 6860, 2386, 8080, 1702, 6091, 2338, 5283, 4125, 1257, 294, 7967], [8503, 9383, 13509, 10311, 12942, 11714, 15239, 10922, 8815, 14934, 8683, 14040, 13028, 14978, 15915, 12504, 12946, 8770, 9364, 8462, 16126, 8528, 14763, 13425, 8985, 15448, 11555, 15977, 16168, 11509, 10976, 11697, 10171, 14622, 13100, 11942, 10000, 11362, 10625, 11001, 11675, 15597, 8955, 10222, 10254, 13084, 11101, 8522, 16530, 10425, 15419, 11864, 9224, 8289, 11871, 9739, 10424, 16066, 11723, 12936, 8844, 8735, 11524, 8273, 14680, 12131, 14333, 9657, 15656, 12443, 11640, 13973, 13067, 9621, 13805, 16240, 15019, 8696, 10304, 12771, 14815, 11738, 13365, 12926, 15139, 11870, 9631, 14691, 10844, 13601, 13117, 13640, 13866, 10587, 13273, 14984, 12169, 10169, 13474, 10809, 16198, 12481, 15294, 9277, 14933, 9870, 9274, 14958, 11451, 8583, 14145, 11842, 9747, 10785, 12390, 9838, 9638, 9589, 11046, 8823, 15189, 8587, 9296, 12315, 12886, 8440, 10724, 9773, 10204, 10843, 15218, 12088, 16511, 10168, 14238, 10480, 12520, 15816, 16022, 13314, 10936, 15364, 13867, 8527, 9966, 15672, 10527, 9862, 15015, 9425, 14776, 13015, 10942, 14777, 12405, 15257, 13945, 10735, 11418, 8617, 16476, 8731, 14816, 13862, 16506, 11454, 8860, 12385, 9798, 15817, 9405, 14379, 9538, 10825, 14435, 11446, 10320, 16443, 8903, 11513, 12788, 11440, 14296, 14571, 11390, 11810, 14786, 13662, 15767, 9841, 13908, 14267, 8459, 15113, 15273, 12133, 11876, 9839, 15533, 9331, 8347, 8691, 15317, 9480, 14055, 10444, 10230, 9698, 8389, 12850, 11882, 13907, 14321, 13272, 13607, 15173, 15143, 9633, 14173, 9614, 11424, 10384, 9559, 11685, 10602, 11570, 11146, 11614, 12642, 15178, 8377, 10412, 12844, 8881, 9192, 10239, 8480, 12815, 13863, 13198, 10902, 9573, 8463, 13216, 10450, 11308, 13819, 13860, 9823, 8562, 15508, 14899, 15612, 10100, 11276, 10305, 15345, 11746, 10443, 13251, 13756, 13663, 10887, 15695, 12813, 9098, 9795, 12778, 9436, 16158, 13586, 16334, 9508, 8651, 11434, 14423, 12307, 8367, 8593, 14642, 14644, 13427, 10439, 16301, 9694, 11634, 10980, 8577, 13842, 15224, 9792, 12190, 15397, 10497, 11260, 15087, 15577, 9156, 9636, 8859, 11639, 9878, 11718, 14599, 10728, 14645, 8951, 13622, 13391, 15380, 12565, 13575, 11622, 13896, 8692, 8761, 8405, 12826, 14632, 15956, 14201, 10477, 8918, 15037, 12564, 5222, 3069, 7689, 3250, 7438, 339, 3044, 2273, 5330, 5109, 8057, 7024, 2693, 1578, 2723, 4516, 7017, 4546, 4355, 1951, 3724, 5684, 2703, 7862, 4445, 2319, 2764, 7916, 7507, 781, 5346, 4856, 5187, 3445, 2339, 7226]]
Cpos, Cneg:  5.0 5.0
.......................*
optimization finished, #iter = 23405
nu = 0.150974
obj = -6240.655416, rho = 0.282254
nSV = 15991, nBSV = 0
Weight vector
