10
<SparseDataSet instance>
number of patterns: 6554
class Label  /  Size 
 -1 : 3277
 +1 : 3277

saving to  HuR_InDomainFeature.txt
detected file format as: sparse
Cpos, Cneg:  5.0 5.0
.........*
optimization finished, #iter = 9623
nu = 0.172346
obj = -2824.495044, rho = 0.190880
nSV = 6500, nBSV = 0
<SparseDataSet instance>
number of patterns: 730
class Label  /  Size 
 -1 : 365
 +1 : 365

loading model
testing ***********************************************************
Confusion Matrix:
      predicted labels:
       -1   +1 
   -1 194  171 
   +1  9   356 
success rate: 0.753425
balanced success rate: 0.753425
area under ROC curve: 0.862774
area under ROC 50 curve: 0.342466 
