10
=== Three UTR, k-mer  length: 5 ===

<SparseDataSet instance>
number of patterns: 7284

training ***********************************************************
Cpos, Cneg:  0.5 0.5
.....*
optimization finished, #iter = 5249
nu = 0.912792
obj = -2116.615000, rho = 0.529922
nSV = 6399, nBSV = 3867
testing ***********************************************************
training ***********************************************************
Cpos, Cneg:  0.5 0.5
.....*
optimization finished, #iter = 5296
nu = 0.910245
obj = -2112.965337, rho = 0.531995
nSV = 6395, nBSV = 3858
testing ***********************************************************
training ***********************************************************
Cpos, Cneg:  0.5 0.5
.....*
optimization finished, #iter = 5272
nu = 0.911360
obj = -2111.961137, rho = 0.530626
nSV = 6398, nBSV = 3862
testing ***********************************************************
training ***********************************************************
Cpos, Cneg:  0.5 0.5
.....*
optimization finished, #iter = 5333
nu = 0.909731
obj = -2110.500348, rho = 0.533615
nSV = 6392, nBSV = 3829
testing ***********************************************************
training ***********************************************************
Cpos, Cneg:  0.5 0.5
.....*
optimization finished, #iter = 5250
nu = 0.912889
obj = -2118.524104, rho = 0.530945
nSV = 6402, nBSV = 3871
testing ***********************************************************
training ***********************************************************
Cpos, Cneg:  0.5 0.5
.....*
optimization finished, #iter = 5248
nu = 0.911867
obj = -2114.541093, rho = 0.529688
nSV = 6391, nBSV = 3872
testing ***********************************************************
training ***********************************************************
Cpos, Cneg:  0.5 0.5
.....*
optimization finished, #iter = 5304
nu = 0.910463
obj = -2113.291195, rho = 0.534171
nSV = 6394, nBSV = 3859
testing ***********************************************************
training ***********************************************************
Cpos, Cneg:  0.5 0.5
.....*
optimization finished, #iter = 5297
nu = 0.909462
obj = -2110.833070, rho = 0.532835
nSV = 6387, nBSV = 3844
testing ***********************************************************
training ***********************************************************
Cpos, Cneg:  0.5 0.5
.....*
optimization finished, #iter = 5331
nu = 0.908964
obj = -2109.482548, rho = 0.535262
nSV = 6392, nBSV = 3842
testing ***********************************************************
training ***********************************************************
Cpos, Cneg:  0.5 0.5
.....*
optimization finished, #iter = 5252
nu = 0.911891
obj = -2116.251695, rho = 0.531771
nSV = 6390, nBSV = 3883
testing ***********************************************************
Success Rate:  0.766.
Balanced Success Rate:  0.766.
Sensitivity:  0.966.
PPV:  0.690.
ROC:  0.884.
Results Log: 
[trainingTime 15.0
numSV 6399
testingTime 0.53, trainingTime 14.94
numSV 6395
testingTime 0.53, trainingTime 14.69
numSV 6398
testingTime 0.53, trainingTime 14.71
numSV 6392
testingTime 0.53, trainingTime 14.69
numSV 6402
testingTime 0.52, trainingTime 14.77
numSV 6391
testingTime 0.53, trainingTime 14.83
numSV 6394
testingTime 0.51, trainingTime 14.67
numSV 6387
testingTime 0.53, trainingTime 14.7
numSV 6392
testingTime 0.51, trainingTime 14.68
numSV 6390
testingTime 0.5]
Predicted class length: 10, Given Class Length: 10
Incorrectly predicted labels: 
[[5616, 3665, 5962, 7054, 6872, 5705, 5387, 5776, 5820, 3882, 5319, 5930, 5582, 5005, 6650, 3796, 4247, 4706, 4909, 5542, 4169, 4075, 6720, 7128, 7083, 4906, 5004, 5157, 6887, 5014, 3684, 5351, 6632, 3908, 6767, 4916, 5460, 5576, 6155, 6250, 6165, 4728, 5918, 4344, 5525, 4992, 5938, 4797, 4435, 6638, 3810, 7112, 3699, 4257, 3670, 7167, 3957, 4929, 6519, 5911, 6098, 5446, 6621, 5731, 3722, 6922, 4170, 4324, 6644, 6374, 4395, 4622, 4007, 5690, 6824, 5584, 5393, 4135, 7237, 5011, 4971, 6146, 5111, 6201, 6746, 5506, 3911, 4663, 5943, 6665, 5560, 6049, 6089, 5284, 6756, 4988, 5815, 5065, 6088, 5555, 6420, 4410, 6524, 5248, 6796, 4500, 7279, 6984, 6192, 4776, 5718, 6444, 5640, 5366, 4878, 5143, 6874, 5149, 6794, 4065, 5357, 5757, 3832, 6487, 4318, 4648, 6189, 5985, 4016, 3899, 6636, 5147, 6156, 5880, 3758, 6118, 6015, 4602, 6242, 5642, 7088, 4060, 5142, 6575, 4962, 6067, 6631, 7076, 4882, 4961, 7015, 4738, 4557, 4297, 5497, 4905, 4855, 4720, 3913, 6161, 4070, 6595, 5846, 6663, 7049, 6873, 3923, 4831, 3187, 2009, 2839, 3044, 2430, 3496, 2992], [4709, 7063, 5066, 4283, 5407, 4489, 5131, 6910, 5778, 4280, 4326, 6965, 5278, 3874, 4551, 5544, 5849, 3663, 6031, 3998, 5185, 6975, 6339, 5072, 4334, 6892, 6290, 5636, 6426, 6296, 6691, 5400, 4022, 6995, 3940, 7040, 6996, 5879, 4897, 5437, 4686, 4733, 6929, 5389, 4684, 5425, 6229, 5783, 5812, 5033, 4186, 5623, 6409, 5340, 4076, 4320, 5953, 7058, 6764, 3995, 4537, 5355, 4868, 5900, 4854, 5588, 5902, 4791, 6324, 5385, 6545, 4287, 5273, 7175, 3956, 5375, 6305, 6752, 4091, 6330, 5008, 5413, 4595, 3984, 6592, 6945, 6552, 4589, 6642, 6672, 6069, 4743, 6253, 4896, 4600, 5171, 4539, 3767, 5932, 4506, 5298, 4110, 6042, 6406, 4674, 3713, 6770, 5797, 4871, 4054, 3974, 4288, 6602, 5160, 6664, 6830, 4356, 5186, 6604, 5323, 4274, 4893, 5088, 6659, 6924, 3656, 6016, 7087, 5408, 3798, 4114, 3867, 3672, 5392, 6734, 4401, 4894, 4645, 6856, 5575, 6396, 4611, 4590, 5197, 4693, 4484, 4249, 4417, 6889, 1942, 1743, 3049, 2386, 1094, 3235, 1368, 3388, 3367, 2764, 387, 1791, 3100], [3691, 6057, 6195, 4768, 5472, 5010, 5813, 3710, 3878, 4388, 5768, 5026, 6751, 6626, 6506, 3787, 5129, 4218, 5548, 3702, 6191, 5765, 4815, 4488, 5749, 4272, 4090, 5919, 4444, 4269, 3809, 4860, 7044, 4933, 3707, 4659, 6333, 7163, 6547, 5748, 6327, 5415, 5235, 4134, 3833, 5697, 4695, 5249, 3884, 4278, 3977, 4485, 5202, 3876, 7043, 5657, 5798, 4767, 5123, 4770, 5644, 4946, 6245, 6699, 5580, 4120, 7236, 7023, 5274, 6759, 4430, 6395, 5596, 4369, 4180, 3840, 5326, 4151, 4932, 7186, 4688, 5960, 7047, 4213, 6212, 6534, 6344, 3902, 4245, 5500, 4596, 3744, 5854, 5531, 5823, 7119, 5482, 5543, 4014, 6422, 4483, 6707, 3868, 3775, 7116, 4889, 4676, 6410, 4951, 4027, 6956, 4102, 6176, 5577, 6911, 4364, 6249, 5308, 4477, 4652, 6058, 4071, 4455, 4848, 3948, 4651, 5566, 4910, 3644, 5654, 4964, 4208, 5801, 4238, 4155, 5694, 5967, 6288, 3967, 4156, 4607, 5887, 6108, 4331, 7283, 6367, 4544, 4630, 4329, 5946, 5276, 4264, 4524, 6962, 4509, 4518, 3814, 6210, 5779, 5602, 1578, 1093, 1048, 2734, 1763, 2179, 3086, 2552, 3445], [4031, 6294, 4665, 5337, 7141, 5871, 4229, 5196, 4021, 5939, 7205, 6918, 4255, 6304, 6382, 6393, 6094, 4177, 3925, 6077, 4531, 7071, 4409, 4842, 5912, 5599, 4385, 5474, 3683, 5721, 6572, 4947, 4515, 6402, 3844, 4627, 6766, 6354, 6107, 6661, 6571, 4013, 4723, 6671, 5272, 5270, 3721, 5000, 7062, 4780, 5163, 6886, 4952, 7232, 3757, 3769, 5255, 6792, 7032, 5995, 6879, 6526, 3664, 4159, 4270, 7013, 4559, 5386, 6901, 6730, 3740, 4391, 4847, 6968, 5802, 4407, 4143, 7077, 3937, 5080, 6185, 6066, 5935, 3738, 4261, 5816, 4400, 7253, 5890, 4710, 4230, 6261, 3842, 4558, 4614, 4044, 3901, 5546, 5141, 3803, 4675, 6859, 4867, 4306, 5508, 7010, 5336, 6443, 6164, 6614, 5533, 6001, 5895, 4445, 6682, 5217, 6736, 5619, 6643, 5397, 5949, 5825, 6179, 6678, 6952, 7101, 6102, 3895, 4857, 4635, 3805, 5170, 4125, 6508, 6440, 6287, 4598, 4085, 5947, 4307, 6837, 7265, 5855, 4235, 3748, 4757, 6532, 5613, 5996, 3753, 5380, 7217, 6110, 3202, 3402, 2819, 294, 1257, 2350, 2339, 2737, 1091, 3582, 831, 1648, 530, 2120, 1572, 2786, 1425, 2001, 3048, 2689, 3035, 678], [7216, 5288, 6574, 4039, 6964, 4814, 6967, 4147, 5053, 4006, 6844, 7228, 4918, 5827, 6313, 6080, 6617, 6122, 5620, 6343, 4498, 5982, 5118, 4412, 4113, 4587, 6047, 5681, 5293, 5861, 6489, 5461, 7099, 6989, 6947, 4476, 7120, 5348, 7037, 4453, 4171, 4428, 5444, 4295, 4374, 6912, 6271, 5604, 5590, 4923, 7089, 5866, 5012, 7191, 6134, 4732, 7123, 4606, 5237, 5266, 6713, 6785, 4291, 3971, 5107, 3961, 6334, 5252, 3680, 4206, 4621, 6276, 5155, 4829, 5280, 5629, 6432, 6562, 5663, 5670, 4495, 5145, 5022, 3764, 6303, 5901, 6217, 4000, 5382, 4586, 3843, 4066, 6948, 3859, 3924, 5799, 4779, 4510, 5700, 4197, 6279, 5872, 5234, 5784, 7070, 4189, 7152, 4592, 5322, 6861, 6903, 4389, 4325, 6802, 4835, 5633, 4986, 4139, 6997, 6520, 5891, 5739, 6167, 4362, 5516, 6032, 5068, 5448, 7240, 4628, 4459, 7022, 6758, 5206, 5212, 7086, 3793, 6875, 4424, 7046, 4260, 5684, 7235, 3643, 5422, 4841, 6620, 7250, 5223, 5267, 5933, 4973, 6957, 6457, 5668, 5818, 3037, 2273, 2745, 3504, 57, 3318, 3178, 3546, 3608, 345, 2263, 2558], [6599, 6825, 5750, 6655, 6272, 5350, 3703, 6789, 4366, 5788, 5214, 4694, 4937, 5514, 5521, 5961, 5775, 7014, 3943, 4056, 3906, 4859, 5246, 4310, 6737, 5916, 4752, 3649, 3651, 3726, 6193, 6902, 4478, 4491, 4813, 5803, 5073, 4845, 6361, 5354, 6864, 4268, 6615, 6907, 5119, 5914, 3860, 6993, 5395, 6338, 4148, 6416, 5562, 4711, 5678, 5756, 5338, 5374, 5975, 6003, 7091, 6937, 6518, 5537, 6882, 6045, 5201, 7176, 5224, 4766, 4133, 4514, 5809, 4751, 5804, 6679, 5758, 6908, 3854, 6721, 5886, 4683, 4237, 3903, 3706, 6853, 4025, 6703, 5116, 3953, 4577, 6501, 4335, 4061, 6940, 3711, 5287, 7108, 5244, 4480, 6581, 4575, 4473, 5830, 6798, 6379, 4787, 5417, 4046, 4378, 7169, 5844, 5719, 4566, 5349, 6634, 5920, 3817, 3970, 4057, 5948, 6274, 4161, 6268, 5682, 6061, 5215, 4426, 5824, 5095, 4466, 5956, 4035, 4150, 4912, 4062, 4998, 6594, 5102, 4240, 4705, 5228, 5158, 5335, 6847, 6190, 4263, 4919, 5873, 7158, 4849, 5505, 4678, 3785, 4618, 5763, 5283, 5822, 5643, 5443, 4015, 5868, 5383, 4379, 5030, 3788, 6805, 7214, 6464, 5549, 5369, 4802, 4763, 677, 824, 441, 339, 1560, 2195, 781, 1702, 2973, 3605], [5090, 5178, 6013, 6719, 4837, 5099, 6900, 5029, 3910, 6218, 5523, 6712, 6117, 4914, 6885, 6686, 6782, 5787, 3989, 5213, 5426, 7275, 5304, 7134, 5489, 6943, 5928, 5999, 5302, 4142, 4368, 3966, 3695, 6300, 5009, 4670, 5601, 5648, 4105, 7052, 4254, 6747, 4660, 6111, 4833, 6740, 3648, 6541, 6353, 4292, 5683, 6342, 5307, 4839, 4716, 4086, 6314, 4376, 4840, 4166, 4121, 6478, 4173, 5281, 3658, 5971, 4564, 4458, 4583, 5221, 7227, 4880, 5229, 6596, 4569, 7256, 4109, 7008, 5399, 6083, 4883, 7181, 4653, 4041, 4727, 4152, 5484, 6000, 5294, 3936, 4844, 5883, 3818, 6259, 4943, 4130, 4700, 5980, 6018, 6012, 6833, 3715, 6378, 4380, 4925, 6340, 7276, 5166, 4517, 5512, 6177, 7238, 7207, 6034, 6705, 6606, 3850, 5485, 7051, 5874, 4750, 6029, 4244, 5808, 4422, 5203, 7184, 4319, 6591, 6205, 4765, 5685, 5172, 4191, 6662, 4497, 6909, 5050, 5435, 3944, 7254, 7258, 4900, 4810, 6350, 5376, 4338, 6546, 4879, 5680, 6221, 5876, 5793, 3558, 2035, 2143, 3552, 3410, 3060, 3204, 1690, 545, 2502, 3592, 2025, 2473, 115, 1217, 3146], [5755, 6511, 4285, 6174, 3890, 4869, 6780, 5592, 4799, 6658, 4239, 5286, 6236, 6828, 5138, 6260, 4795, 7001, 4163, 7068, 5807, 5007, 4861, 4084, 6084, 6982, 6398, 4343, 7245, 3754, 3693, 4808, 3712, 6081, 6091, 7155, 5851, 6513, 4174, 5535, 5671, 5169, 4296, 4033, 3698, 4144, 4548, 4068, 4393, 5641, 6851, 4667, 6188, 3907, 3808, 5979, 3927, 6183, 4769, 5113, 6439, 7213, 4547, 6814, 5867, 5343, 3779, 5568, 6187, 3792, 6448, 6694, 5001, 3689, 5063, 5167, 4864, 6419, 5905, 4501, 4807, 7209, 5545, 6971, 3746, 5454, 5041, 3914, 4801, 4363, 6223, 6566, 7078, 4418, 7170, 6809, 3681, 5161, 5028, 5929, 6070, 4995, 6262, 6505, 3921, 4277, 5772, 6027, 3946, 6073, 3889, 3963, 6368, 6375, 6988, 5540, 4530, 6451, 6321, 6026, 4739, 6376, 5752, 5817, 4138, 4721, 7072, 4516, 4178, 7193, 5076, 5626, 6963, 6797, 4788, 4305, 4726, 6773, 6698, 7218, 3714, 6689, 4888, 5305, 5125, 4404, 5433, 4843, 7137, 5611, 3828, 6992, 4793, 5495, 3870, 5055, 7183, 3836, 5121, 5042, 7230, 4574, 3654, 4963, 5795, 4993, 5659, 4990, 511, 1373, 2319, 2703, 2723, 3328, 3185, 3260, 2443], [7264, 6224, 6349, 3978, 4187, 7075, 4049, 6711, 5057, 5878, 4447, 6585, 6652, 5403, 7159, 4234, 5786, 5321, 6299, 6959, 4275, 6005, 3661, 5263, 5031, 4624, 5699, 4248, 5934, 5766, 4246, 5162, 5318, 4830, 7061, 3750, 5367, 5553, 6820, 6955, 5679, 4402, 5193, 3991, 4427, 6579, 4228, 5591, 5973, 7057, 6315, 5922, 6007, 3677, 5058, 3898, 4132, 6790, 6244, 5146, 3647, 6468, 5612, 6282, 4211, 3980, 6514, 4058, 4536, 5614, 5332, 5256, 3919, 5716, 6819, 5852, 5951, 6779, 3917, 6114, 6483, 3815, 3988, 7135, 4852, 4980, 4782, 5108, 6425, 4471, 6215, 6008, 4719, 4594, 4020, 4821, 5821, 5691, 5218, 4620, 5926, 6495, 6241, 3825, 4717, 5045, 6687, 3831, 3933, 6826, 4050, 4601, 6062, 4561, 6742, 6850, 4895, 4981, 3993, 4812, 4182, 5569, 7024, 7020, 6858, 5519, 4632, 4580, 4519, 5687, 4116, 6969, 7231, 5296, 5828, 4129, 4472, 6248, 4352, 5936, 4576, 143, 3, 785, 3065, 1993, 2965, 3069, 1795, 3343, 548, 2968], [5843, 5297, 5236, 6622, 6932, 3747, 6316, 3838, 6407, 4359, 3685, 5689, 4553, 5991, 5032, 5522, 6381, 3735, 4527, 4724, 5091, 5761, 3657, 5578, 6309, 4017, 3716, 3896, 6570, 5762, 7149, 5704, 5122, 4365, 6423, 3951, 6867, 5811, 6977, 6387, 6836, 6135, 5117, 3780, 6044, 7150, 4718, 6172, 6386, 4210, 3958, 3674, 5124, 6883, 5176, 6582, 7224, 6199, 6021, 7185, 4196, 7239, 4570, 5574, 6038, 6105, 7247, 6389, 3885, 6573, 3763, 4094, 5079, 5230, 5006, 7005, 6263, 4023, 6551, 5139, 6786, 6774, 3751, 5595, 6293, 4253, 5486, 4856, 3741, 4945, 5455, 4682, 7073, 6690, 5729, 4271, 6760, 4346, 7036, 5184, 5135, 3824, 6292, 5986, 5904, 3983, 4067, 7180, 5372, 5698, 5040, 6926, 7132, 3866, 5132, 6726, 5550, 5056, 3705, 5615, 6159, 5189, 5232, 7092, 4554, 4233, 5209, 5608, 6670, 7168, 5464, 4124, 5637, 7244, 7189, 7229, 3801, 6428, 5552, 5377, 5829, 6214, 4685, 6804, 5112, 7241, 4817, 5463, 3794, 6035, 5279, 4309, 5733, 3990, 4796, 6998, 4339, 4917, 6899, 4715, 5064, 2693, 2005, 3242, 3443, 1951, 2686, 3630, 3477, 1833, 2907, 1597, 2531, 2536, 2882]]
Cpos, Cneg:  5.0 5.0
..........*
optimization finished, #iter = 10489
nu = 0.171539
obj = -3124.114568, rho = 0.197644
nSV = 7225, nBSV = 0
Weight vector
