10
=== Three UTR, k-mer  length: 5 ===

<SparseDataSet instance>
number of patterns: 7284

training ***********************************************************
Cpos, Cneg:  0.5 0.5
.....*
optimization finished, #iter = 5285
nu = 0.910809
obj = -2113.938114, rho = 0.532314
nSV = 6399, nBSV = 3850
testing ***********************************************************
training ***********************************************************
Cpos, Cneg:  0.5 0.5
.....*
optimization finished, #iter = 5385
nu = 0.906725
obj = -2104.880575, rho = 0.534935
nSV = 6386, nBSV = 3810
testing ***********************************************************
training ***********************************************************
Cpos, Cneg:  0.5 0.5
.....*
optimization finished, #iter = 5318
nu = 0.909954
obj = -2109.799903, rho = 0.532985
nSV = 6397, nBSV = 3838
testing ***********************************************************
training ***********************************************************
Cpos, Cneg:  0.5 0.5
.....*
optimization finished, #iter = 5282
nu = 0.911314
obj = -2114.034626, rho = 0.531876
nSV = 6398, nBSV = 3868
testing ***********************************************************
training ***********************************************************
Cpos, Cneg:  0.5 0.5
.....*
optimization finished, #iter = 5264
nu = 0.911710
obj = -2118.340648, rho = 0.531650
nSV = 6391, nBSV = 3889
testing ***********************************************************
training ***********************************************************
Cpos, Cneg:  0.5 0.5
.....*
optimization finished, #iter = 5281
nu = 0.910884
obj = -2112.547285, rho = 0.531144
nSV = 6392, nBSV = 3869
testing ***********************************************************
training ***********************************************************
Cpos, Cneg:  0.5 0.5
.....*
optimization finished, #iter = 5232
nu = 0.913671
obj = -2118.159209, rho = 0.530199
nSV = 6403, nBSV = 3886
testing ***********************************************************
training ***********************************************************
Cpos, Cneg:  0.5 0.5
.....*
optimization finished, #iter = 5287
nu = 0.911532
obj = -2113.323002, rho = 0.530782
nSV = 6394, nBSV = 3849
testing ***********************************************************
training ***********************************************************
Cpos, Cneg:  0.5 0.5
.....*
optimization finished, #iter = 5253
nu = 0.912113
obj = -2116.496767, rho = 0.531988
nSV = 6395, nBSV = 3897
testing ***********************************************************
training ***********************************************************
Cpos, Cneg:  0.5 0.5
.....*
optimization finished, #iter = 5302
nu = 0.910497
obj = -2112.669970, rho = 0.533328
nSV = 6394, nBSV = 3836
testing ***********************************************************
Success Rate:  0.765.
Balanced Success Rate:  0.765.
Sensitivity:  0.966.
PPV:  0.690.
ROC:  0.884.
Results Log: 
[trainingTime 14.93
numSV 6399
testingTime 0.54, trainingTime 14.94
numSV 6386
testingTime 0.55, trainingTime 14.82
numSV 6397
testingTime 0.53, trainingTime 14.83
numSV 6398
testingTime 0.52, trainingTime 14.69
numSV 6391
testingTime 0.5, trainingTime 14.75
numSV 6392
testingTime 0.5, trainingTime 14.78
numSV 6403
testingTime 0.51, trainingTime 14.79
numSV 6394
testingTime 0.51, trainingTime 14.75
numSV 6395
testingTime 0.51, trainingTime 14.72
numSV 6394
testingTime 0.5]
Predicted class length: 10, Given Class Length: 10
Incorrectly predicted labels: 
[[4945, 5626, 6344, 6996, 6900, 5149, 7184, 6751, 6513, 5079, 4724, 5775, 6165, 6396, 6844, 4980, 4211, 4951, 4912, 7101, 5648, 4239, 3644, 3680, 5569, 4592, 6679, 4237, 4614, 4067, 7040, 3647, 5185, 3860, 6742, 4695, 4058, 5575, 4177, 5053, 6796, 5031, 5157, 6892, 4291, 6988, 5867, 6156, 6526, 6780, 6602, 3751, 5041, 6069, 4580, 4427, 4574, 5464, 3843, 3936, 6134, 4271, 6031, 4356, 4105, 6395, 5223, 4245, 4564, 3722, 4905, 3665, 4547, 5158, 3967, 5545, 5169, 3698, 4305, 6487, 4683, 6833, 4606, 5141, 6562, 5472, 5380, 4234, 5033, 6782, 3993, 5145, 6327, 7230, 4091, 5489, 4831, 4278, 5131, 5351, 4888, 5943, 6244, 3902, 7235, 6416, 4986, 4295, 7013, 3943, 3914, 4039, 5748, 6353, 4847, 6871, 4395, 6164, 4378, 6381, 5042, 6296, 7083, 6159, 6403, 4134, 5946, 5001, 4335, 7237, 6957, 6102, 4133, 4868, 6263, 5281, 4208, 4594, 4166, 3656, 6316, 5385, 4676, 5912, 4878, 5566, 4418, 4459, 5366, 3796, 5641, 5009, 4705, 1094, 3443, 3069, 3049, 2319, 3235, 2316, 1257, 2839, 57, 3557], [4346, 6756, 6865, 5408, 6570, 6191, 3794, 7135, 6982, 4575, 6867, 6644, 4006, 7014, 5237, 5171, 6073, 4410, 4178, 7134, 7088, 3961, 4799, 5763, 3648, 5028, 4517, 5163, 3693, 6726, 6376, 4844, 7132, 3828, 6058, 5229, 5355, 4376, 4943, 7049, 5623, 3643, 4995, 7236, 3788, 5186, 6293, 4917, 4548, 6172, 3825, 5549, 5407, 4660, 7070, 5733, 6409, 4255, 5807, 6511, 7005, 5716, 6425, 5348, 6885, 6188, 4685, 3661, 6573, 7168, 5389, 4049, 4925, 5326, 7216, 4163, 3989, 7163, 5574, 6665, 3741, 3899, 4919, 4402, 4485, 4269, 5266, 7086, 4054, 4129, 6250, 5654, 6029, 3681, 5209, 6282, 5184, 4173, 3674, 5228, 5497, 3882, 5548, 5022, 4150, 5377, 5596, 5045, 4961, 6984, 5817, 6572, 5463, 4536, 5426, 6508, 4889, 5880, 6218, 5064, 6144, 5111, 4339, 5095, 4261, 4151, 4576, 6008, 6185, 3663, 4296, 5304, 5322, 5307, 5685, 6135, 4489, 4537, 7167, 4263, 4309, 6889, 3750, 4031, 5580, 6814, 6873, 5827, 5287, 5975, 7253, 3990, 6478, 3923, 4839, 5816, 6483, 3035, 2558, 2686, 2035, 2025, 3388, 3086, 2143, 3146, 3558, 2745, 3202, 3037, 3592], [4248, 4116, 6274, 7112, 6861, 5057, 6850, 5962, 4796, 5871, 5601, 7279, 4288, 4016, 5577, 4531, 6736, 4246, 5687, 4894, 6943, 5294, 4797, 4855, 4428, 5979, 5461, 6110, 7100, 5212, 4835, 4709, 6797, 6003, 4693, 4932, 5460, 5576, 3683, 5099, 6805, 4779, 6190, 5433, 3998, 5640, 7024, 4665, 6189, 3937, 5879, 4186, 5374, 5413, 5680, 5820, 4444, 5176, 5900, 6968, 3980, 5996, 4589, 6077, 5213, 3958, 5091, 4362, 4971, 6886, 7137, 7251, 6937, 5055, 6634, 3870, 4483, 4114, 6026, 6426, 6737, 4233, 5582, 6730, 6313, 5815, 4228, 4447, 4426, 5670, 6828, 7218, 3978, 6174, 4473, 6114, 7153, 7073, 6032, 5338, 5123, 5765, 3817, 4393, 4711, 5986, 4501, 6887, 4667, 6995, 4622, 7205, 4319, 6662, 4723, 4946, 5611, 4275, 5694, 5787, 5369, 4768, 3906, 4015, 6617, 6268, 5846, 7217, 4065, 3809, 4458, 7193, 7044, 5544, 3854, 5484, 6155, 5822, 6287, 6802, 4728, 5032, 5876, 5758, 5818, 4138, 4896, 7189, 5828, 4663, 5562, 4843, 5279, 5808, 5234, 6707, 7052, 5221, 4270, 7046, 3178, 1648, 3504, 2350, 3065, 3328, 1791, 2786, 1951], [6551, 4062, 6107, 4046, 3726, 5786, 4635, 5779, 6912, 5691, 5072, 4056, 5302, 5872, 6292, 4417, 5138, 5699, 6167, 4385, 6299, 7064, 6407, 4602, 5278, 6451, 4840, 3898, 3757, 4583, 5000, 7169, 3814, 4182, 4710, 6962, 5505, 6798, 7170, 5357, 3911, 6193, 6642, 4120, 7057, 5500, 5604, 6712, 6367, 6557, 3913, 6361, 3917, 7159, 7051, 5486, 4021, 5063, 3706, 3878, 6304, 6210, 4729, 6663, 6393, 4770, 6830, 6947, 6734, 5267, 5160, 4022, 5129, 4554, 4752, 7061, 6203, 4035, 5568, 5961, 4716, 4815, 6836, 6382, 6271, 3940, 6747, 6959, 4010, 3859, 5854, 5721, 6187, 4715, 3707, 6379, 4686, 7015, 7183, 4569, 5305, 6975, 5525, 4895, 3948, 6851, 4424, 6214, 4070, 4007, 3844, 5599, 5590, 7150, 4829, 4285, 5448, 6720, 6687, 4041, 4422, 5073, 5008, 6520, 4050, 4962, 5318, 5886, 3956, 5639, 6001, 5482, 4197, 3957, 7008, 6066, 3910, 3658, 4998, 6161, 6719, 6789, 7228, 6767, 4519, 6997, 5868, 4557, 5425, 5397, 6770, 5246, 6566, 6260, 6955, 3691, 7091, 2473, 345, 2689, 3630, 3044, 2195, 1436, 3343, 1690, 2059], [4143, 6901, 4187, 4864, 6545, 5802, 5162, 5335, 3889, 4524, 5953, 5956, 4094, 5830, 7047, 6993, 4510, 3840, 4856, 6057, 5933, 5122, 5332, 5919, 5895, 5629, 7068, 6176, 4738, 3672, 5608, 5218, 5006, 5474, 4404, 4514, 4964, 4807, 6179, 5202, 4539, 4109, 6809, 5382, 4893, 4472, 4530, 4857, 6305, 3657, 4142, 5772, 6248, 5552, 3850, 7063, 4364, 3769, 5155, 5280, 5914, 5684, 5948, 6652, 6824, 5367, 7128, 3907, 6315, 7207, 7108, 3705, 4787, 7158, 6910, 6594, 6084, 4369, 3699, 7241, 7229, 5985, 4324, 5967, 4651, 6546, 5918, 5700, 5904, 7022, 5349, 3753, 6698, 7037, 6007, 4506, 6659, 5403, 4068, 5866, 5248, 5592, 6592, 4810, 5004, 5178, 7119, 4352, 6044, 7224, 5030, 4871, 7191, 7078, 5147, 6626, 6406, 5683, 3746, 4147, 4518, 4374, 6615, 4559, 4717, 5750, 5297, 6902, 4551, 7141, 4973, 7120, 5960, 6324, 5446, 3836, 4726, 4240, 7213, 4498, 4566, 6303, 3903, 6581, 4739, 4206, 3970, 6489, 5066, 2968, 2120, 2734, 3608, 2737, 1217, 441, 1373, 3, 2764], [3716, 5090, 5731, 4813, 6221, 5113, 5718, 4057, 5206, 6711, 5849, 5874, 4675, 6670, 3885, 4249, 6764, 7075, 5901, 4561, 5415, 7283, 4515, 6740, 6330, 6245, 6122, 5890, 4476, 6643, 7264, 3933, 6229, 3866, 6575, 6419, 4253, 6333, 5829, 6111, 6552, 5255, 4937, 5521, 6387, 6694, 4720, 4471, 4909, 5982, 6989, 6803, 6349, 6205, 6534, 4247, 5947, 4596, 3711, 6576, 4027, 3793, 6340, 4297, 4152, 4795, 5929, 3785, 5761, 3824, 6713, 7239, 5911, 6909, 3896, 5891, 7087, 6410, 7185, 5215, 4765, 4694, 5922, 6314, 4883, 4379, 6192, 5143, 4732, 5809, 6606, 4516, 6631, 5230, 6721, 5336, 4148, 4700, 5916, 4368, 6699, 5803, 6847, 4611, 7227, 6638, 3963, 5783, 5535, 4808, 4718, 5778, 4121, 6049, 6146, 5776, 6632, 7175, 6804, 4075, 5756, 4879, 5012, 5376, 7186, 6012, 7023, 5698, 4837, 5400, 5040, 6290, 4918, 4897, 7123, 6309, 4244, 4090, 6519, 4860, 4854, 5671, 4318, 6215, 5616, 5252, 4466, 5932, 5495, 4130, 5139, 6790, 6236, 5531, 3792, 3927, 3677, 5217, 6858, 5542, 4343, 5678, 4287, 4910, 4110, 1093, 781, 1795, 1091, 3402, 1763, 3260, 1572, 548, 677, 3490, 3187, 3185, 2386, 2263], [6883, 4161, 5546, 3815, 3670, 6212, 6582, 4882, 7180, 4793, 6067, 4914, 5851, 5591, 6440, 7036, 6339, 5108, 6599, 4907, 4272, 5014, 4264, 4455, 6773, 4812, 6992, 4527, 6682, 4867, 6035, 6000, 6422, 7077, 3953, 4776, 5107, 6045, 4365, 6621, 4257, 7240, 6038, 3974, 3763, 5167, 4621, 7250, 4076, 4706, 6027, 3748, 5235, 6177, 4688, 5337, 4135, 4000, 4906, 5142, 5991, 6948, 6021, 4544, 6760, 6386, 4260, 4033, 5749, 5282, 3767, 3901, 4821, 4791, 5125, 5823, 4869, 5533, 5196, 4595, 6922, 4344, 5435, 3908, 4577, 4767, 6495, 3842, 5270, 4218, 6786, 5704, 5203, 4445, 4721, 5288, 5249, 5584, 6501, 4947, 4988, 6420, 4788, 6620, 6088, 7214, 6514, 4004, 6956, 5268, 3787, 5555, 7244, 5522, 4020, 4488, 4407, 6945, 6223, 7001, 3805, 3983, 6853, 3685, 5263, 6940, 4751, 4600, 3991, 5135, 4678, 3951, 3654, 5005, 4238, 5232, 4435, 6671, 6334, 4624, 6117, 6908, 6952, 6389, 5788, 4196, 6967, 6541, 4733, 6792, 5065, 5852, 6506, 3966, 4645, 6650, 4363, 5026, 5971, 5372, 6444, 4601, 3667, 3689, 1743, 2009, 2693, 2723, 2973, 2531, 824, 2339, 1942, 1560, 3496, 3367, 1425, 511], [6969, 4670, 5939, 6457, 6655, 4254, 6678, 6091, 3831, 7076, 4849, 5543, 4491, 4477, 5172, 5595, 6402, 6998, 4500, 6276, 6354, 7247, 3977, 4086, 6338, 4801, 5705, 6965, 7059, 4306, 3744, 3710, 5679, 5387, 5273, 6034, 3876, 5613, 3775, 5757, 3684, 3971, 4310, 4113, 5843, 6321, 6924, 6294, 6547, 6903, 5537, 4401, 6746, 5878, 5668, 6672, 5284, 6963, 4124, 3703, 3925, 3818, 4648, 6690, 6368, 4169, 3803, 5058, 6098, 3832, 7254, 4189, 5902, 4307, 5272, 4085, 5286, 3740, 5422, 3808, 6047, 5938, 4071, 4848, 3921, 7092, 3884, 4013, 4174, 5007, 5166, 3715, 4066, 5633, 6664, 3764, 7275, 6622, 6300, 3651, 6505, 5514, 4990, 5395, 6062, 6825, 4274, 5068, 6794, 3890, 4268, 5117, 4292, 6013, 5170, 7152, 7258, 3838, 5124, 6899, 5719, 4842, 6826, 6574, 4782, 4014, 4620, 7155, 5540, 5812, 5393, 6929, 5197, 7099, 6224, 6374, 5321, 5343, 4628, 6016, 4845, 6837, 3868, 6199, 5804, 7238, 7054, 6070, 6766, 3895, 4763, 4553, 6080, 6774, 6342, 5659, 4325, 5825, 5523, 5797, 4412, 4929, 5995, 6872, 5121, 6595, 4497, 6691, 5636, 4171, 7043, 4993, 6532, 3477, 115, 2882, 1368, 2005, 3582, 530, 3546, 3060, 1702, 3318, 1578, 2992, 2179, 387, 3605, 2703, 1993, 1833], [6820, 7149, 4652, 5010, 6108, 4587, 5768, 5729, 3664, 4780, 6971, 3754, 4366, 4802, 5399, 5161, 4326, 6262, 7245, 5485, 4320, 3779, 5201, 5506, 6661, 5454, 5189, 5813, 5119, 6864, 4400, 4329, 6432, 7058, 5386, 4916, 6819, 5224, 6375, 4430, 5873, 6042, 4180, 4558, 4155, 6181, 7010, 6658, 5999, 3988, 7089, 6705, 6105, 5236, 4933, 6350, 3874, 4586, 3712, 6636, 4833, 6217, 5118, 4017, 5934, 6015, 4191, 4025, 4509, 5855, 6241, 5799, 6413, 5844, 4102, 6759, 4125, 5417, 6911, 6591, 6604, 4144, 5935, 5637, 5811, 4391, 7072, 7020, 4684, 6879, 5283, 4338, 5920, 5274, 3649, 5663, 6758, 5550, 7276, 5620, 6882, 4229, 6686, 5614, 4480, 4170, 5383, 6614, 6926, 7232, 5553, 4598, 5519, 4627, 4981, 5693, 6145, 5375, 5076, 6779, 5214, 5861, 5739, 6703, 4674, 4682, 6464, 6750, 5689, 4044, 5244, 5578, 4618, 4023, 4900, 5681, 4653, 6785, 4852, 4159, 5657, 3984, 6061, 6195, 5276, 5762, 5766, 6585, 4453, 339, 294, 1048, 678, 2273, 3100, 545, 2001, 143, 2965, 2907], [3810, 5793, 3695, 4061, 6398, 6571, 4334, 5615, 5323, 5050, 5437, 4659, 6518, 5298, 4719, 6579, 4992, 4590, 5682, 4389, 6343, 5887, 5930, 6874, 4139, 3713, 6918, 3867, 4213, 5824, 5444, 5883, 4380, 6468, 3738, 6856, 3924, 4963, 6596, 4841, 7181, 5928, 3995, 6932, 5690, 4923, 4280, 4331, 5951, 4632, 5088, 5752, 5146, 6118, 3747, 5256, 5612, 5340, 5193, 6005, 5602, 5644, 7176, 6083, 3758, 4495, 4830, 5112, 6201, 6288, 7032, 7265, 5455, 3702, 4388, 5588, 4727, 7256, 4570, 5350, 5512, 6443, 4766, 4235, 4880, 5029, 5755, 6081, 5801, 6439, 4814, 6261, 5936, 5080, 5821, 6259, 4769, 5011, 5642, 3944, 5560, 3721, 4060, 4817, 6378, 5784, 5319, 6242, 5795, 5392, 6448, 3946, 4743, 4210, 6977, 7231, 4230, 6524, 6018, 5102, 5132, 5056, 4861, 4359, 5697, 3833, 4952, 6964, 4156, 4409, 3919, 5973, 3798, 5508, 3801, 5116, 6094, 6859, 5516, 4283, 5905, 7071, 5308, 5354, 4484, 4132, 6423, 4478, 5926, 6752, 4757, 6689, 6907, 3735, 7116, 6272, 4277, 1597, 2819, 3048, 3242, 3204, 2552, 2536, 3445, 2443, 831, 2502, 2430]]
Cpos, Cneg:  5.0 5.0
..........*
optimization finished, #iter = 10489
nu = 0.171539
obj = -3124.114568, rho = 0.197644
nSV = 7225, nBSV = 0
Weight vector
