This file contains any messages produced by compilers while
running configure, to aid debugging if configure makes a mistake.

It was created by stem_kernel configure 296a, which was
generated by GNU Autoconf 2.68.  Invocation command line was

  $ ./configure --prefix=/projects/bhandare/workspace/

## --------- ##
## Platform. ##
## --------- ##

hostname = login03.rc.colorado.edu
uname -m = x86_64
uname -r = 2.6.32-431.5.1.el6.x86_64
uname -s = Linux
uname -v = #1 SMP Fri Jan 10 14:46:43 EST 2014

/usr/bin/uname -p = unknown
/bin/uname -X     = unknown

/bin/arch              = x86_64
/usr/bin/arch -k       = unknown
/usr/convex/getsysinfo = unknown
/usr/bin/hostinfo      = unknown
/bin/machine           = unknown
/usr/bin/oslevel       = unknown
/bin/universe          = unknown

PATH: /home/bhandare/ImageMagick-6.8.8/bin
PATH: /curc/tools/x_86_64/rh6/boost/1.56/anaconda/2.0.0/openmpi/1.8.2/intel/13.0.0/include
PATH: /curc/tools/x_86_64/rh6/openmpi/1.8.2/intel/13.0.0/bin
PATH: /curc/tools/x_86_64/rh6/openmpi/1.8.2/intel/13.0.0
PATH: /curc/tools/x_86_64/rh6/intel/13.0.0/composer_xe_2013.0.079/bin/intel64
PATH: /curc/tools/x_86_64/rh6/jdk/1.7.0_17/bin
PATH: /curc/tools/x_86_64/rh6/jdk/1.7.0_17
PATH: /curc/slurm/slurm/current/bin
PATH: /curc/tools/x_86_64/rh6/epd/7.3.2/bin
PATH: /curc/tools/x_86_64/rh6/perl/5.18.0/bin
PATH: /home/bhandare/ImageMagick-6.8.8/bin
PATH: /usr/local/bin
PATH: /bin
PATH: /usr/bin
PATH: /usr/local/sbin
PATH: /usr/sbin
PATH: /sbin
PATH: /home/bhandare/bin
PATH: /home/bhandare/meme/bin
PATH: /home/bhandare/opt/slickedit/bin
PATH: /projects/bhandare/workspace/tools/weblogo
PATH: /projects/bhandare/workspace/tools/exe
PATH: /projects/bhandare/workspace/tools/samtools-0.1.19
PATH: /projects/bhandare/workspace/tools/homer/bin
PATH: /projects/bhandare/workspace/scripts
PATH: /projects/bhandare/workspace/tools/bedtools/bin
PATH: /projects/bhandare/workspace/tools/cufflinks-2.2.1.Linux_x86_64
PATH: /home/bhandare/bin
PATH: /home/bhandare/meme/bin
PATH: /home/bhandare/opt/slickedit/bin/
PATH: /projects/bhandare/workspace/tools/weblogo
PATH: /projects/bhandare/workspace/tools/exe
PATH: /projects/bhandare/workspace/tools/samtools-0.1.19
PATH: /projects/bhandare/workspace/tools/homer/.//bin/
PATH: /projects/bhandare/workspace/scripts
PATH: /projects/bhandare/workspace/tools/bedtools/bin
PATH: /projects/bhandare/workspace/tools/cufflinks-2.2.1.Linux_x86_64


## ----------- ##
## Core tests. ##
## ----------- ##

configure:2317: checking for a BSD-compatible install
configure:2385: result: /usr/bin/install -c
configure:2396: checking whether build environment is sane
configure:2446: result: yes
configure:2587: checking for a thread-safe mkdir -p
configure:2626: result: /bin/mkdir -p
configure:2639: checking for gawk
configure:2655: found /bin/gawk
configure:2666: result: gawk
configure:2677: checking whether make sets $(MAKE)
configure:2699: result: yes
configure:2896: checking for C++ compiler version
configure:2905: mpicxx --version >&5
icpc (ICC) 13.0.0 20120731
Copyright (C) 1985-2012 Intel Corporation.  All rights reserved.

configure:2916: $? = 0
configure:2905: mpicxx -v >&5
icpc version 13.0.0 (gcc version 4.4.7 compatibility)
configure:2916: $? = 0
configure:2905: mpicxx -V >&5
Intel(R) C++ Intel(R) 64 Compiler XE for applications running on Intel(R) 64, Version 13.0.0.079 Build 20120731
Copyright (C) 1985-2012 Intel Corporation.  All rights reserved.

configure:2916: $? = 0
configure:2905: mpicxx -qversion >&5
icpc: command line warning #10006: ignoring unknown option '-qversion'
icpc: command line error: no files specified; for help type "icpc -help"
configure:2916: $? = 1
configure:2936: checking whether the C++ compiler works
configure:2958: mpicxx  -I/projects/bhandare/workspace/include/ViennaRNA -I/curc/tools/x_86_64/rh6//boost/1.56/anaconda/2.0.0/openmpi/1.8.2/intel/13.0.0/include -I/projects/bhandare/workspace/include/ -L/projects/bhandare/workspace/lib -L/projects/bhandare/workspace/tools/ViennaRNA-1.8.5/lib/ -L/curc/tools/x_86_64/rh6//boost/1.56/anaconda/2.0.0/openmpi/1.8.2/intel/13.0.0/lib conftest.cpp  >&5
configure:2962: $? = 0
configure:3010: result: yes
configure:3013: checking for C++ compiler default output file name
configure:3015: result: a.out
configure:3021: checking for suffix of executables
configure:3028: mpicxx -o conftest  -I/projects/bhandare/workspace/include/ViennaRNA -I/curc/tools/x_86_64/rh6//boost/1.56/anaconda/2.0.0/openmpi/1.8.2/intel/13.0.0/include -I/projects/bhandare/workspace/include/ -L/projects/bhandare/workspace/lib -L/projects/bhandare/workspace/tools/ViennaRNA-1.8.5/lib/ -L/curc/tools/x_86_64/rh6//boost/1.56/anaconda/2.0.0/openmpi/1.8.2/intel/13.0.0/lib conftest.cpp  >&5
configure:3032: $? = 0
configure:3054: result: 
configure:3076: checking whether we are cross compiling
configure:3084: mpicxx -o conftest  -I/projects/bhandare/workspace/include/ViennaRNA -I/curc/tools/x_86_64/rh6//boost/1.56/anaconda/2.0.0/openmpi/1.8.2/intel/13.0.0/include -I/projects/bhandare/workspace/include/ -L/projects/bhandare/workspace/lib -L/projects/bhandare/workspace/tools/ViennaRNA-1.8.5/lib/ -L/curc/tools/x_86_64/rh6//boost/1.56/anaconda/2.0.0/openmpi/1.8.2/intel/13.0.0/lib conftest.cpp  >&5
configure:3088: $? = 0
configure:3095: ./conftest
configure:3099: $? = 0
configure:3114: result: no
configure:3119: checking for suffix of object files
configure:3141: mpicxx -c  -I/projects/bhandare/workspace/include/ViennaRNA -I/curc/tools/x_86_64/rh6//boost/1.56/anaconda/2.0.0/openmpi/1.8.2/intel/13.0.0/include -I/projects/bhandare/workspace/include/ conftest.cpp >&5
configure:3145: $? = 0
configure:3166: result: o
configure:3170: checking whether we are using the GNU C++ compiler
configure:3189: mpicxx -c  -I/projects/bhandare/workspace/include/ViennaRNA -I/curc/tools/x_86_64/rh6//boost/1.56/anaconda/2.0.0/openmpi/1.8.2/intel/13.0.0/include -I/projects/bhandare/workspace/include/ conftest.cpp >&5
configure:3189: $? = 0
configure:3198: result: yes
configure:3207: checking whether mpicxx accepts -g
configure:3227: mpicxx -c -g -I/projects/bhandare/workspace/include/ViennaRNA -I/curc/tools/x_86_64/rh6//boost/1.56/anaconda/2.0.0/openmpi/1.8.2/intel/13.0.0/include -I/projects/bhandare/workspace/include/ conftest.cpp >&5
configure:3227: $? = 0
configure:3268: result: yes
configure:3302: checking for style of include used by make
configure:3330: result: GNU
configure:3355: checking dependency style of mpicxx
configure:3465: result: gcc3
configure:3528: checking for gcc
configure:3555: result: mpicc
configure:3784: checking for C compiler version
configure:3793: mpicc --version >&5
icc (ICC) 13.0.0 20120731
Copyright (C) 1985-2012 Intel Corporation.  All rights reserved.

configure:3804: $? = 0
configure:3793: mpicc -v >&5
icc version 13.0.0 (gcc version 4.4.7 compatibility)
configure:3804: $? = 0
configure:3793: mpicc -V >&5
Intel(R) C Intel(R) 64 Compiler XE for applications running on Intel(R) 64, Version 13.0.0.079 Build 20120731
Copyright (C) 1985-2012 Intel Corporation.  All rights reserved.

configure:3804: $? = 0
configure:3793: mpicc -qversion >&5
icc: command line warning #10006: ignoring unknown option '-qversion'
icc: command line error: no files specified; for help type "icc -help"
configure:3804: $? = 1
configure:3808: checking whether we are using the GNU C compiler
configure:3827: mpicc -c  -I/projects/bhandare/workspace/include/ViennaRNA -I/curc/tools/x_86_64/rh6//boost/1.56/anaconda/2.0.0/openmpi/1.8.2/intel/13.0.0/include -I/projects/bhandare/workspace/include/ conftest.c >&5
configure:3827: $? = 0
configure:3836: result: yes
configure:3845: checking whether mpicc accepts -g
configure:3865: mpicc -c -g -I/projects/bhandare/workspace/include/ViennaRNA -I/curc/tools/x_86_64/rh6//boost/1.56/anaconda/2.0.0/openmpi/1.8.2/intel/13.0.0/include -I/projects/bhandare/workspace/include/ conftest.c >&5
configure:3865: $? = 0
configure:3906: result: yes
configure:3923: checking for mpicc option to accept ISO C89
configure:3987: mpicc  -c -g -O2 -I/projects/bhandare/workspace/include/ViennaRNA -I/curc/tools/x_86_64/rh6//boost/1.56/anaconda/2.0.0/openmpi/1.8.2/intel/13.0.0/include -I/projects/bhandare/workspace/include/ conftest.c >&5
configure:3987: $? = 0
configure:4000: result: none needed
configure:4022: checking dependency style of mpicc
configure:4132: result: gcc3
configure:4154: checking whether the compiler implements namespaces
configure:4177: mpicxx -c -g -O2 -I/projects/bhandare/workspace/include/ViennaRNA -I/curc/tools/x_86_64/rh6//boost/1.56/anaconda/2.0.0/openmpi/1.8.2/intel/13.0.0/include -I/projects/bhandare/workspace/include/ conftest.cpp >&5
configure:4177: $? = 0
configure:4191: result: yes
configure:4199: checking whether the compiler supports Standard Template Library
configure:4228: mpicxx -c -g -O2 -I/projects/bhandare/workspace/include/ViennaRNA -I/curc/tools/x_86_64/rh6//boost/1.56/anaconda/2.0.0/openmpi/1.8.2/intel/13.0.0/include -I/projects/bhandare/workspace/include/ conftest.cpp >&5
configure:4228: $? = 0
configure:4242: result: yes
configure:4293: checking for ranlib
configure:4309: found /usr/bin/ranlib
configure:4320: result: ranlib
configure:4605: checking whether the Boost::Program_Options library is available
configure:4629: mpicxx -c -g -O2 -I/projects/bhandare/workspace/include/ViennaRNA -I/curc/tools/x_86_64/rh6//boost/1.56/anaconda/2.0.0/openmpi/1.8.2/intel/13.0.0/include -I/projects/bhandare/workspace/include/  conftest.cpp >&5
configure:4629: $? = 0
configure:4643: result: yes
configure:4655: checking for main in -lboost_program_options
configure:4674: mpicxx -o conftest -g -O2 -I/projects/bhandare/workspace/include/ViennaRNA -I/curc/tools/x_86_64/rh6//boost/1.56/anaconda/2.0.0/openmpi/1.8.2/intel/13.0.0/include -I/projects/bhandare/workspace/include/  -L/projects/bhandare/workspace/lib -L/projects/bhandare/workspace/tools/ViennaRNA-1.8.5/lib/ -L/curc/tools/x_86_64/rh6//boost/1.56/anaconda/2.0.0/openmpi/1.8.2/intel/13.0.0/lib  conftest.cpp -lboost_program_options   >&5
configure:4674: $? = 0
configure:4684: result: yes
configure:4752: checking build system type
configure:4766: result: x86_64-unknown-linux-gnu
configure:4818: checking whether the Boost::Thread library is available
configure:4850: mpicxx -c -pthread -g -O2 -I/projects/bhandare/workspace/include/ViennaRNA -I/curc/tools/x_86_64/rh6//boost/1.56/anaconda/2.0.0/openmpi/1.8.2/intel/13.0.0/include -I/projects/bhandare/workspace/include/  conftest.cpp >&5
configure:4850: $? = 0
configure:4865: result: yes
configure:4895: checking for main in -lboost_thread
configure:4914: mpicxx -o conftest -g -O2 -I/projects/bhandare/workspace/include/ViennaRNA -I/curc/tools/x_86_64/rh6//boost/1.56/anaconda/2.0.0/openmpi/1.8.2/intel/13.0.0/include -I/projects/bhandare/workspace/include/  -L/projects/bhandare/workspace/lib -L/projects/bhandare/workspace/tools/ViennaRNA-1.8.5/lib/ -L/curc/tools/x_86_64/rh6//boost/1.56/anaconda/2.0.0/openmpi/1.8.2/intel/13.0.0/lib  conftest.cpp -lboost_thread   >&5
configure:4914: $? = 0
configure:4924: result: yes
configure:5027: checking whether the Boost::IOStreams library is available
configure:5055: mpicxx -c -g -O2 -I/projects/bhandare/workspace/include/ViennaRNA -I/curc/tools/x_86_64/rh6//boost/1.56/anaconda/2.0.0/openmpi/1.8.2/intel/13.0.0/include -I/projects/bhandare/workspace/include/ -pthread  conftest.cpp >&5
configure:5055: $? = 0
configure:5069: result: yes
configure:5081: checking for main in -lboost_iostreams
configure:5100: mpicxx -o conftest -g -O2 -I/projects/bhandare/workspace/include/ViennaRNA -I/curc/tools/x_86_64/rh6//boost/1.56/anaconda/2.0.0/openmpi/1.8.2/intel/13.0.0/include -I/projects/bhandare/workspace/include/ -pthread  -L/projects/bhandare/workspace/lib -L/projects/bhandare/workspace/tools/ViennaRNA-1.8.5/lib/ -L/curc/tools/x_86_64/rh6//boost/1.56/anaconda/2.0.0/openmpi/1.8.2/intel/13.0.0/lib  conftest.cpp -lboost_iostreams   >&5
configure:5100: $? = 0
configure:5110: result: yes
configure:5176: checking for init_pf_fold in -lRNA
configure:5201: mpicxx -o conftest -g -O2 -I/projects/bhandare/workspace/include/ViennaRNA -I/curc/tools/x_86_64/rh6//boost/1.56/anaconda/2.0.0/openmpi/1.8.2/intel/13.0.0/include -I/projects/bhandare/workspace/include/ -L/projects/bhandare/workspace/lib -L/projects/bhandare/workspace/tools/ViennaRNA-1.8.5/lib/ -L/curc/tools/x_86_64/rh6//boost/1.56/anaconda/2.0.0/openmpi/1.8.2/intel/13.0.0/lib conftest.cpp -lRNA   >&5
configure:5201: $? = 0
configure:5210: result: yes
configure:5228: checking how to run the C++ preprocessor
configure:5255: mpicxx -E -I/projects/bhandare/workspace/include/ViennaRNA -I/curc/tools/x_86_64/rh6//boost/1.56/anaconda/2.0.0/openmpi/1.8.2/intel/13.0.0/include -I/projects/bhandare/workspace/include/ conftest.cpp
configure:5255: $? = 0
configure:5269: mpicxx -E -I/projects/bhandare/workspace/include/ViennaRNA -I/curc/tools/x_86_64/rh6//boost/1.56/anaconda/2.0.0/openmpi/1.8.2/intel/13.0.0/include -I/projects/bhandare/workspace/include/ conftest.cpp
conftest.cpp(17): error #2379: cannot open source file "ac_nonexistent.h"
  #include <ac_nonexistent.h>
                             ^

configure:5269: $? = 2
configure: failed program was:
| /* confdefs.h */
| #define PACKAGE_NAME "stem_kernel"
| #define PACKAGE_TARNAME "stem_kernel"
| #define PACKAGE_VERSION "296a"
| #define PACKAGE_STRING "stem_kernel 296a"
| #define PACKAGE_BUGREPORT "no-define"
| #define PACKAGE_URL ""
| #define PACKAGE "stem_kernel"
| #define VERSION "296a"
| #define HAVE_NAMESPACES /**/
| #define HAVE_STL /**/
| #define HAVE_BOOST_PROGRAM_OPTIONS /**/
| #define HAVE_BOOST_THREAD /**/
| #define HAVE_BOOST_IOSTREAMS /**/
| #define HAVE_LIBRNA 1
| /* end confdefs.h.  */
| #include <ac_nonexistent.h>
configure:5294: result: mpicxx -E
configure:5314: mpicxx -E -I/projects/bhandare/workspace/include/ViennaRNA -I/curc/tools/x_86_64/rh6//boost/1.56/anaconda/2.0.0/openmpi/1.8.2/intel/13.0.0/include -I/projects/bhandare/workspace/include/ conftest.cpp
configure:5314: $? = 0
configure:5328: mpicxx -E -I/projects/bhandare/workspace/include/ViennaRNA -I/curc/tools/x_86_64/rh6//boost/1.56/anaconda/2.0.0/openmpi/1.8.2/intel/13.0.0/include -I/projects/bhandare/workspace/include/ conftest.cpp
conftest.cpp(17): error #2379: cannot open source file "ac_nonexistent.h"
  #include <ac_nonexistent.h>
                             ^

configure:5328: $? = 2
configure: failed program was:
| /* confdefs.h */
| #define PACKAGE_NAME "stem_kernel"
| #define PACKAGE_TARNAME "stem_kernel"
| #define PACKAGE_VERSION "296a"
| #define PACKAGE_STRING "stem_kernel 296a"
| #define PACKAGE_BUGREPORT "no-define"
| #define PACKAGE_URL ""
| #define PACKAGE "stem_kernel"
| #define VERSION "296a"
| #define HAVE_NAMESPACES /**/
| #define HAVE_STL /**/
| #define HAVE_BOOST_PROGRAM_OPTIONS /**/
| #define HAVE_BOOST_THREAD /**/
| #define HAVE_BOOST_IOSTREAMS /**/
| #define HAVE_LIBRNA 1
| /* end confdefs.h.  */
| #include <ac_nonexistent.h>
configure:5357: checking for grep that handles long lines and -e
configure:5415: result: /bin/grep
configure:5420: checking for egrep
configure:5482: result: /bin/grep -E
configure:5487: checking for ANSI C header files
configure:5507: mpicxx -c -g -O2 -I/projects/bhandare/workspace/include/ViennaRNA -I/curc/tools/x_86_64/rh6//boost/1.56/anaconda/2.0.0/openmpi/1.8.2/intel/13.0.0/include -I/projects/bhandare/workspace/include/ conftest.cpp >&5
configure:5507: $? = 0
configure:5580: mpicxx -o conftest -g -O2 -I/projects/bhandare/workspace/include/ViennaRNA -I/curc/tools/x_86_64/rh6//boost/1.56/anaconda/2.0.0/openmpi/1.8.2/intel/13.0.0/include -I/projects/bhandare/workspace/include/ -L/projects/bhandare/workspace/lib -L/projects/bhandare/workspace/tools/ViennaRNA-1.8.5/lib/ -L/curc/tools/x_86_64/rh6//boost/1.56/anaconda/2.0.0/openmpi/1.8.2/intel/13.0.0/lib conftest.cpp -lRNA  >&5
configure:5580: $? = 0
configure:5580: ./conftest
configure:5580: $? = 0
configure:5591: result: yes
configure:5604: checking for sys/types.h
configure:5604: mpicxx -c -g -O2 -I/projects/bhandare/workspace/include/ViennaRNA -I/curc/tools/x_86_64/rh6//boost/1.56/anaconda/2.0.0/openmpi/1.8.2/intel/13.0.0/include -I/projects/bhandare/workspace/include/ conftest.cpp >&5
configure:5604: $? = 0
configure:5604: result: yes
configure:5604: checking for sys/stat.h
configure:5604: mpicxx -c -g -O2 -I/projects/bhandare/workspace/include/ViennaRNA -I/curc/tools/x_86_64/rh6//boost/1.56/anaconda/2.0.0/openmpi/1.8.2/intel/13.0.0/include -I/projects/bhandare/workspace/include/ conftest.cpp >&5
configure:5604: $? = 0
configure:5604: result: yes
configure:5604: checking for stdlib.h
configure:5604: mpicxx -c -g -O2 -I/projects/bhandare/workspace/include/ViennaRNA -I/curc/tools/x_86_64/rh6//boost/1.56/anaconda/2.0.0/openmpi/1.8.2/intel/13.0.0/include -I/projects/bhandare/workspace/include/ conftest.cpp >&5
configure:5604: $? = 0
configure:5604: result: yes
configure:5604: checking for string.h
configure:5604: mpicxx -c -g -O2 -I/projects/bhandare/workspace/include/ViennaRNA -I/curc/tools/x_86_64/rh6//boost/1.56/anaconda/2.0.0/openmpi/1.8.2/intel/13.0.0/include -I/projects/bhandare/workspace/include/ conftest.cpp >&5
configure:5604: $? = 0
configure:5604: result: yes
configure:5604: checking for memory.h
configure:5604: mpicxx -c -g -O2 -I/projects/bhandare/workspace/include/ViennaRNA -I/curc/tools/x_86_64/rh6//boost/1.56/anaconda/2.0.0/openmpi/1.8.2/intel/13.0.0/include -I/projects/bhandare/workspace/include/ conftest.cpp >&5
configure:5604: $? = 0
configure:5604: result: yes
configure:5604: checking for strings.h
configure:5604: mpicxx -c -g -O2 -I/projects/bhandare/workspace/include/ViennaRNA -I/curc/tools/x_86_64/rh6//boost/1.56/anaconda/2.0.0/openmpi/1.8.2/intel/13.0.0/include -I/projects/bhandare/workspace/include/ conftest.cpp >&5
configure:5604: $? = 0
configure:5604: result: yes
configure:5604: checking for inttypes.h
configure:5604: mpicxx -c -g -O2 -I/projects/bhandare/workspace/include/ViennaRNA -I/curc/tools/x_86_64/rh6//boost/1.56/anaconda/2.0.0/openmpi/1.8.2/intel/13.0.0/include -I/projects/bhandare/workspace/include/ conftest.cpp >&5
configure:5604: $? = 0
configure:5604: result: yes
configure:5604: checking for stdint.h
configure:5604: mpicxx -c -g -O2 -I/projects/bhandare/workspace/include/ViennaRNA -I/curc/tools/x_86_64/rh6//boost/1.56/anaconda/2.0.0/openmpi/1.8.2/intel/13.0.0/include -I/projects/bhandare/workspace/include/ conftest.cpp >&5
configure:5604: $? = 0
configure:5604: result: yes
configure:5604: checking for unistd.h
configure:5604: mpicxx -c -g -O2 -I/projects/bhandare/workspace/include/ViennaRNA -I/curc/tools/x_86_64/rh6//boost/1.56/anaconda/2.0.0/openmpi/1.8.2/intel/13.0.0/include -I/projects/bhandare/workspace/include/ conftest.cpp >&5
configure:5604: $? = 0
configure:5604: result: yes
configure:5616: checking boost/multi_array.hpp usability
configure:5616: mpicxx -c -g -O2 -I/projects/bhandare/workspace/include/ViennaRNA -I/curc/tools/x_86_64/rh6//boost/1.56/anaconda/2.0.0/openmpi/1.8.2/intel/13.0.0/include -I/projects/bhandare/workspace/include/ conftest.cpp >&5
configure:5616: $? = 0
configure:5616: result: yes
configure:5616: checking boost/multi_array.hpp presence
configure:5616: mpicxx -E -I/projects/bhandare/workspace/include/ViennaRNA -I/curc/tools/x_86_64/rh6//boost/1.56/anaconda/2.0.0/openmpi/1.8.2/intel/13.0.0/include -I/projects/bhandare/workspace/include/ conftest.cpp
configure:5616: $? = 0
configure:5616: result: yes
configure:5616: checking for boost/multi_array.hpp
configure:5616: result: yes
configure:5625: checking ViennaRNA/ribo.h usability
configure:5625: mpicxx -c -g -O2 -I/projects/bhandare/workspace/include/ViennaRNA -I/curc/tools/x_86_64/rh6//boost/1.56/anaconda/2.0.0/openmpi/1.8.2/intel/13.0.0/include -I/projects/bhandare/workspace/include/ conftest.cpp >&5
configure:5625: $? = 0
configure:5625: result: yes
configure:5625: checking ViennaRNA/ribo.h presence
configure:5625: mpicxx -E -I/projects/bhandare/workspace/include/ViennaRNA -I/curc/tools/x_86_64/rh6//boost/1.56/anaconda/2.0.0/openmpi/1.8.2/intel/13.0.0/include -I/projects/bhandare/workspace/include/ conftest.cpp
configure:5625: $? = 0
configure:5625: result: yes
configure:5625: checking for ViennaRNA/ribo.h
configure:5625: result: yes
configure:5635: checking for stdbool.h that conforms to C99
configure:5702: mpicxx -c -g -O2 -I/projects/bhandare/workspace/include/ViennaRNA -I/curc/tools/x_86_64/rh6//boost/1.56/anaconda/2.0.0/openmpi/1.8.2/intel/13.0.0/include -I/projects/bhandare/workspace/include/ conftest.cpp >&5
conftest.cpp(31): error: expected a declaration
   "error: bool is not defined"
   ^

conftest.cpp(49): warning #12: parsing restarts here after previous syntax error
  	struct s { _Bool s: 1; _Bool t; } s;
  	                                   ^

conftest.cpp(59): error: identifier "s" is undefined
  	char i[sizeof s.t];
  	              ^

compilation aborted for conftest.cpp (code 2)
configure:5702: $? = 2
configure: failed program was:
| /* confdefs.h */
| #define PACKAGE_NAME "stem_kernel"
| #define PACKAGE_TARNAME "stem_kernel"
| #define PACKAGE_VERSION "296a"
| #define PACKAGE_STRING "stem_kernel 296a"
| #define PACKAGE_BUGREPORT "no-define"
| #define PACKAGE_URL ""
| #define PACKAGE "stem_kernel"
| #define VERSION "296a"
| #define HAVE_NAMESPACES /**/
| #define HAVE_STL /**/
| #define HAVE_BOOST_PROGRAM_OPTIONS /**/
| #define HAVE_BOOST_THREAD /**/
| #define HAVE_BOOST_IOSTREAMS /**/
| #define HAVE_LIBRNA 1
| #define STDC_HEADERS 1
| #define HAVE_SYS_TYPES_H 1
| #define HAVE_SYS_STAT_H 1
| #define HAVE_STDLIB_H 1
| #define HAVE_STRING_H 1
| #define HAVE_MEMORY_H 1
| #define HAVE_STRINGS_H 1
| #define HAVE_INTTYPES_H 1
| #define HAVE_STDINT_H 1
| #define HAVE_UNISTD_H 1
| #define HAVE_VIENNA18 /**/
| /* end confdefs.h.  */
| 
| #include <stdbool.h>
| #ifndef bool
|  "error: bool is not defined"
| #endif
| #ifndef false
|  "error: false is not defined"
| #endif
| #if false
|  "error: false is not 0"
| #endif
| #ifndef true
|  "error: true is not defined"
| #endif
| #if true != 1
|  "error: true is not 1"
| #endif
| #ifndef __bool_true_false_are_defined
|  "error: __bool_true_false_are_defined is not defined"
| #endif
| 
| 	struct s { _Bool s: 1; _Bool t; } s;
| 
| 	char a[true == 1 ? 1 : -1];
| 	char b[false == 0 ? 1 : -1];
| 	char c[__bool_true_false_are_defined == 1 ? 1 : -1];
| 	char d[(bool) 0.5 == true ? 1 : -1];
| 	/* See body of main program for 'e'.  */
| 	char f[(_Bool) 0.0 == false ? 1 : -1];
| 	char g[true];
| 	char h[sizeof (_Bool)];
| 	char i[sizeof s.t];
| 	enum { j = false, k = true, l = false * true, m = true * 256 };
| 	/* The following fails for
| 	   HP aC++/ANSI C B3910B A.05.55 [Dec 04 2003]. */
| 	_Bool n[m];
| 	char o[sizeof n == m * sizeof n[0] ? 1 : -1];
| 	char p[-1 - (_Bool) 0 < 0 && -1 - (bool) 0 < 0 ? 1 : -1];
| 	/* Catch a bug in an HP-UX C compiler.  See
| 	   http://gcc.gnu.org/ml/gcc-patches/2003-12/msg02303.html
| 	   http://lists.gnu.org/archive/html/bug-coreutils/2005-11/msg00161.html
| 	 */
| 	_Bool q = true;
| 	_Bool *pq = &q;
| 
| int
| main ()
| {
| 
| 	bool e = &s;
| 	*pq |= q;
| 	*pq |= ! q;
| 	/* Refer to every declared value, to avoid compiler optimizations.  */
| 	return (!a + !b + !c + !d + !e + !f + !g + !h + !i + !!j + !k + !!l
| 		+ !m + !n + !o + !p + !q + !pq);
| 
|   ;
|   return 0;
| }
configure:5709: result: no
configure:5711: checking for _Bool
configure:5711: mpicxx -c -g -O2 -I/projects/bhandare/workspace/include/ViennaRNA -I/curc/tools/x_86_64/rh6//boost/1.56/anaconda/2.0.0/openmpi/1.8.2/intel/13.0.0/include -I/projects/bhandare/workspace/include/ conftest.cpp >&5
conftest.cpp(64): error: identifier "_Bool" is undefined
  if (sizeof (_Bool))
              ^

compilation aborted for conftest.cpp (code 2)
configure:5711: $? = 2
configure: failed program was:
| /* confdefs.h */
| #define PACKAGE_NAME "stem_kernel"
| #define PACKAGE_TARNAME "stem_kernel"
| #define PACKAGE_VERSION "296a"
| #define PACKAGE_STRING "stem_kernel 296a"
| #define PACKAGE_BUGREPORT "no-define"
| #define PACKAGE_URL ""
| #define PACKAGE "stem_kernel"
| #define VERSION "296a"
| #define HAVE_NAMESPACES /**/
| #define HAVE_STL /**/
| #define HAVE_BOOST_PROGRAM_OPTIONS /**/
| #define HAVE_BOOST_THREAD /**/
| #define HAVE_BOOST_IOSTREAMS /**/
| #define HAVE_LIBRNA 1
| #define STDC_HEADERS 1
| #define HAVE_SYS_TYPES_H 1
| #define HAVE_SYS_STAT_H 1
| #define HAVE_STDLIB_H 1
| #define HAVE_STRING_H 1
| #define HAVE_MEMORY_H 1
| #define HAVE_STRINGS_H 1
| #define HAVE_INTTYPES_H 1
| #define HAVE_STDINT_H 1
| #define HAVE_UNISTD_H 1
| #define HAVE_VIENNA18 /**/
| /* end confdefs.h.  */
| #include <stdio.h>
| #ifdef HAVE_SYS_TYPES_H
| # include <sys/types.h>
| #endif
| #ifdef HAVE_SYS_STAT_H
| # include <sys/stat.h>
| #endif
| #ifdef STDC_HEADERS
| # include <stdlib.h>
| # include <stddef.h>
| #else
| # ifdef HAVE_STDLIB_H
| #  include <stdlib.h>
| # endif
| #endif
| #ifdef HAVE_STRING_H
| # if !defined STDC_HEADERS && defined HAVE_MEMORY_H
| #  include <memory.h>
| # endif
| # include <string.h>
| #endif
| #ifdef HAVE_STRINGS_H
| # include <strings.h>
| #endif
| #ifdef HAVE_INTTYPES_H
| # include <inttypes.h>
| #endif
| #ifdef HAVE_STDINT_H
| # include <stdint.h>
| #endif
| #ifdef HAVE_UNISTD_H
| # include <unistd.h>
| #endif
| int
| main ()
| {
| if (sizeof (_Bool))
| 	 return 0;
|   ;
|   return 0;
| }
configure:5711: result: no
configure:5727: checking for an ANSI C-conforming const
configure:5792: mpicxx -c -g -O2 -I/projects/bhandare/workspace/include/ViennaRNA -I/curc/tools/x_86_64/rh6//boost/1.56/anaconda/2.0.0/openmpi/1.8.2/intel/13.0.0/include -I/projects/bhandare/workspace/include/ conftest.cpp >&5
configure:5792: $? = 0
configure:5799: result: yes
configure:5807: checking for inline
configure:5823: mpicxx -c -g -O2 -I/projects/bhandare/workspace/include/ViennaRNA -I/curc/tools/x_86_64/rh6//boost/1.56/anaconda/2.0.0/openmpi/1.8.2/intel/13.0.0/include -I/projects/bhandare/workspace/include/ conftest.cpp >&5
configure:5823: $? = 0
configure:5831: result: inline
configure:5849: checking for size_t
configure:5849: mpicxx -c -g -O2 -I/projects/bhandare/workspace/include/ViennaRNA -I/curc/tools/x_86_64/rh6//boost/1.56/anaconda/2.0.0/openmpi/1.8.2/intel/13.0.0/include -I/projects/bhandare/workspace/include/ conftest.cpp >&5
configure:5849: $? = 0
configure:5849: mpicxx -c -g -O2 -I/projects/bhandare/workspace/include/ViennaRNA -I/curc/tools/x_86_64/rh6//boost/1.56/anaconda/2.0.0/openmpi/1.8.2/intel/13.0.0/include -I/projects/bhandare/workspace/include/ conftest.cpp >&5
conftest.cpp(64): error: expected an expression
  if (sizeof ((size_t)))
                      ^

compilation aborted for conftest.cpp (code 2)
configure:5849: $? = 2
configure: failed program was:
| /* confdefs.h */
| #define PACKAGE_NAME "stem_kernel"
| #define PACKAGE_TARNAME "stem_kernel"
| #define PACKAGE_VERSION "296a"
| #define PACKAGE_STRING "stem_kernel 296a"
| #define PACKAGE_BUGREPORT "no-define"
| #define PACKAGE_URL ""
| #define PACKAGE "stem_kernel"
| #define VERSION "296a"
| #define HAVE_NAMESPACES /**/
| #define HAVE_STL /**/
| #define HAVE_BOOST_PROGRAM_OPTIONS /**/
| #define HAVE_BOOST_THREAD /**/
| #define HAVE_BOOST_IOSTREAMS /**/
| #define HAVE_LIBRNA 1
| #define STDC_HEADERS 1
| #define HAVE_SYS_TYPES_H 1
| #define HAVE_SYS_STAT_H 1
| #define HAVE_STDLIB_H 1
| #define HAVE_STRING_H 1
| #define HAVE_MEMORY_H 1
| #define HAVE_STRINGS_H 1
| #define HAVE_INTTYPES_H 1
| #define HAVE_STDINT_H 1
| #define HAVE_UNISTD_H 1
| #define HAVE_VIENNA18 /**/
| /* end confdefs.h.  */
| #include <stdio.h>
| #ifdef HAVE_SYS_TYPES_H
| # include <sys/types.h>
| #endif
| #ifdef HAVE_SYS_STAT_H
| # include <sys/stat.h>
| #endif
| #ifdef STDC_HEADERS
| # include <stdlib.h>
| # include <stddef.h>
| #else
| # ifdef HAVE_STDLIB_H
| #  include <stdlib.h>
| # endif
| #endif
| #ifdef HAVE_STRING_H
| # if !defined STDC_HEADERS && defined HAVE_MEMORY_H
| #  include <memory.h>
| # endif
| # include <string.h>
| #endif
| #ifdef HAVE_STRINGS_H
| # include <strings.h>
| #endif
| #ifdef HAVE_INTTYPES_H
| # include <inttypes.h>
| #endif
| #ifdef HAVE_STDINT_H
| # include <stdint.h>
| #endif
| #ifdef HAVE_UNISTD_H
| # include <unistd.h>
| #endif
| int
| main ()
| {
| if (sizeof ((size_t)))
| 	    return 0;
|   ;
|   return 0;
| }
configure:5849: result: yes
configure:5865: checking for pow
configure:5865: mpicxx -o conftest -g -O2 -I/projects/bhandare/workspace/include/ViennaRNA -I/curc/tools/x_86_64/rh6//boost/1.56/anaconda/2.0.0/openmpi/1.8.2/intel/13.0.0/include -I/projects/bhandare/workspace/include/ -L/projects/bhandare/workspace/lib -L/projects/bhandare/workspace/tools/ViennaRNA-1.8.5/lib/ -L/curc/tools/x_86_64/rh6//boost/1.56/anaconda/2.0.0/openmpi/1.8.2/intel/13.0.0/lib conftest.cpp -lRNA  >&5
configure:5865: $? = 0
configure:5865: result: yes
configure:5865: checking for sqrt
configure:5865: mpicxx -o conftest -g -O2 -I/projects/bhandare/workspace/include/ViennaRNA -I/curc/tools/x_86_64/rh6//boost/1.56/anaconda/2.0.0/openmpi/1.8.2/intel/13.0.0/include -I/projects/bhandare/workspace/include/ -L/projects/bhandare/workspace/lib -L/projects/bhandare/workspace/tools/ViennaRNA-1.8.5/lib/ -L/curc/tools/x_86_64/rh6//boost/1.56/anaconda/2.0.0/openmpi/1.8.2/intel/13.0.0/lib conftest.cpp -lRNA  >&5
configure:5865: $? = 0
configure:5865: result: yes
configure:6048: creating ./config.status

## ---------------------- ##
## Running config.status. ##
## ---------------------- ##

This file was extended by stem_kernel config.status 296a, which was
generated by GNU Autoconf 2.68.  Invocation command line was

  CONFIG_FILES    = 
  CONFIG_HEADERS  = 
  CONFIG_LINKS    = 
  CONFIG_COMMANDS = 
  $ ./config.status 

on login03.rc.colorado.edu

config.status:901: creating Makefile
config.status:901: creating common/Makefile
config.status:901: creating libsvm/Makefile
config.status:901: creating string_kernel/Makefile
config.status:901: creating stem_kernel/Makefile
config.status:901: creating simpal/Makefile
config.status:901: creating stem_kernel_lite/Makefile
config.status:901: creating config.h
config.status:1082: config.h is unchanged
config.status:1130: executing depfiles commands

## ---------------- ##
## Cache variables. ##
## ---------------- ##

ac_cv_build=x86_64-unknown-linux-gnu
ac_cv_c_compiler_gnu=yes
ac_cv_c_const=yes
ac_cv_c_inline=inline
ac_cv_cxx_compiler_gnu=yes
ac_cv_cxx_have_stl=yes
ac_cv_cxx_namespaces=yes
ac_cv_env_CCC_set=
ac_cv_env_CCC_value=
ac_cv_env_CC_set=set
ac_cv_env_CC_value=mpicc
ac_cv_env_CFLAGS_set=
ac_cv_env_CFLAGS_value=
ac_cv_env_CPPFLAGS_set=set
ac_cv_env_CPPFLAGS_value='-I/projects/bhandare/workspace/include/ViennaRNA -I/curc/tools/x_86_64/rh6//boost/1.56/anaconda/2.0.0/openmpi/1.8.2/intel/13.0.0/include -I/projects/bhandare/workspace/include/'
ac_cv_env_CXXCPP_set=
ac_cv_env_CXXCPP_value=
ac_cv_env_CXXFLAGS_set=
ac_cv_env_CXXFLAGS_value=
ac_cv_env_CXX_set=set
ac_cv_env_CXX_value=mpicxx
ac_cv_env_LDFLAGS_set=set
ac_cv_env_LDFLAGS_value='-L/projects/bhandare/workspace/lib -L/projects/bhandare/workspace/tools/ViennaRNA-1.8.5/lib/ -L/curc/tools/x_86_64/rh6//boost/1.56/anaconda/2.0.0/openmpi/1.8.2/intel/13.0.0/lib'
ac_cv_env_LIBS_set=
ac_cv_env_LIBS_value=
ac_cv_env_MPICXX_set=
ac_cv_env_MPICXX_value=
ac_cv_env_build_alias_set=
ac_cv_env_build_alias_value=
ac_cv_env_host_alias_set=
ac_cv_env_host_alias_value=
ac_cv_env_target_alias_set=
ac_cv_env_target_alias_value=
ac_cv_func_pow=yes
ac_cv_func_sqrt=yes
ac_cv_header_ViennaRNA_ribo_h=yes
ac_cv_header_boost_multi_array_hpp=yes
ac_cv_header_inttypes_h=yes
ac_cv_header_memory_h=yes
ac_cv_header_stdbool_h=no
ac_cv_header_stdc=yes
ac_cv_header_stdint_h=yes
ac_cv_header_stdlib_h=yes
ac_cv_header_string_h=yes
ac_cv_header_strings_h=yes
ac_cv_header_sys_stat_h=yes
ac_cv_header_sys_types_h=yes
ac_cv_header_unistd_h=yes
ac_cv_lib_RNA_init_pf_fold=yes
ac_cv_lib_boost_iostreams___main=yes
ac_cv_lib_boost_program_options___main=yes
ac_cv_lib_boost_thread___main=yes
ac_cv_objext=o
ac_cv_path_EGREP='/bin/grep -E'
ac_cv_path_GREP=/bin/grep
ac_cv_path_install='/usr/bin/install -c'
ac_cv_path_mkdir=/bin/mkdir
ac_cv_prog_AWK=gawk
ac_cv_prog_CXXCPP='mpicxx -E'
ac_cv_prog_ac_ct_CC=mpicc
ac_cv_prog_ac_ct_RANLIB=ranlib
ac_cv_prog_cc_c89=
ac_cv_prog_cc_g=yes
ac_cv_prog_cxx_g=yes
ac_cv_prog_make_make_set=yes
ac_cv_type__Bool=no
ac_cv_type_size_t=yes
am_cv_CC_dependencies_compiler_type=gcc3
am_cv_CXX_dependencies_compiler_type=gcc3
ax_cv_boost_iostreams=yes
ax_cv_boost_program_options=yes
ax_cv_boost_thread=yes

## ----------------- ##
## Output variables. ##
## ----------------- ##

ACLOCAL='${SHELL} /projects/bhandare/workspace/kernels/stem_kernel-296a/missing --run aclocal-1.11'
AMDEPBACKSLASH='\'
AMDEP_FALSE='#'
AMDEP_TRUE=''
AMTAR='${SHELL} /projects/bhandare/workspace/kernels/stem_kernel-296a/missing --run tar'
AUTOCONF='${SHELL} /projects/bhandare/workspace/kernels/stem_kernel-296a/missing --run autoconf'
AUTOHEADER='${SHELL} /projects/bhandare/workspace/kernels/stem_kernel-296a/missing --run autoheader'
AUTOMAKE='${SHELL} /projects/bhandare/workspace/kernels/stem_kernel-296a/missing --run automake-1.11'
AWK='gawk'
BOOST_CPPFLAGS='-pthread '
BOOST_IOSTREAMS_LIB='-lboost_iostreams'
BOOST_LIBS=' -lboost_program_options -lboost_thread -lboost_iostreams'
BOOST_PROGRAM_OPTIONS_LIB='-lboost_program_options'
BOOST_THREAD_LIB='-lboost_thread'
CC='mpicc'
CCDEPMODE='depmode=gcc3'
CFLAGS='-g -O2'
CPPFLAGS='-I/projects/bhandare/workspace/include/ViennaRNA -I/curc/tools/x_86_64/rh6//boost/1.56/anaconda/2.0.0/openmpi/1.8.2/intel/13.0.0/include -I/projects/bhandare/workspace/include/'
CXX='mpicxx'
CXXCPP='mpicxx -E'
CXXDEPMODE='depmode=gcc3'
CXXFLAGS='-g -O2'
CYGPATH_W='echo'
DEFS='-DHAVE_CONFIG_H'
DEPDIR='.deps'
ECHO_C=''
ECHO_N='-n'
ECHO_T=''
EGREP='/bin/grep -E'
EXEEXT=''
GREP='/bin/grep'
INSTALL_DATA='${INSTALL} -m 644'
INSTALL_PROGRAM='${INSTALL}'
INSTALL_SCRIPT='${INSTALL}'
INSTALL_STRIP_PROGRAM='$(install_sh) -c -s'
LDFLAGS='-L/projects/bhandare/workspace/lib -L/projects/bhandare/workspace/tools/ViennaRNA-1.8.5/lib/ -L/curc/tools/x_86_64/rh6//boost/1.56/anaconda/2.0.0/openmpi/1.8.2/intel/13.0.0/lib'
LIBCONTRAFOLD=''
LIBOBJS=''
LIBS='-lRNA '
LTLIBOBJS=''
MAKEINFO='${SHELL} /projects/bhandare/workspace/kernels/stem_kernel-296a/missing --run makeinfo'
MKDIR_P='/bin/mkdir -p'
MPICXX=''
MPILIBS=''
OBJEXT='o'
OPT_REF_IMPL_FALSE=''
OPT_REF_IMPL_TRUE='#'
OPT_SIMPAL_FALSE=''
OPT_SIMPAL_TRUE='#'
OPT_STRING_KERNEL_FALSE=''
OPT_STRING_KERNEL_TRUE='#'
PACKAGE='stem_kernel'
PACKAGE_BUGREPORT='no-define'
PACKAGE_NAME='stem_kernel'
PACKAGE_STRING='stem_kernel 296a'
PACKAGE_TARNAME='stem_kernel'
PACKAGE_URL=''
PACKAGE_VERSION='296a'
PATH_SEPARATOR=':'
RANLIB='ranlib'
SET_MAKE=''
SHELL='/bin/sh'
STRIP=''
VERSION='296a'
ac_ct_CC='mpicc'
ac_ct_CXX=''
am__EXEEXT_FALSE=''
am__EXEEXT_TRUE='#'
am__fastdepCC_FALSE='#'
am__fastdepCC_TRUE=''
am__fastdepCXX_FALSE='#'
am__fastdepCXX_TRUE=''
am__include='include'
am__isrc=''
am__leading_dot='.'
am__quote=''
am__tar='${AMTAR} chof - "$$tardir"'
am__untar='${AMTAR} xf -'
bindir='${exec_prefix}/bin'
build='x86_64-unknown-linux-gnu'
build_alias=''
build_cpu='x86_64'
build_os='linux-gnu'
build_vendor='unknown'
datadir='${datarootdir}'
datarootdir='${prefix}/share'
docdir='${datarootdir}/doc/${PACKAGE_TARNAME}'
dvidir='${docdir}'
exec_prefix='${prefix}'
host_alias=''
htmldir='${docdir}'
includedir='${prefix}/include'
infodir='${datarootdir}/info'
install_sh='${SHELL} /projects/bhandare/workspace/kernels/stem_kernel-296a/install-sh'
libdir='${exec_prefix}/lib'
libexecdir='${exec_prefix}/libexec'
localedir='${datarootdir}/locale'
localstatedir='${prefix}/var'
mandir='${datarootdir}/man'
mkdir_p='/bin/mkdir -p'
oldincludedir='/usr/include'
pdfdir='${docdir}'
prefix='/projects/bhandare/workspace'
program_transform_name='s,x,x,'
psdir='${docdir}'
sbindir='${exec_prefix}/sbin'
sharedstatedir='${prefix}/com'
sysconfdir='${prefix}/etc'
target_alias=''

## ----------- ##
## confdefs.h. ##
## ----------- ##

/* confdefs.h */
#define PACKAGE_NAME "stem_kernel"
#define PACKAGE_TARNAME "stem_kernel"
#define PACKAGE_VERSION "296a"
#define PACKAGE_STRING "stem_kernel 296a"
#define PACKAGE_BUGREPORT "no-define"
#define PACKAGE_URL ""
#define PACKAGE "stem_kernel"
#define VERSION "296a"
#define HAVE_NAMESPACES /**/
#define HAVE_STL /**/
#define HAVE_BOOST_PROGRAM_OPTIONS /**/
#define HAVE_BOOST_THREAD /**/
#define HAVE_BOOST_IOSTREAMS /**/
#define HAVE_LIBRNA 1
#define STDC_HEADERS 1
#define HAVE_SYS_TYPES_H 1
#define HAVE_SYS_STAT_H 1
#define HAVE_STDLIB_H 1
#define HAVE_STRING_H 1
#define HAVE_MEMORY_H 1
#define HAVE_STRINGS_H 1
#define HAVE_INTTYPES_H 1
#define HAVE_STDINT_H 1
#define HAVE_UNISTD_H 1
#define HAVE_VIENNA18 /**/
#define HAVE_POW 1
#define HAVE_SQRT 1

configure: exit 0
