<SparseDataSet instance>
number of patterns: 205
class Label  /  Size 
 -1 : 102
 +1 : 103

training ***********************************************************
Cpos, Cneg:  0.49696969697 0.50303030303
*
optimization finished, #iter = 157
obj = -55.166704, rho = 0.798796
nSV = 145, nBSV = 119
testing ***********************************************************
training ***********************************************************
Cpos, Cneg:  0.49696969697 0.50303030303
*
optimization finished, #iter = 156
obj = -54.585193, rho = 0.679941
nSV = 146, nBSV = 118
testing ***********************************************************
training ***********************************************************
Cpos, Cneg:  0.49696969697 0.50303030303
*
optimization finished, #iter = 152
obj = -56.668737, rho = 0.656641
nSV = 147, nBSV = 123
testing ***********************************************************
training ***********************************************************
Cpos, Cneg:  0.49696969697 0.50303030303
*
optimization finished, #iter = 159
obj = -54.974459, rho = 0.578135
nSV = 146, nBSV = 122
testing ***********************************************************
training ***********************************************************
Cpos, Cneg:  0.5 0.5
*
optimization finished, #iter = 90
nu = 0.807509
obj = -53.611153, rho = 0.636457
nSV = 141, nBSV = 119
testing ***********************************************************
 ===== RESULTS ======
Success Rate:  0.702.
Balanced Success Rate:  0.702.
Sensitivity:  0.697.
PPV:  0.714.
ROC:  0.790.
ROC50:  0.790.
three_utr_5_spectrum.csv.eps
 ===== SCORING FEATURES ======
Cpos, Cneg:  4.9756097561 5.0243902439
.*
optimization finished, #iter = 262
obj = -328.651525, rho = 0.830510
nSV = 160, nBSV = 55
eliminating: [824, 600, 914, 543, 713, 174, 702, 944, 302, 306, 211, 478, 997, 947, 481, 986, 14, 957, 742, 940, 214, 913, 563, 1000, 384, 865, 867, 945, 146, 917, 745, 743, 424, 693, 437, 595, 191, 528, 902, 864, 676, 497, 194, 943, 580, 25, 990, 1018, 786, 923, 474, 213, 57, 647, 546, 615, 987, 430, 691, 187, 280, 1004, 462, 509, 272, 640, 999, 358, 882, 436, 601, 712, 925, 730, 868, 879, 350, 908, 372, 351, 648, 513, 504, 821, 661, 139, 915, 873, 852, 537, 539, 381, 70, 1001, 726, 996, 952, 232, 353, 273, 861, 422]
Cpos, Cneg:  4.9756097561 5.0243902439
.*
optimization finished, #iter = 277
obj = -332.126571, rho = 0.817124
nSV = 162, nBSV = 61
eliminating: [24, 486, 255, 852, 103, 900, 722, 643, 850, 170, 723, 652, 154, 434, 649, 766, 639, 771, 362, 66, 435, 83, 351, 801, 8, 863, 184, 834, 366, 791, 474, 892, 21, 913, 551, 671, 452, 237, 651, 823, 527, 797, 273, 25, 470, 378, 296, 258, 877, 228, 80, 254, 884, 550, 404, 841, 681, 116, 587, 601, 543, 837, 297, 703, 1, 490, 774, 225, 192, 29, 517, 803, 64, 832, 320, 304, 395, 433, 187, 450, 809, 122, 565, 236, 43, 314, 496, 493, 519, 727, 547, 822]
Cpos, Cneg:  4.9756097561 5.0243902439
.*
optimization finished, #iter = 280
obj = -329.403569, rho = 0.779300
nSV = 160, nBSV = 60
eliminating: [695, 766, 1, 671, 25, 655, 475, 481, 629, 190, 245, 384, 313, 428, 627, 712, 493, 734, 825, 640, 390, 262, 176, 445, 559, 576, 810, 806, 198, 519, 644, 563, 38, 19, 34, 267, 788, 637, 616, 185, 380, 37, 538, 304, 16, 751, 499, 772, 722, 754, 583, 556, 654, 746, 720, 713, 630, 690, 523, 171, 258, 250, 186, 197, 760, 675, 301, 324, 659, 423, 478, 550, 771, 284, 685, 529, 355, 300, 638, 35, 217, 151, 212]
Cpos, Cneg:  4.9756097561 5.0243902439
.*
optimization finished, #iter = 248
obj = -356.718590, rho = 0.740492
nSV = 162, nBSV = 68
eliminating: [307, 734, 148, 650, 207, 186, 624, 383, 736, 574, 135, 285, 22, 248, 440, 652, 718, 140, 649, 741, 416, 106, 366, 36, 374, 12, 452, 620, 280, 86, 560, 520, 190, 205, 69, 231, 563, 475, 646, 389, 611, 461, 399, 570, 321, 585, 182, 455, 468, 484, 412, 53, 459, 488, 152, 74, 245, 697, 358, 689, 511, 630, 8, 297, 110, 212, 333, 410, 726, 678, 131, 491, 302, 80]
Cpos, Cneg:  4.9756097561 5.0243902439
.*
optimization finished, #iter = 260
obj = -364.106819, rho = 0.728688
nSV = 162, nBSV = 70
eliminating: [112, 85, 599, 136, 537, 129, 126, 214, 401, 170, 664, 267, 127, 30, 489, 287, 341, 485, 163, 349, 118, 250, 176, 367, 526, 422, 653, 488, 650, 93, 335, 471, 618, 391, 62, 660, 354, 102, 413, 566, 632, 352, 553, 616, 63, 161, 562, 65, 613, 393, 119, 481, 414, 486, 652, 614, 626, 373, 78, 420, 570, 318, 605, 494, 83, 588, 581]
Cpos, Cneg:  4.9756097561 5.0243902439
.*
optimization finished, #iter = 227
obj = -375.156460, rho = 0.791471
nSV = 154, nBSV = 74
eliminating: [281, 46, 168, 491, 532, 113, 394, 436, 169, 284, 360, 276, 204, 433, 363, 353, 210, 246, 173, 26, 382, 147, 565, 446, 498, 261, 591, 503, 432, 581, 415, 183, 254, 160, 376, 68, 564, 551, 536, 342, 144, 513, 533, 45, 150, 15, 555, 279, 549, 157, 343, 424, 514, 484, 559, 318, 552, 595, 414, 554]
Cpos, Cneg:  4.9756097561 5.0243902439
.*
optimization finished, #iter = 233
obj = -380.876865, rho = 0.754440
nSV = 152, nBSV = 78
eliminating: [488, 132, 368, 118, 209, 208, 544, 95, 255, 308, 230, 248, 466, 302, 182, 325, 516, 409, 183, 108, 425, 277, 154, 402, 177, 384, 134, 224, 149, 33, 237, 161, 503, 468, 472, 349, 316, 502, 478, 284, 43, 510, 470, 298, 195, 244, 160, 190, 422, 474, 111, 500, 507, 350]
Cpos, Cneg:  4.9756097561 5.0243902439
.*
optimization finished, #iter = 229
obj = -377.667122, rho = 0.768666
nSV = 150, nBSV = 76
eliminating: [240, 343, 97, 316, 67, 133, 431, 203, 390, 315, 264, 463, 301, 262, 394, 60, 248, 307, 32, 192, 280, 460, 351, 305, 123, 289, 90, 324, 135, 116, 232, 211, 165, 382, 87, 440, 452, 427, 284, 222, 29, 481, 400, 302, 296, 166, 144, 164, 476]
Cpos, Cneg:  4.9756097561 5.0243902439
.*
optimization finished, #iter = 214
obj = -383.580096, rho = 0.786427
nSV = 149, nBSV = 77
eliminating: [36, 419, 241, 224, 278, 248, 162, 424, 218, 134, 377, 172, 330, 243, 31, 411, 121, 122, 156, 412, 383, 200, 391, 86, 345, 85, 35, 63, 196, 214, 316, 432, 365, 408, 433, 123, 388, 211, 146, 186, 266, 332, 308, 268]
Cpos, Cneg:  4.9756097561 5.0243902439
.*
optimization finished, #iter = 216
obj = -394.141239, rho = 0.774154
nSV = 153, nBSV = 80
eliminating: [325, 87, 395, 374, 81, 263, 349, 20, 187, 361, 25, 375, 32, 352, 105, 335, 207, 102, 58, 373, 28, 34, 180, 301, 345, 291, 282, 33, 376, 136, 304, 166, 11, 377, 256, 297, 390, 104, 40]
Cpos, Cneg:  4.9756097561 5.0243902439
.*
optimization finished, #iter = 210
obj = -397.296689, rho = 0.781316
nSV = 147, nBSV = 79
eliminating: [333, 58, 102, 27, 71, 32, 211, 197, 165, 42, 51, 222, 329, 233, 167, 57, 270, 162, 187, 17, 260, 359, 272, 311, 305, 77, 196, 47, 144, 200, 340, 120, 0, 41, 121, 194]
Cpos, Cneg:  4.9756097561 5.0243902439
.*
optimization finished, #iter = 218
obj = -406.299097, rho = 0.779790
nSV = 148, nBSV = 82
eliminating: [6, 207, 241, 117, 175, 256, 109, 45, 36, 231, 217, 200, 271, 278, 305, 276, 191, 57, 163, 167, 41, 239, 220, 100, 257, 44, 172, 170, 140, 206, 288, 253]
Cpos, Cneg:  4.9756097561 5.0243902439
*
optimization finished, #iter = 204
obj = -428.478445, rho = 0.796776
nSV = 150, nBSV = 88
eliminating: [177, 48, 39, 128, 191, 53, 16, 57, 236, 25, 281, 141, 135, 80, 184, 190, 291, 153, 77, 151, 114, 124, 44, 110, 253, 24, 275, 277, 227]
Cpos, Cneg:  4.9756097561 5.0243902439
.*
optimization finished, #iter = 218
obj = -430.661906, rho = 0.816472
nSV = 149, nBSV = 86
eliminating: [224, 101, 77, 20, 18, 91, 201, 215, 220, 177, 84, 86, 248, 245, 13, 260, 249, 40, 170, 73, 139, 157, 112, 135, 184, 242]
Cpos, Cneg:  4.9756097561 5.0243902439
*
optimization finished, #iter = 196
obj = -443.288271, rho = 0.852724
nSV = 149, nBSV = 96
eliminating: [174, 57, 191, 183, 85, 224, 232, 193, 130, 27, 223, 141, 202, 144, 194, 118, 142, 79, 3, 68, 25, 61, 181]
Cpos, Cneg:  4.9756097561 5.0243902439
*
optimization finished, #iter = 196
obj = -444.864713, rho = 0.972047
nSV = 147, nBSV = 94
eliminating: [172, 62, 169, 177, 158, 13, 168, 65, 53, 32, 80, 105, 150, 115, 146, 89, 186, 160, 95, 140, 35]
Cpos, Cneg:  4.9756097561 5.0243902439
*
optimization finished, #iter = 189
obj = -457.808204, rho = 0.965984
nSV = 146, nBSV = 96
eliminating: [48, 30, 55, 31, 135, 176, 38, 108, 110, 90, 172, 114, 121, 139, 190, 87, 104, 171, 175]
Cpos, Cneg:  4.9756097561 5.0243902439
*
optimization finished, #iter = 197
obj = -465.764685, rho = 0.969003
nSV = 147, nBSV = 98
eliminating: [142, 23, 49, 138, 161, 160, 172, 149, 105, 124, 64, 173, 139, 58, 24, 54, 126]
Cpos, Cneg:  4.9756097561 5.0243902439
*
optimization finished, #iter = 188
obj = -473.979218, rho = 0.964108
nSV = 145, nBSV = 101
eliminating: [150, 133, 52, 71, 125, 41, 66, 48, 65, 129, 23, 62, 73, 76, 40]
Cpos, Cneg:  4.9756097561 5.0243902439
*
optimization finished, #iter = 179
obj = -483.544618, rho = 0.998324
nSV = 141, nBSV = 104
eliminating: [51, 64, 140, 98, 37, 130, 40, 26, 83, 97, 138, 106, 81, 111]
Cpos, Cneg:  4.9756097561 5.0243902439
*
optimization finished, #iter = 191
obj = -493.133332, rho = 1.008830
nSV = 146, nBSV = 111
eliminating: [92, 106, 58, 77, 68, 21, 1, 121, 66, 26, 65, 74]
Cpos, Cneg:  4.9756097561 5.0243902439
*
optimization finished, #iter = 188
obj = -502.261913, rho = 0.965140
nSV = 142, nBSV = 110
eliminating: [30, 6, 49, 99, 62, 84, 16, 47, 91, 93, 9]
Cpos, Cneg:  4.9756097561 5.0243902439
*
optimization finished, #iter = 188
obj = -505.407554, rho = 1.069698
nSV = 143, nBSV = 110
eliminating: [3, 50, 55, 73, 14, 31, 64, 6, 78, 103]
Cpos, Cneg:  4.9756097561 5.0243902439
*
optimization finished, #iter = 185
obj = -511.429826, rho = 1.162409
nSV = 141, nBSV = 111
eliminating: [6, 17, 81, 65, 31, 75, 46, 59, 39]
Cpos, Cneg:  4.9756097561 5.0243902439
*
optimization finished, #iter = 172
obj = -518.313133, rho = 1.116669
nSV = 140, nBSV = 112
eliminating: [51, 13, 62, 69, 12, 20, 36, 6]
Cpos, Cneg:  4.9756097561 5.0243902439
*
optimization finished, #iter = 184
obj = -515.713561, rho = 0.975858
nSV = 138, nBSV = 113
eliminating: [57, 74, 23, 50, 28, 24, 52]
Cpos, Cneg:  4.9756097561 5.0243902439
*
optimization finished, #iter = 166
obj = -528.289132, rho = 1.056962
nSV = 135, nBSV = 115
eliminating: [52, 66, 25, 31, 5, 54, 2]
Cpos, Cneg:  4.9756097561 5.0243902439
*
optimization finished, #iter = 177
obj = -535.250520, rho = 1.079456
nSV = 139, nBSV = 115
eliminating: [57, 17, 29, 4, 23, 38]
Cpos, Cneg:  4.9756097561 5.0243902439
*
optimization finished, #iter = 173
obj = -543.503451, rho = 1.090246
nSV = 141, nBSV = 118
eliminating: [23, 47, 43, 40, 30]
Cpos, Cneg:  4.9756097561 5.0243902439
*
optimization finished, #iter = 180
obj = -550.495692, rho = 1.121458
nSV = 138, nBSV = 120
eliminating: [19, 38, 17, 42, 45]
Cpos, Cneg:  4.9756097561 5.0243902439
*
optimization finished, #iter = 168
obj = -564.226087, rho = 1.307441
nSV = 140, nBSV = 126
eliminating: [21, 47, 29, 46]
Cpos, Cneg:  4.9756097561 5.0243902439
*
optimization finished, #iter = 192
obj = -562.175644, rho = 1.235143
nSV = 138, nBSV = 121
eliminating: [37, 10, 27, 20]
Cpos, Cneg:  4.9756097561 5.0243902439
*
optimization finished, #iter = 163
obj = -566.187026, rho = 1.252689
nSV = 138, nBSV = 124
eliminating: [17, 30, 28, 3]
Cpos, Cneg:  4.9756097561 5.0243902439
*
optimization finished, #iter = 172
obj = -573.190999, rho = 1.324968
nSV = 139, nBSV = 124
eliminating: [32, 22, 14]
Cpos, Cneg:  4.9756097561 5.0243902439
*
optimization finished, #iter = 169
obj = -576.583883, rho = 1.355981
nSV = 138, nBSV = 126
eliminating: [26, 18, 24]
Cpos, Cneg:  4.9756097561 5.0243902439
*
optimization finished, #iter = 157
obj = -582.599868, rho = 1.335124
nSV = 136, nBSV = 125
eliminating: [14, 10, 11]
Cpos, Cneg:  4.9756097561 5.0243902439
*
optimization finished, #iter = 160
obj = -586.259597, rho = 1.352585
nSV = 136, nBSV = 127
eliminating: [20, 23]
Cpos, Cneg:  4.9756097561 5.0243902439
*
optimization finished, #iter = 154
obj = -589.885899, rho = 1.344896
nSV = 136, nBSV = 129
eliminating: [24, 14]
Cpos, Cneg:  4.9756097561 5.0243902439
*
optimization finished, #iter = 154
obj = -593.572389, rho = 1.426290
nSV = 137, nBSV = 128
eliminating: [16, 20]
Cpos, Cneg:  4.9756097561 5.0243902439
*
optimization finished, #iter = 158
obj = -594.129879, rho = 1.400749
nSV = 136, nBSV = 131
eliminating: [8]
Cpos, Cneg:  4.9756097561 5.0243902439
*
optimization finished, #iter = 166
obj = -528.289132, rho = 1.056962
nSV = 135, nBSV = 115
Weight vector
(4.790726977444247, 'TTTTT')
(2.7400851926406022, 'TTTGT')
(2.492568893238385, 'GGAGG')
(2.2735932060084565, 'TTGTT')
(2.086201711596681, 'GTTTT')
(2.047562331203083, 'AACTT')
(1.9616352862771864, 'TCTTT')
(1.9132317979073847, 'TTTAA')
(1.8747826358524589, 'TGTTT')
(1.8533239079488206, 'CTTTT')
(1.8311077413307868, 'ACTTG')
(1.759149257420408, 'AGTTT')
(1.731235732338153, 'TTGGG')
(1.694776900961877, 'AGAGG')
(1.6379969104537542, 'GAAAC')
(1.5787006544662971, 'TTTTG')
(1.5259652521035387, 'ACATT')
(1.5238262118747, 'CATTA')
(1.4681382461781196, 'GGTGG')
(1.4447434558903476, 'GAATT')
(1.4303134564909015, 'TAATT')
(1.4189226725326267, 'TAACT')
(1.3899448783848873, 'AATTT')
(1.3515757929245913, 'GTTTA')
(1.3307119469760877, 'AGGCA')
(1.2334448661811828, 'TTTAT')
(1.1881683615369836, 'TTAAT')
(1.076926824415195, 'GCAGG')
(1.0575989044444776, 'CTTTG')
(-1.1239252445293604, 'CATGA')
(-1.1819764848440513, 'AGAGA')
(-1.2324002376108911, 'CTCAT')
(-1.2374797793664432, 'GGGTT')
(-1.2394008494165996, 'ATCCT')
(-1.2496532032678784, 'GATCC')
(-1.2670216506649956, 'GAAAA')
(-1.2859979974652576, 'CTGCA')
(-1.3045279035812134, 'AGAAG')
(-1.3224562085408946, 'CCCAC')
(-1.3460465279631402, 'AAGCT')
(-1.3528386793562872, 'AGTGG')
(-1.37424675964562, 'CCTAG')
(-1.4295026730296394, 'AAAGA')
(-1.4780239492599307, 'TCAGC')
(-1.478899015840018, 'ATCAC')
(-1.47921208423826, 'AAATT')
(-1.490751911554208, 'AGAGC')
(-1.502484844537002, 'TCTGC')
(-1.5216485648759275, 'AAGAG')
(-1.5386003641789747, 'AAGGC')
(-1.5393114159513337, 'TTCAA')
(-1.5495027837158775, 'AATAG')
(-1.5806142454388747, 'CAATT')
(-1.6069797793034446, 'GAATG')
(-1.6353971343017433, 'GAAGA')
(-1.655884719622079, 'CTATT')
(-1.662792631478497, 'AACAG')
(-1.7137745495320809, 'ACATG')
(-1.7529567748271817, 'GAAAT')
(-1.8135924580932794, 'CCTCT')
(-1.8951049207003303, 'TTCAC')
(-1.9266832447228257, 'GCAAG')
(-1.9754007210434656, 'TGCTG')
(-2.005634130737367, 'ATGAA')
(-2.032079084025629, 'GCTGG')
(-2.0343936430716574, 'CAAGT')
(-2.0482418925453842, 'ATTTT')
(-2.1025484728639583, 'TGCTC')
(-2.2258580208224137, 'ATCTC')
(-2.7325325028020657, 'TCTCA')
(-3.3905281363249125, 'AAGAA')
48 ['TTTGT', 'TTTAA', 'TTTAT', 'TTTTT', 'TTTTG', 'TTAAT', 'TTCAC', 'TTGTT', 'TGTTT', 'TGCTC', 'TGCTG', 'AAGGC', 'AACAG', 'AACTT', 'AAATT', 'AATTT', 'TAACT', 'TAATT', 'CATTA', 'AGAGG', 'AGAGA', 'AGAGC', 'AGTGG', 'AGTTT', 'ATCTC', 'ATCCT', 'ATCAC', 'ATTTT', 'GGTGG', 'TCTTT', 'TCTCA', 'TCTGC', 'TCAGC', 'CCTCT', 'CCTAG', 'CCCAC', 'CTTTT', 'CTGCA', 'CTCAT', 'GTTTT', 'GTTTA', 'GATCC', 'GAATT', 'GAAGA', 'GCAAG', 'GCAGG', 'GCTGG', 'ACATT']
