Running iteration: 1
Running iteration: 2
Running iteration: 3
Running iteration: 4
Reading positive sequences /lustre/janus_scratch/bhandare/PySG/benchmark_output/TTP1_Test_SeqLength_Shuffle/8fc8506a-8b85-49d9-bc88-5659ed611485/512_256_100/Signal_512_256_100_TTP1.pwm.fa ...
Reading negative sequences /lustre/janus_scratch/bhandare/PySG/benchmark_output/TTP1_Test_SeqLength_Shuffle/8fc8506a-8b85-49d9-bc88-5659ed611485/512_256_100/NoSignal_512_256_100_TTP1.pwm.fa ...
Looking for motif 1...
Counting positive sequences with each word...
Counting negative sequences with each word...
Applying Fisher Exact Test to 42473 words...
Generalizing top 100 of 42473 REs to 1 ambiguous characters...
Generalizing top 100 of 224 REs to 2 ambiguous characters...
Generalizing top 6 of 6 REs to 3 ambiguous characters...
Computing exact p-values for 100 REs...
Best RE was AAAKAAAG CTTTMTTT p-value= 1.1e-066 E-value= 4.6e-062 Unerased_E-value= 4.6e-062
Erasing best word (AAAKAAAG CTTTMTTT)...
Looking for motif 2...
Counting positive sequences with each word...
Counting negative sequences with each word...
Applying Fisher Exact Test to 42448 words...
Generalizing top 100 of 42448 REs to 1 ambiguous characters...
Generalizing top 83 of 83 REs to 2 ambiguous characters...
Computing exact p-values for 83 REs...
Best RE was AAAAGSAA TTSCTTTT p-value= 8.1e-049 E-value= 3.4e-044 Unerased_E-value= 1.4e-044
Erasing best word (AAAAGSAA TTSCTTTT)...
Looking for motif 3...
Counting positive sequences with each word...
Counting negative sequences with each word...
Applying Fisher Exact Test to 42427 words...
Generalizing top 100 of 42427 REs to 1 ambiguous characters...
Generalizing top 14 of 14 REs to 2 ambiguous characters...
Computing exact p-values for 14 REs...
Best RE was CCCASCCC GGGSTGGG p-value= 9.0e-013 E-value= 3.8e-008 Unerased_E-value= 3.8e-008
Erasing best word (CCCASCCC GGGSTGGG)...
Looking for motif 4...
Counting positive sequences with each word...
Counting negative sequences with each word...
Applying Fisher Exact Test to 42407 words...
Generalizing top 100 of 42407 REs to 1 ambiguous characters...
Generalizing top 6 of 6 REs to 2 ambiguous characters...
Computing exact p-values for 6 REs...
Best RE was CCGACCGC GCGGTCGG p-value= 6.4e-012 E-value= 2.7e-007 Unerased_E-value= 1.3e-007
Erasing best word (CCGACCGC GCGGTCGG)...
Looking for motif 5...
Counting positive sequences with each word...
Counting negative sequences with each word...
Applying Fisher Exact Test to 42392 words...
Generalizing top 100 of 42392 REs to 1 ambiguous characters...
Generalizing top 5 of 5 REs to 2 ambiguous characters...
Computing exact p-values for 5 REs...
Best RE was AACAAGCA TGCTTGTT p-value= 3.0e-009 E-value= 1.3e-004 Unerased_E-value= 1.3e-004
Erasing best word (AACAAGCA TGCTTGTT)...
Looking for motif 6...
Counting positive sequences with each word...
Counting negative sequences with each word...
Applying Fisher Exact Test to 42385 words...
Generalizing top 100 of 42385 REs to 1 ambiguous characters...
Generalizing top 2 of 2 REs to 2 ambiguous characters...
Computing exact p-values for 2 REs...
Best RE was CATTGAG CTCAATG p-value= 4.0e-004 E-value= 1.7e+001 Unerased_E-value= 1.7e+001
Stopping due to hitting the maximum evalue.
5 motifs with E-value < 0.05 found in 47.6 seconds.
Creating HTML file.
Creating text file.
Reading positive sequences /lustre/janus_scratch/bhandare/PySG/benchmark_output/TTP1_Test_SeqLength_Shuffle/f63bf3fc-cb69-4259-9fa2-a1b36f242f90/512_256_100/Signal_512_256_100_TTP1.pwm.fa ...
Reading negative sequences /lustre/janus_scratch/bhandare/PySG/benchmark_output/TTP1_Test_SeqLength_Shuffle/f63bf3fc-cb69-4259-9fa2-a1b36f242f90/512_256_100/NoSignal_512_256_100_TTP1.pwm.fa ...
Looking for motif 1...
Counting positive sequences with each word...
Counting negative sequences with each word...
Applying Fisher Exact Test to 42591 words...
Generalizing top 100 of 42591 REs to 1 ambiguous characters...
Generalizing top 100 of 299 REs to 2 ambiguous characters...
Generalizing top 23 of 23 REs to 3 ambiguous characters...
Computing exact p-values for 100 REs...
Best RE was AAAKAAAG CTTTMTTT p-value= 4.4e-088 E-value= 1.9e-083 Unerased_E-value= 1.9e-083
Erasing best word (AAAKAAAG CTTTMTTT)...
Looking for motif 2...
Counting positive sequences with each word...
Counting negative sequences with each word...
Applying Fisher Exact Test to 42554 words...
Generalizing top 100 of 42554 REs to 1 ambiguous characters...
Generalizing top 80 of 80 REs to 2 ambiguous characters...
Computing exact p-values for 80 REs...
Best RE was AAAAGSAA TTSCTTTT p-value= 8.0e-040 E-value= 3.4e-035 Unerased_E-value= 6.7e-036
Erasing best word (AAAAGSAA TTSCTTTT)...
Looking for motif 3...
Counting positive sequences with each word...
Counting negative sequences with each word...
Applying Fisher Exact Test to 42537 words...
Generalizing top 100 of 42537 REs to 1 ambiguous characters...
Generalizing top 25 of 25 REs to 2 ambiguous characters...
Computing exact p-values for 25 REs...
Best RE was CCGCYCA TGRGCGG p-value= 2.9e-014 E-value= 1.2e-009 Unerased_E-value= 1.2e-009
Erasing best word (CCGCYCA TGRGCGG)...
Looking for motif 4...
Counting positive sequences with each word...
Counting negative sequences with each word...
Applying Fisher Exact Test to 42481 words...
Generalizing top 100 of 42481 REs to 1 ambiguous characters...
Generalizing top 9 of 9 REs to 2 ambiguous characters...
Computing exact p-values for 9 REs...
Best RE was GGTCGGGA TCCCGACC p-value= 4.4e-012 E-value= 1.9e-007 Unerased_E-value= 9.2e-008
Erasing best word (GGTCGGGA TCCCGACC)...
Looking for motif 5...
Counting positive sequences with each word...
Counting negative sequences with each word...
Applying Fisher Exact Test to 42463 words...
Generalizing top 100 of 42463 REs to 1 ambiguous characters...
Generalizing top 6 of 6 REs to 2 ambiguous characters...
Computing exact p-values for 6 REs...
Best RE was AAGCAAAG CTTTGCTT p-value= 2.6e-007 E-value= 1.1e-002 Unerased_E-value= 5.9e-003
Erasing best word (AAGCAAAG CTTTGCTT)...
Looking for motif 6...
Counting positive sequences with each word...
Counting negative sequences with each word...
Applying Fisher Exact Test to 42453 words...
Generalizing top 100 of 42453 REs to 1 ambiguous characters...
Generalizing top 6 of 6 REs to 2 ambiguous characters...
Computing exact p-values for 6 REs...
Best RE was CCWTTAA TTAAWGG p-value= 1.2e-006 E-value= 5.3e-002 Unerased_E-value= 5.3e-002
Stopping due to hitting the maximum evalue.
5 motifs with E-value < 0.05 found in 47.5 seconds.
Creating HTML file.
Creating text file.
Reading positive sequences /lustre/janus_scratch/bhandare/PySG/benchmark_output/TTP1_Test_SeqLength_Shuffle/32c83f1b-307f-4c9a-97d5-a3f3dbc2d46f/512_256_100/Signal_512_256_100_TTP1.pwm.fa ...
Reading negative sequences /lustre/janus_scratch/bhandare/PySG/benchmark_output/TTP1_Test_SeqLength_Shuffle/32c83f1b-307f-4c9a-97d5-a3f3dbc2d46f/512_256_100/NoSignal_512_256_100_TTP1.pwm.fa ...
Looking for motif 1...
Counting positive sequences with each word...
Counting negative sequences with each word...
Applying Fisher Exact Test to 42547 words...
Generalizing top 100 of 42547 REs to 1 ambiguous characters...
Generalizing top 100 of 231 REs to 2 ambiguous characters...
Generalizing top 11 of 11 REs to 3 ambiguous characters...
Computing exact p-values for 100 REs...
Best RE was AAAKAAAG CTTTMTTT p-value= 7.1e-075 E-value= 3.0e-070 Unerased_E-value= 3.0e-070
Erasing best word (AAAKAAAG CTTTMTTT)...
Looking for motif 2...
Counting positive sequences with each word...
Counting negative sequences with each word...
Applying Fisher Exact Test to 42511 words...
Generalizing top 100 of 42511 REs to 1 ambiguous characters...
Generalizing top 68 of 68 REs to 2 ambiguous characters...
Generalizing top 1 of 1 REs to 3 ambiguous characters...
Computing exact p-values for 69 REs...
Best RE was AAGSAAAG CTTTSCTT p-value= 2.6e-043 E-value= 1.1e-038 Unerased_E-value= 1.1e-038
Erasing best word (AAGSAAAG CTTTSCTT)...
Looking for motif 3...
Counting positive sequences with each word...
Counting negative sequences with each word...
Applying Fisher Exact Test to 42488 words...
Generalizing top 100 of 42488 REs to 1 ambiguous characters...
Generalizing top 13 of 13 REs to 2 ambiguous characters...
Computing exact p-values for 13 REs...
Best RE was CCGCCCAC GTGGGCGG p-value= 2.3e-013 E-value= 9.6e-009 Unerased_E-value= 9.6e-009
Erasing best word (CCGCCCAC GTGGGCGG)...
Looking for motif 4...
Counting positive sequences with each word...
Counting negative sequences with each word...
Applying Fisher Exact Test to 42467 words...
Generalizing top 100 of 42467 REs to 1 ambiguous characters...
Generalizing top 4 of 4 REs to 2 ambiguous characters...
Computing exact p-values for 4 REs...
Best RE was GGTCGGGA TCCCGACC p-value= 2.2e-012 E-value= 9.2e-008 Unerased_E-value= 4.5e-008
Erasing best word (GGTCGGGA TCCCGACC)...
Looking for motif 5...
Counting positive sequences with each word...
Counting negative sequences with each word...
Applying Fisher Exact Test to 42459 words...
Generalizing top 100 of 42459 REs to 1 ambiguous characters...
Generalizing top 3 of 3 REs to 2 ambiguous characters...
Computing exact p-values for 3 REs...
Best RE was AGCAAGAA TTCTTGCT p-value= 7.5e-011 E-value= 3.2e-006 Unerased_E-value= 3.2e-006
Erasing best word (AGCAAGAA TTCTTGCT)...
Looking for motif 6...
Counting positive sequences with each word...
Counting negative sequences with each word...
Applying Fisher Exact Test to 42451 words...
Generalizing top 100 of 42451 REs to 1 ambiguous characters...
Generalizing top 2 of 2 REs to 2 ambiguous characters...
Computing exact p-values for 2 REs...
Best RE was TAAMCGA TCGKTTA p-value= 1.1e-004 E-value= 4.7e+000 Unerased_E-value= 4.7e+000
Stopping due to hitting the maximum evalue.
5 motifs with E-value < 0.05 found in 49.2 seconds.
Creating HTML file.
Creating text file.
Reading positive sequences /lustre/janus_scratch/bhandare/PySG/benchmark_output/TTP1_Test_SeqLength_Shuffle/254df8e6-75c7-4216-89cc-916db365a045/512_256_100/Signal_512_256_100_TTP1.pwm.fa ...
Reading negative sequences /lustre/janus_scratch/bhandare/PySG/benchmark_output/TTP1_Test_SeqLength_Shuffle/254df8e6-75c7-4216-89cc-916db365a045/512_256_100/NoSignal_512_256_100_TTP1.pwm.fa ...
Looking for motif 1...
Counting positive sequences with each word...
Counting negative sequences with each word...
Applying Fisher Exact Test to 42586 words...
Generalizing top 100 of 42586 REs to 1 ambiguous characters...
Generalizing top 100 of 223 REs to 2 ambiguous characters...
Generalizing top 17 of 17 REs to 3 ambiguous characters...
Computing exact p-values for 100 REs...
Best RE was AAAKAAAG CTTTMTTT p-value= 9.5e-078 E-value= 4.1e-073 Unerased_E-value= 4.1e-073
Erasing best word (AAAKAAAG CTTTMTTT)...
Looking for motif 2...
Counting positive sequences with each word...
Counting negative sequences with each word...
Applying Fisher Exact Test to 42545 words...
Generalizing top 100 of 42545 REs to 1 ambiguous characters...
Generalizing top 64 of 64 REs to 2 ambiguous characters...
Computing exact p-values for 64 REs...
Best RE was AAAAGSAA TTSCTTTT p-value= 5.8e-038 E-value= 2.5e-033 Unerased_E-value= 1.1e-033
Erasing best word (AAAAGSAA TTSCTTTT)...
Looking for motif 3...
Counting positive sequences with each word...
Counting negative sequences with each word...
Applying Fisher Exact Test to 42519 words...
Generalizing top 100 of 42519 REs to 1 ambiguous characters...
Generalizing top 14 of 14 REs to 2 ambiguous characters...
Computing exact p-values for 14 REs...
Best RE was GGTCGGGA TCCCGACC p-value= 3.7e-011 E-value= 1.6e-006 Unerased_E-value= 1.6e-006
Erasing best word (GGTCGGGA TCCCGACC)...
Looking for motif 4...
Counting positive sequences with each word...
Counting negative sequences with each word...
Applying Fisher Exact Test to 42509 words...
Generalizing top 100 of 42509 REs to 1 ambiguous characters...
Generalizing top 10 of 10 REs to 2 ambiguous characters...
Computing exact p-values for 10 REs...
Best RE was GCCCACCC GGGTGGGC p-value= 2.0e-010 E-value= 8.6e-006 Unerased_E-value= 8.6e-006
Erasing best word (GCCCACCC GGGTGGGC)...
Looking for motif 5...
Counting positive sequences with each word...
Counting negative sequences with each word...
Applying Fisher Exact Test to 42489 words...
Generalizing top 100 of 42489 REs to 1 ambiguous characters...
Generalizing top 6 of 6 REs to 2 ambiguous characters...
Computing exact p-values for 6 REs...
Best RE was CAAGCAAA TTTGCTTG p-value= 9.2e-007 E-value= 3.9e-002 Unerased_E-value= 3.9e-002
Erasing best word (CAAGCAAA TTTGCTTG)...
Looking for motif 6...
Counting positive sequences with each word...
Counting negative sequences with each word...
Applying Fisher Exact Test to 42480 words...
Generalizing top 100 of 42480 REs to 1 ambiguous characters...
Generalizing top 6 of 6 REs to 2 ambiguous characters...
Computing exact p-values for 6 REs...
Best RE was CGCSGGA TCCSGCG p-value= 1.5e-005 E-value= 6.4e-001 Unerased_E-value= 3.7e-001
Stopping due to hitting the maximum evalue.
5 motifs with E-value < 0.05 found in 49.2 seconds.
Creating HTML file.
Creating text file.
Result Dir: /lustre/janus_scratch/bhandare/PySG/benchmark_output/TTP1_Test_SeqLength_Shuffle/f63bf3fc-cb69-4259-9fa2-a1b36f242f90/512_256_100/Signal_512_256_100_TTP1.pwm.fa_kspectrum
mkdir -p /lustre/janus_scratch/bhandare/PySG/benchmark_output/TTP1_Test_SeqLength_Shuffle/f63bf3fc-cb69-4259-9fa2-a1b36f242f90/512_256_100/Signal_512_256_100_TTP1.pwm.fa_kspectrum 
cd /lustre/janus_scratch/bhandare/PySG/benchmark_output/TTP1_Test_SeqLength_Shuffle/f63bf3fc-cb69-4259-9fa2-a1b36f242f90/512_256_100/Signal_512_256_100_TTP1.pwm.fa_kspectrum && python /projects/bhandare/workspace/PySG/scripts/k-spectrum-pipeline/seq_counter.py ../Signal_512_256_100_TTP1.pwm.fa ../NoSignal_512_256_100_TTP1.pwm.fa; 
../Signal_512_256_100_TTP1.pwm.fa ../NoSignal_512_256_100_TTP1.pwm.fa
Combined Filename: Signal_512_256_100_TTP1.pwm_NoSignal_512_256_100_TTP1.pwm_512_512_CompleteSet.txt
Result Dir: /lustre/janus_scratch/bhandare/PySG/benchmark_output/TTP1_Test_SeqLength_Shuffle/8fc8506a-8b85-49d9-bc88-5659ed611485/512_256_100/Signal_512_256_100_TTP1.pwm.fa_kspectrum
mkdir -p /lustre/janus_scratch/bhandare/PySG/benchmark_output/TTP1_Test_SeqLength_Shuffle/8fc8506a-8b85-49d9-bc88-5659ed611485/512_256_100/Signal_512_256_100_TTP1.pwm.fa_kspectrum 
cd /lustre/janus_scratch/bhandare/PySG/benchmark_output/TTP1_Test_SeqLength_Shuffle/8fc8506a-8b85-49d9-bc88-5659ed611485/512_256_100/Signal_512_256_100_TTP1.pwm.fa_kspectrum && python /projects/bhandare/workspace/PySG/scripts/k-spectrum-pipeline/seq_counter.py ../Signal_512_256_100_TTP1.pwm.fa ../NoSignal_512_256_100_TTP1.pwm.fa; 
Signal_512_256_100_TTP1.pwm.yml, Signal_512_256_100_TTP1.pwm_NoSignal_512_256_100_TTP1.pwm_512_512_CompleteSet.txt
cd /lustre/janus_scratch/bhandare/PySG/benchmark_output/TTP1_Test_SeqLength_Shuffle/f63bf3fc-cb69-4259-9fa2-a1b36f242f90/512_256_100/Signal_512_256_100_TTP1.pwm.fa_kspectrum && python /projects/bhandare/workspace/PySG/scripts/k-spectrum-pipeline/CreateConfFile.py Signal_512_256_100_TTP1.pwm_NoSignal_512_256_100_TTP1.pwm_512_512_CompleteSet.txt Signal_512_256_100_TTP1.pwm Signal_512_256_100_TTP1.pwm.yml
../Signal_512_256_100_TTP1.pwm.fa ../NoSignal_512_256_100_TTP1.pwm.fa
Combined Filename: Signal_512_256_100_TTP1.pwm_NoSignal_512_256_100_TTP1.pwm_512_512_CompleteSet.txt
Signal_512_256_100_TTP1.pwm.yml, Signal_512_256_100_TTP1.pwm_NoSignal_512_256_100_TTP1.pwm_512_512_CompleteSet.txt
cd /lustre/janus_scratch/bhandare/PySG/benchmark_output/TTP1_Test_SeqLength_Shuffle/8fc8506a-8b85-49d9-bc88-5659ed611485/512_256_100/Signal_512_256_100_TTP1.pwm.fa_kspectrum && python /projects/bhandare/workspace/PySG/scripts/k-spectrum-pipeline/CreateConfFile.py Signal_512_256_100_TTP1.pwm_NoSignal_512_256_100_TTP1.pwm_512_512_CompleteSet.txt Signal_512_256_100_TTP1.pwm Signal_512_256_100_TTP1.pwm.yml
Combined File:  Signal_512_256_100_TTP1.pwm_NoSignal_512_256_100_TTP1.pwm_512_512_CompleteSet.txt
FileName:  Signal_512_256_100_TTP1.pwm_NoSignal_512_256_100_TTP1.pwm_512_512_CompleteSet.txt
['Signal', '512', '256', '100', 'TTP1.pwm', 'NoSignal', '512', '256', '100', 'TTP1.pwm', '512', '512', 'CompleteSet.txt']
cd /lustre/janus_scratch/bhandare/PySG/benchmark_output/TTP1_Test_SeqLength_Shuffle/f63bf3fc-cb69-4259-9fa2-a1b36f242f90/512_256_100/Signal_512_256_100_TTP1.pwm.fa_kspectrum && python /projects/bhandare/workspace/PySG/kernels/k-spectrum/scripts/basic_kspectrum.py Signal_512_256_100_TTP1.pwm.yml
Combined File:  Signal_512_256_100_TTP1.pwm_NoSignal_512_256_100_TTP1.pwm_512_512_CompleteSet.txt
FileName:  Signal_512_256_100_TTP1.pwm_NoSignal_512_256_100_TTP1.pwm_512_512_CompleteSet.txt
['Signal', '512', '256', '100', 'TTP1.pwm', 'NoSignal', '512', '256', '100', 'TTP1.pwm', '512', '512', 'CompleteSet.txt']
cd /lustre/janus_scratch/bhandare/PySG/benchmark_output/TTP1_Test_SeqLength_Shuffle/8fc8506a-8b85-49d9-bc88-5659ed611485/512_256_100/Signal_512_256_100_TTP1.pwm.fa_kspectrum && python /projects/bhandare/workspace/PySG/kernels/k-spectrum/scripts/basic_kspectrum.py Signal_512_256_100_TTP1.pwm.yml
Result Dir: /lustre/janus_scratch/bhandare/PySG/benchmark_output/TTP1_Test_SeqLength_Shuffle/32c83f1b-307f-4c9a-97d5-a3f3dbc2d46f/512_256_100/Signal_512_256_100_TTP1.pwm.fa_kspectrum
mkdir -p /lustre/janus_scratch/bhandare/PySG/benchmark_output/TTP1_Test_SeqLength_Shuffle/32c83f1b-307f-4c9a-97d5-a3f3dbc2d46f/512_256_100/Signal_512_256_100_TTP1.pwm.fa_kspectrum 
cd /lustre/janus_scratch/bhandare/PySG/benchmark_output/TTP1_Test_SeqLength_Shuffle/32c83f1b-307f-4c9a-97d5-a3f3dbc2d46f/512_256_100/Signal_512_256_100_TTP1.pwm.fa_kspectrum && python /projects/bhandare/workspace/PySG/scripts/k-spectrum-pipeline/seq_counter.py ../Signal_512_256_100_TTP1.pwm.fa ../NoSignal_512_256_100_TTP1.pwm.fa; 
../Signal_512_256_100_TTP1.pwm.fa ../NoSignal_512_256_100_TTP1.pwm.fa
Combined Filename: Signal_512_256_100_TTP1.pwm_NoSignal_512_256_100_TTP1.pwm_512_512_CompleteSet.txt
Signal_512_256_100_TTP1.pwm.yml, Signal_512_256_100_TTP1.pwm_NoSignal_512_256_100_TTP1.pwm_512_512_CompleteSet.txt
cd /lustre/janus_scratch/bhandare/PySG/benchmark_output/TTP1_Test_SeqLength_Shuffle/32c83f1b-307f-4c9a-97d5-a3f3dbc2d46f/512_256_100/Signal_512_256_100_TTP1.pwm.fa_kspectrum && python /projects/bhandare/workspace/PySG/scripts/k-spectrum-pipeline/CreateConfFile.py Signal_512_256_100_TTP1.pwm_NoSignal_512_256_100_TTP1.pwm_512_512_CompleteSet.txt Signal_512_256_100_TTP1.pwm Signal_512_256_100_TTP1.pwm.yml
Result Dir: /lustre/janus_scratch/bhandare/PySG/benchmark_output/TTP1_Test_SeqLength_Shuffle/254df8e6-75c7-4216-89cc-916db365a045/512_256_100/Signal_512_256_100_TTP1.pwm.fa_kspectrum
mkdir -p /lustre/janus_scratch/bhandare/PySG/benchmark_output/TTP1_Test_SeqLength_Shuffle/254df8e6-75c7-4216-89cc-916db365a045/512_256_100/Signal_512_256_100_TTP1.pwm.fa_kspectrum 
cd /lustre/janus_scratch/bhandare/PySG/benchmark_output/TTP1_Test_SeqLength_Shuffle/254df8e6-75c7-4216-89cc-916db365a045/512_256_100/Signal_512_256_100_TTP1.pwm.fa_kspectrum && python /projects/bhandare/workspace/PySG/scripts/k-spectrum-pipeline/seq_counter.py ../Signal_512_256_100_TTP1.pwm.fa ../NoSignal_512_256_100_TTP1.pwm.fa; 
../Signal_512_256_100_TTP1.pwm.fa ../NoSignal_512_256_100_TTP1.pwm.fa
Combined Filename: Signal_512_256_100_TTP1.pwm_NoSignal_512_256_100_TTP1.pwm_512_512_CompleteSet.txt
Combined File:  Signal_512_256_100_TTP1.pwm_NoSignal_512_256_100_TTP1.pwm_512_512_CompleteSet.txt
FileName:  Signal_512_256_100_TTP1.pwm_NoSignal_512_256_100_TTP1.pwm_512_512_CompleteSet.txt
['Signal', '512', '256', '100', 'TTP1.pwm', 'NoSignal', '512', '256', '100', 'TTP1.pwm', '512', '512', 'CompleteSet.txt']
cd /lustre/janus_scratch/bhandare/PySG/benchmark_output/TTP1_Test_SeqLength_Shuffle/32c83f1b-307f-4c9a-97d5-a3f3dbc2d46f/512_256_100/Signal_512_256_100_TTP1.pwm.fa_kspectrum && python /projects/bhandare/workspace/PySG/kernels/k-spectrum/scripts/basic_kspectrum.py Signal_512_256_100_TTP1.pwm.yml
Signal_512_256_100_TTP1.pwm.yml, Signal_512_256_100_TTP1.pwm_NoSignal_512_256_100_TTP1.pwm_512_512_CompleteSet.txt
cd /lustre/janus_scratch/bhandare/PySG/benchmark_output/TTP1_Test_SeqLength_Shuffle/254df8e6-75c7-4216-89cc-916db365a045/512_256_100/Signal_512_256_100_TTP1.pwm.fa_kspectrum && python /projects/bhandare/workspace/PySG/scripts/k-spectrum-pipeline/CreateConfFile.py Signal_512_256_100_TTP1.pwm_NoSignal_512_256_100_TTP1.pwm_512_512_CompleteSet.txt Signal_512_256_100_TTP1.pwm Signal_512_256_100_TTP1.pwm.yml
Combined File:  Signal_512_256_100_TTP1.pwm_NoSignal_512_256_100_TTP1.pwm_512_512_CompleteSet.txt
FileName:  Signal_512_256_100_TTP1.pwm_NoSignal_512_256_100_TTP1.pwm_512_512_CompleteSet.txt
['Signal', '512', '256', '100', 'TTP1.pwm', 'NoSignal', '512', '256', '100', 'TTP1.pwm', '512', '512', 'CompleteSet.txt']
cd /lustre/janus_scratch/bhandare/PySG/benchmark_output/TTP1_Test_SeqLength_Shuffle/254df8e6-75c7-4216-89cc-916db365a045/512_256_100/Signal_512_256_100_TTP1.pwm.fa_kspectrum && python /projects/bhandare/workspace/PySG/kernels/k-spectrum/scripts/basic_kspectrum.py Signal_512_256_100_TTP1.pwm.yml
training ***********************************************************
Cpos, Cneg:  5.0 5.0
*training ***********************************************************
Cpos, Cneg:  5.0 5.0
*training ***********************************************************
Cpos, Cneg:  5.0 5.0
*training ***********************************************************
Cpos, Cneg:  5.0 5.0
*
optimization finished, #iter = 492
nu = 0.199971
obj = -460.922699, rho = -0.000719
nSV = 922, nBSV = 0
testing ***********************************************************
training ***********************************************************
Cpos, Cneg:  5.0 5.0
*
optimization finished, #iter = 513
nu = 0.199902
obj = -460.663856, rho = -0.000979
nSV = 922, nBSV = 0
testing ***********************************************************
training ***********************************************************
Cpos, Cneg:  5.0 5.0
*
optimization finished, #iter = 490
nu = 0.199986
obj = -460.867154, rho = 0.000322
nSV = 922, nBSV = 0
testing ***********************************************************
training ***********************************************************
Cpos, Cneg:  5.0 5.0
*
optimization finished, #iter = 491
nu = 0.200026
obj = -460.988116, rho = -0.000098
nSV = 922, nBSV = 0
testing ***********************************************************
training ***********************************************************
Cpos, Cneg:  5.0 5.0
*
optimization finished, #iter = 497
nu = 0.199954
obj = -460.861822, rho = -0.000769
nSV = 922, nBSV = 0
testing ***********************************************************
training ***********************************************************
Cpos, Cneg:  5.0 5.0
*
optimization finished, #iter = 516
nu = 0.199921
obj = -460.713014, rho = -0.001167
nSV = 922, nBSV = 0
testing ***********************************************************
training ***********************************************************
Cpos, Cneg:  5.0 5.0
*
optimization finished, #iter = 487
nu = 0.200038
obj = -461.006290, rho = 0.000012
nSV = 922, nBSV = 0
testing ***********************************************************
training ***********************************************************
Cpos, Cneg:  5.0 5.0
*
optimization finished, #iter = 483
nu = 0.199987
obj = -460.889312, rho = 0.000791
nSV = 922, nBSV = 0
testing ***********************************************************
training ***********************************************************
Cpos, Cneg:  5.0 5.0
*
optimization finished, #iter = 499
nu = 0.199959
obj = -460.858290, rho = -0.001078
nSV = 922, nBSV = 0
testing ***********************************************************
training ***********************************************************
Cpos, Cneg:  5.0 5.0
*
optimization finished, #iter = 509
nu = 0.199936
obj = -460.754207, rho = -0.001065
nSV = 922, nBSV = 0
testing ***********************************************************
training ***********************************************************
Cpos, Cneg:  5.0 5.0
*
optimization finished, #iter = 491
nu = 0.200031
obj = -461.003325, rho = 0.000158
nSV = 922, nBSV = 0
testing ***********************************************************
training ***********************************************************
Cpos, Cneg:  5.0 5.0
*
optimization finished, #iter = 481
nu = 0.200006
obj = -460.929236, rho = 0.000658
nSV = 922, nBSV = 0
testing ***********************************************************
training ***********************************************************
Cpos, Cneg:  5.0 5.0
*
optimization finished, #iter = 508
nu = 0.199942
obj = -460.828590, rho = -0.001327
nSV = 922, nBSV = 0
testing ***********************************************************
training ***********************************************************
Cpos, Cneg:  5.0 5.0
*
optimization finished, #iter = 519
nu = 0.199887
obj = -460.642859, rho = -0.001395
nSV = 922, nBSV = 0
testing ***********************************************************
training ***********************************************************
Cpos, Cneg:  5.0 5.0
*
optimization finished, #iter = 491
nu = 0.200013
obj = -460.941457, rho = -0.000119
nSV = 922, nBSV = 0
testing ***********************************************************
training ***********************************************************
Cpos, Cneg:  5.0 5.0
*
optimization finished, #iter = 489
nu = 0.199976
obj = -460.876347, rho = 0.000534
nSV = 922, nBSV = 0
testing ***********************************************************
training ***********************************************************
Cpos, Cneg:  5.0 5.0
*
optimization finished, #iter = 504
nu = 0.199975
obj = -460.905590, rho = -0.001107
nSV = 922, nBSV = 0
testing ***********************************************************
training ***********************************************************
Cpos, Cneg:  5.0 5.0
*
optimization finished, #iter = 532
nu = 0.199887
obj = -460.639477, rho = -0.001449
nSV = 922, nBSV = 0
testing ***********************************************************
training ***********************************************************
Cpos, Cneg:  5.0 5.0
*
optimization finished, #iter = 487
nu = 0.200024
obj = -460.990284, rho = -0.000053
nSV = 922, nBSV = 0
testing ***********************************************************
training ***********************************************************
Cpos, Cneg:  5.0 5.0
*
optimization finished, #iter = 489
nu = 0.199984
obj = -460.894040, rho = 0.000192
nSV = 922, nBSV = 0
testing ***********************************************************
training ***********************************************************
Cpos, Cneg:  5.0 5.0
*
optimization finished, #iter = 493
nu = 0.199995
obj = -460.914970, rho = -0.000850
nSV = 922, nBSV = 0
testing ***********************************************************
training ***********************************************************
Cpos, Cneg:  5.0 5.0
*
optimization finished, #iter = 526
nu = 0.199892
obj = -460.656646, rho = -0.001414
nSV = 922, nBSV = 0
testing ***********************************************************
training ***********************************************************
Cpos, Cneg:  5.0 5.0
*
optimization finished, #iter = 498
nu = 0.200021
obj = -460.985306, rho = -0.000132
nSV = 922, nBSV = 0
testing ***********************************************************
training ***********************************************************
Cpos, Cneg:  5.0 5.0
*
optimization finished, #iter = 480
nu = 0.199999
obj = -460.912298, rho = 0.000620
nSV = 922, nBSV = 0
testing ***********************************************************
training ***********************************************************
Cpos, Cneg:  5.0 5.0
*
optimization finished, #iter = 484
nu = 0.199996
obj = -460.922706, rho = -0.000453
nSV = 922, nBSV = 0
testing ***********************************************************
training ***********************************************************
Cpos, Cneg:  5.0 5.0
*
optimization finished, #iter = 535
nu = 0.199866
obj = -460.588761, rho = -0.001477
nSV = 922, nBSV = 0
testing ***********************************************************
training ***********************************************************
Cpos, Cneg:  5.0 5.0
*
optimization finished, #iter = 493
nu = 0.200000
obj = -460.922483, rho = 0.000687
nSV = 922, nBSV = 0
testing ***********************************************************
training ***********************************************************
Cpos, Cneg:  5.0 5.0
*
optimization finished, #iter = 486
nu = 0.200000
obj = -460.919526, rho = 0.000546
nSV = 922, nBSV = 0
testing ***********************************************************
training ***********************************************************
Cpos, Cneg:  5.0 5.0
*
optimization finished, #iter = 494
nu = 0.199978
obj = -460.931656, rho = -0.000857
nSV = 922, nBSV = 0
testing ***********************************************************
training ***********************************************************
Cpos, Cneg:  5.0 5.0
*
optimization finished, #iter = 521
nu = 0.199908
obj = -460.699768, rho = -0.001416
nSV = 922, nBSV = 0
testing ***********************************************************
training ***********************************************************
Cpos, Cneg:  5.0 5.0
*
optimization finished, #iter = 492
nu = 0.200008
obj = -460.941336, rho = 0.000249
nSV = 922, nBSV = 0
testing ***********************************************************
training ***********************************************************
Cpos, Cneg:  5.0 5.0
*
optimization finished, #iter = 480
nu = 0.199994
obj = -460.918725, rho = 0.000667
nSV = 922, nBSV = 0
testing ***********************************************************
training ***********************************************************
Cpos, Cneg:  5.0 5.0
*
optimization finished, #iter = 494
nu = 0.199993
obj = -460.931818, rho = -0.000782
nSV = 922, nBSV = 0
testing ***********************************************************
training ***********************************************************
Cpos, Cneg:  5.0 5.0
*
optimization finished, #iter = 526
nu = 0.199893
obj = -460.664760, rho = -0.001252
nSV = 922, nBSV = 0
testing ***********************************************************
training ***********************************************************
Cpos, Cneg:  5.0 5.0
*
optimization finished, #iter = 482
nu = 0.200035
obj = -461.008456, rho = 0.000106
nSV = 922, nBSV = 0
testing ***********************************************************
training ***********************************************************
Cpos, Cneg:  5.0 5.0
*
optimization finished, #iter = 484
nu = 0.199996
obj = -460.927408, rho = 0.000334
nSV = 922, nBSV = 0
testing ***********************************************************
training ***********************************************************
Cpos, Cneg:  5.0 5.0
*
optimization finished, #iter = 479
nu = 0.199998
obj = -458.945977, rho = -0.000524
nSV = 918, nBSV = 0
testing ***********************************************************
0.773473917869
Data:  {'results': {'BalancedSuccessRate': '0.773', 'C': 1, 'SuccessRate': '0.773', 'Sensitivity': '0.992', 'ROC': '0.961', 'k2': 15, 'k1': 6, 'PPV': '0.691'}}
results: {BalancedSuccessRate: '0.773', C: 1, PPV: '0.691', ROC: '0.961', Sensitivity: '0.992',
  SuccessRate: '0.773', k1: 6, k2: 15}

Cpos, Cneg:  5.0 5.0
*
optimization finished, #iter = 531
nu = 0.199882
obj = -458.627702, rho = -0.001634
nSV = 918, nBSV = 0
testing ***********************************************************
0.784332223455
Data:  {'results': {'BalancedSuccessRate': '0.784', 'C': 1, 'SuccessRate': '0.784', 'Sensitivity': '0.996', 'ROC': '0.958', 'k2': 15, 'k1': 6, 'PPV': '0.701'}}
results: {BalancedSuccessRate: '0.784', C: 1, PPV: '0.701', ROC: '0.958', Sensitivity: '0.996',
  SuccessRate: '0.784', k1: 6, k2: 15}

Cpos, Cneg:  5.0 5.0
*
optimization finished, #iter = 485
nu = 0.200036
obj = -458.985481, rho = 0.000440
nSV = 918, nBSV = 0
testing ***********************************************************
0.790066592675
Data:  {'results': {'BalancedSuccessRate': '0.790', 'C': 1, 'SuccessRate': '0.790', 'Sensitivity': '0.982', 'ROC': '0.956', 'k2': 15, 'k1': 6, 'PPV': '0.711'}}
results: {BalancedSuccessRate: '0.790', C: 1, PPV: '0.711', ROC: '0.956', Sensitivity: '0.982',
  SuccessRate: '0.790', k1: 6, k2: 15}

Cpos, Cneg:  5.0 5.0
*
optimization finished, #iter = 485
nu = 0.199997
obj = -458.914009, rho = 0.000334
nSV = 918, nBSV = 0
testing ***********************************************************
0.744247132815
Data:  {'results': {'BalancedSuccessRate': '0.744', 'C': 1, 'SuccessRate': '0.744', 'Sensitivity': '0.994', 'ROC': '0.936', 'k2': 15, 'k1': 6, 'PPV': '0.664'}}
results: {BalancedSuccessRate: '0.744', C: 1, PPV: '0.664', ROC: '0.936', Sensitivity: '0.994',
  SuccessRate: '0.744', k1: 6, k2: 15}

Cpos, Cneg:  5.0 5.0
*
optimization finished, #iter = 556
nu = 0.199963
obj = -511.880290, rho = -0.000937
nSV = 1024, nBSV = 0

optimization finished, #iter = 589
nu = 0.199872
obj = -511.582930, rho = -0.001467
nSV = 1024, nBSV = 0

optimization finished, #iter = 551
nu = 0.200024
obj = -511.970519, rho = 0.000138
nSV = 1024, nBSV = 0

optimization finished, #iter = 542
nu = 0.199980
obj = -511.878531, rho = 0.000559
nSV = 1024, nBSV = 0
Reading positive sequences /lustre/janus_scratch/bhandare/PySG/benchmark_output/TTP1_Test_SeqLength_Shuffle/8fc8506a-8b85-49d9-bc88-5659ed611485/512_128_100/Signal_512_128_100_TTP1.pwm.fa ...
Reading negative sequences /lustre/janus_scratch/bhandare/PySG/benchmark_output/TTP1_Test_SeqLength_Shuffle/8fc8506a-8b85-49d9-bc88-5659ed611485/512_128_100/NoSignal_512_128_100_TTP1.pwm.fa ...
Looking for motif 1...
Counting positive sequences with each word...
Counting negative sequences with each word...
Applying Fisher Exact Test to 36879 words...
Generalizing top 100 of 36879 REs to 1 ambiguous characters...
Generalizing top 100 of 291 REs to 2 ambiguous characters...
Generalizing top 27 of 27 REs to 3 ambiguous characters...
Computing exact p-values for 100 REs...
Best RE was AAAKAAAG CTTTMTTT p-value= 9.1e-091 E-value= 3.4e-086 Unerased_E-value= 3.4e-086
Erasing best word (AAAKAAAG CTTTMTTT)...
Looking for motif 2...
Counting positive sequences with each word...
Counting negative sequences with each word...
Applying Fisher Exact Test to 36673 words...
Generalizing top 100 of 36673 REs to 1 ambiguous characters...
Generalizing top 100 of 125 REs to 2 ambiguous characters...
Generalizing top 1 of 1 REs to 3 ambiguous characters...
Computing exact p-values for 100 REs...
Best RE was AAAAGSAA TTSCTTTT p-value= 6.5e-038 E-value= 2.4e-033 Unerased_E-value= 2.4e-033
Erasing best word (AAAAGSAA TTSCTTTT)...
Looking for motif 3...
Counting positive sequences with each word...
Counting negative sequences with each word...
Applying Fisher Exact Test to 36557 words...
Generalizing top 100 of 36557 REs to 1 ambiguous characters...
Generalizing top 25 of 25 REs to 2 ambiguous characters...
Computing exact p-values for 25 REs...
Best RE was CCCGACCG CGGTCGGG p-value= 2.9e-019 E-value= 1.1e-014 Unerased_E-value= 1.1e-014
Erasing best word (CCCGACCG CGGTCGGG)...
Looking for motif 4...
Counting positive sequences with each word...
Counting negative sequences with each word...
Applying Fisher Exact Test to 36466 words...
Generalizing top 100 of 36466 REs to 1 ambiguous characters...
Generalizing top 4 of 4 REs to 2 ambiguous characters...
Computing exact p-values for 4 REs...
Best RE was CGCCCAC GTGGGCG p-value= 7.3e-011 E-value= 2.7e-006 Unerased_E-value= 1.4e-006
Erasing best word (CGCCCAC GTGGGCG)...
Looking for motif 5...
Counting positive sequences with each word...
Counting negative sequences with each word...
Applying Fisher Exact Test to 36374 words...
Generalizing top 100 of 36374 REs to 1 ambiguous characters...
Generalizing top 2 of 2 REs to 2 ambiguous characters...
Computing exact p-values for 2 REs...
Best RE was CAAGCAAA TTTGCTTG p-value= 1.5e-007 E-value= 5.6e-003 Unerased_E-value= 1.4e-003
Erasing best word (CAAGCAAA TTTGCTTG)...
Looking for motif 6...
Counting positive sequences with each word...
Counting negative sequences with each word...
Applying Fisher Exact Test to 36326 words...
Generalizing top 100 of 36326 REs to 1 ambiguous characters...
Generalizing top 2 of 2 REs to 2 ambiguous characters...
Computing exact p-values for 2 REs...
Best RE was AGTGTKG CMACACT p-value= 4.2e-006 E-value= 1.5e-001 Unerased_E-value= 7.9e-002
Stopping due to hitting the maximum evalue.
5 motifs with E-value < 0.05 found in 25.1 seconds.
Creating HTML file.
Creating text file.
Reading positive sequences /lustre/janus_scratch/bhandare/PySG/benchmark_output/TTP1_Test_SeqLength_Shuffle/f63bf3fc-cb69-4259-9fa2-a1b36f242f90/512_128_100/Signal_512_128_100_TTP1.pwm.fa ...
Reading negative sequences /lustre/janus_scratch/bhandare/PySG/benchmark_output/TTP1_Test_SeqLength_Shuffle/f63bf3fc-cb69-4259-9fa2-a1b36f242f90/512_128_100/NoSignal_512_128_100_TTP1.pwm.fa ...
Looking for motif 1...
Counting positive sequences with each word...
Counting negative sequences with each word...
Applying Fisher Exact Test to 36766 words...
Generalizing top 100 of 36766 REs to 1 ambiguous characters...
Generalizing top 100 of 345 REs to 2 ambiguous characters...
Generalizing top 28 of 28 REs to 3 ambiguous characters...
Computing exact p-values for 100 REs...
Best RE was AAAKAAAG CTTTMTTT p-value= 3.0e-085 E-value= 1.1e-080 Unerased_E-value= 1.1e-080
Erasing best word (AAAKAAAG CTTTMTTT)...
Looking for motif 2...
Counting positive sequences with each word...
Counting negative sequences with each word...
Applying Fisher Exact Test to 36569 words...
Generalizing top 100 of 36569 REs to 1 ambiguous characters...
Generalizing top 100 of 132 REs to 2 ambiguous characters...
Generalizing top 3 of 3 REs to 3 ambiguous characters...
Computing exact p-values for 100 REs...
Best RE was AAGSAAAG CTTTSCTT p-value= 6.2e-040 E-value= 2.3e-035 Unerased_E-value= 4.3e-036
Erasing best word (AAGSAAAG CTTTSCTT)...
Looking for motif 3...
Counting positive sequences with each word...
Counting negative sequences with each word...
Applying Fisher Exact Test to 36449 words...
Generalizing top 100 of 36449 REs to 1 ambiguous characters...
Generalizing top 13 of 13 REs to 2 ambiguous characters...
Computing exact p-values for 13 REs...
Best RE was AAAGCAAG CTTGCTTT p-value= 6.4e-012 E-value= 2.3e-007 Unerased_E-value= 2.3e-007
Erasing best word (AAAGCAAG CTTGCTTT)...
Looking for motif 4...
Counting positive sequences with each word...
Counting negative sequences with each word...
Applying Fisher Exact Test to 36392 words...
Generalizing top 100 of 36392 REs to 1 ambiguous characters...
Generalizing top 3 of 3 REs to 2 ambiguous characters...
Computing exact p-values for 3 REs...
Best RE was CGCCCACC GGTGGGCG p-value= 3.7e-011 E-value= 1.3e-006 Unerased_E-value= 1.3e-006
Erasing best word (CGCCCACC GGTGGGCG)...
Looking for motif 5...
Counting positive sequences with each word...
Counting negative sequences with each word...
Applying Fisher Exact Test to 36338 words...
Generalizing top 100 of 36338 REs to 1 ambiguous characters...
Generalizing top 1 of 1 REs to 2 ambiguous characters...
Computing exact p-values for 1 REs...
Best RE was GGTCGGGA TCCCGACC p-value= 7.5e-011 E-value= 2.7e-006 Unerased_E-value= 2.7e-006
Erasing best word (GGTCGGGA TCCCGACC)...
Looking for motif 6...
Counting positive sequences with each word...
Counting negative sequences with each word...
Applying Fisher Exact Test to 36279 words...
Generalizing top 100 of 36279 REs to 1 ambiguous characters...
Computing exact p-values for 0 REs...
Best RE was ACCATGG CCATGGT p-value= 1.1e-004 E-value= 4.1e+000 Unerased_E-value= 4.1e+000
Stopping due to hitting the maximum evalue.
5 motifs with E-value < 0.05 found in 25.5 seconds.
Creating HTML file.
Creating text file.
Result Dir: /lustre/janus_scratch/bhandare/PySG/benchmark_output/TTP1_Test_SeqLength_Shuffle/8fc8506a-8b85-49d9-bc88-5659ed611485/512_128_100/Signal_512_128_100_TTP1.pwm.fa_kspectrum
mkdir -p /lustre/janus_scratch/bhandare/PySG/benchmark_output/TTP1_Test_SeqLength_Shuffle/8fc8506a-8b85-49d9-bc88-5659ed611485/512_128_100/Signal_512_128_100_TTP1.pwm.fa_kspectrum 
cd /lustre/janus_scratch/bhandare/PySG/benchmark_output/TTP1_Test_SeqLength_Shuffle/8fc8506a-8b85-49d9-bc88-5659ed611485/512_128_100/Signal_512_128_100_TTP1.pwm.fa_kspectrum && python /projects/bhandare/workspace/PySG/scripts/k-spectrum-pipeline/seq_counter.py ../Signal_512_128_100_TTP1.pwm.fa ../NoSignal_512_128_100_TTP1.pwm.fa; 
../Signal_512_128_100_TTP1.pwm.fa ../NoSignal_512_128_100_TTP1.pwm.fa
Combined Filename: Signal_512_128_100_TTP1.pwm_NoSignal_512_128_100_TTP1.pwm_512_512_CompleteSet.txt
Signal_512_128_100_TTP1.pwm.yml, Signal_512_128_100_TTP1.pwm_NoSignal_512_128_100_TTP1.pwm_512_512_CompleteSet.txt
cd /lustre/janus_scratch/bhandare/PySG/benchmark_output/TTP1_Test_SeqLength_Shuffle/8fc8506a-8b85-49d9-bc88-5659ed611485/512_128_100/Signal_512_128_100_TTP1.pwm.fa_kspectrum && python /projects/bhandare/workspace/PySG/scripts/k-spectrum-pipeline/CreateConfFile.py Signal_512_128_100_TTP1.pwm_NoSignal_512_128_100_TTP1.pwm_512_512_CompleteSet.txt Signal_512_128_100_TTP1.pwm Signal_512_128_100_TTP1.pwm.yml
Reading positive sequences /lustre/janus_scratch/bhandare/PySG/benchmark_output/TTP1_Test_SeqLength_Shuffle/254df8e6-75c7-4216-89cc-916db365a045/512_128_100/Signal_512_128_100_TTP1.pwm.fa ...
Reading negative sequences /lustre/janus_scratch/bhandare/PySG/benchmark_output/TTP1_Test_SeqLength_Shuffle/254df8e6-75c7-4216-89cc-916db365a045/512_128_100/NoSignal_512_128_100_TTP1.pwm.fa ...
Looking for motif 1...
Counting positive sequences with each word...
Counting negative sequences with each word...
Applying Fisher Exact Test to 36720 words...
Generalizing top 100 of 36720 REs to 1 ambiguous characters...
Generalizing top 100 of 306 REs to 2 ambiguous characters...
Generalizing top 26 of 26 REs to 3 ambiguous characters...
Computing exact p-values for 100 REs...
Best RE was AAAKAAAG CTTTMTTT p-value= 1.8e-086 E-value= 6.5e-082 Unerased_E-value= 6.5e-082
Erasing best word (AAAKAAAG CTTTMTTT)...
Looking for motif 2...
Counting positive sequences with each word...
Counting negative sequences with each word...
Applying Fisher Exact Test to 36511 words...
Generalizing top 100 of 36511 REs to 1 ambiguous characters...
Generalizing top 100 of 110 REs to 2 ambiguous characters...
Generalizing top 2 of 2 REs to 3 ambiguous characters...
Computing exact p-values for 100 REs...
Best RE was AAGSAAAG CTTTSCTT p-value= 6.0e-043 E-value= 2.2e-038 Unerased_E-value= 1.8e-039
Erasing best word (AAGSAAAG CTTTSCTT)...
Looking for motif 3...
Counting positive sequences with each word...
Counting negative sequences with each word...
Applying Fisher Exact Test to 36343 words...
Generalizing top 100 of 36343 REs to 1 ambiguous characters...
Generalizing top 16 of 16 REs to 2 ambiguous characters...
Computing exact p-values for 16 REs...
Best RE was AAAGCAAG CTTGCTTT p-value= 6.0e-014 E-value= 2.2e-009 Unerased_E-value= 2.2e-009
Erasing best word (AAAGCAAG CTTGCTTT)...
Looking for motif 4...
Counting positive sequences with each word...
Counting negative sequences with each word...
Applying Fisher Exact Test to 36289 words...
Generalizing top 100 of 36289 REs to 1 ambiguous characters...
Generalizing top 13 of 13 REs to 2 ambiguous characters...
Computing exact p-values for 13 REs...
Best RE was CGACCGCC GGCGGTCG p-value= 4.4e-012 E-value= 1.6e-007 Unerased_E-value= 1.6e-007
Erasing best word (CGACCGCC GGCGGTCG)...
Looking for motif 5...
Counting positive sequences with each word...
Counting negative sequences with each word...
Applying Fisher Exact Test to 36204 words...
Generalizing top 100 of 36204 REs to 1 ambiguous characters...
Generalizing top 1 of 1 REs to 2 ambiguous characters...
Computing exact p-values for 1 REs...
Best RE was GCCCACCC GGGTGGGC p-value= 1.2e-009 E-value= 4.5e-005 Unerased_E-value= 4.5e-005
Erasing best word (GCCCACCC GGGTGGGC)...
Looking for motif 6...
Counting positive sequences with each word...
Counting negative sequences with each word...
Applying Fisher Exact Test to 36142 words...
Generalizing top 100 of 36142 REs to 1 ambiguous characters...
Generalizing top 1 of 1 REs to 2 ambiguous characters...
Computing exact p-values for 1 REs...
Best RE was ATTGGGG CCCCAAT p-value= 8.6e-004 E-value= 3.1e+001 Unerased_E-value= 8.6e+000
Stopping due to hitting the maximum evalue.
5 motifs with E-value < 0.05 found in 26.5 seconds.
Creating HTML file.
Creating text file.
Combined File:  Signal_512_128_100_TTP1.pwm_NoSignal_512_128_100_TTP1.pwm_512_512_CompleteSet.txt
FileName:  Signal_512_128_100_TTP1.pwm_NoSignal_512_128_100_TTP1.pwm_512_512_CompleteSet.txt
['Signal', '512', '128', '100', 'TTP1.pwm', 'NoSignal', '512', '128', '100', 'TTP1.pwm', '512', '512', 'CompleteSet.txt']
cd /lustre/janus_scratch/bhandare/PySG/benchmark_output/TTP1_Test_SeqLength_Shuffle/8fc8506a-8b85-49d9-bc88-5659ed611485/512_128_100/Signal_512_128_100_TTP1.pwm.fa_kspectrum && python /projects/bhandare/workspace/PySG/kernels/k-spectrum/scripts/basic_kspectrum.py Signal_512_128_100_TTP1.pwm.yml
Result Dir: /lustre/janus_scratch/bhandare/PySG/benchmark_output/TTP1_Test_SeqLength_Shuffle/f63bf3fc-cb69-4259-9fa2-a1b36f242f90/512_128_100/Signal_512_128_100_TTP1.pwm.fa_kspectrum
mkdir -p /lustre/janus_scratch/bhandare/PySG/benchmark_output/TTP1_Test_SeqLength_Shuffle/f63bf3fc-cb69-4259-9fa2-a1b36f242f90/512_128_100/Signal_512_128_100_TTP1.pwm.fa_kspectrum 
cd /lustre/janus_scratch/bhandare/PySG/benchmark_output/TTP1_Test_SeqLength_Shuffle/f63bf3fc-cb69-4259-9fa2-a1b36f242f90/512_128_100/Signal_512_128_100_TTP1.pwm.fa_kspectrum && python /projects/bhandare/workspace/PySG/scripts/k-spectrum-pipeline/seq_counter.py ../Signal_512_128_100_TTP1.pwm.fa ../NoSignal_512_128_100_TTP1.pwm.fa; 
../Signal_512_128_100_TTP1.pwm.fa ../NoSignal_512_128_100_TTP1.pwm.fa
Combined Filename: Signal_512_128_100_TTP1.pwm_NoSignal_512_128_100_TTP1.pwm_512_512_CompleteSet.txt
Signal_512_128_100_TTP1.pwm.yml, Signal_512_128_100_TTP1.pwm_NoSignal_512_128_100_TTP1.pwm_512_512_CompleteSet.txt
cd /lustre/janus_scratch/bhandare/PySG/benchmark_output/TTP1_Test_SeqLength_Shuffle/f63bf3fc-cb69-4259-9fa2-a1b36f242f90/512_128_100/Signal_512_128_100_TTP1.pwm.fa_kspectrum && python /projects/bhandare/workspace/PySG/scripts/k-spectrum-pipeline/CreateConfFile.py Signal_512_128_100_TTP1.pwm_NoSignal_512_128_100_TTP1.pwm_512_512_CompleteSet.txt Signal_512_128_100_TTP1.pwm Signal_512_128_100_TTP1.pwm.yml
Reading positive sequences /lustre/janus_scratch/bhandare/PySG/benchmark_output/TTP1_Test_SeqLength_Shuffle/32c83f1b-307f-4c9a-97d5-a3f3dbc2d46f/512_128_100/Signal_512_128_100_TTP1.pwm.fa ...
Reading negative sequences /lustre/janus_scratch/bhandare/PySG/benchmark_output/TTP1_Test_SeqLength_Shuffle/32c83f1b-307f-4c9a-97d5-a3f3dbc2d46f/512_128_100/NoSignal_512_128_100_TTP1.pwm.fa ...
Looking for motif 1...
Counting positive sequences with each word...
Counting negative sequences with each word...
Applying Fisher Exact Test to 37000 words...
Generalizing top 100 of 37000 REs to 1 ambiguous characters...
Generalizing top 100 of 334 REs to 2 ambiguous characters...
Generalizing top 18 of 18 REs to 3 ambiguous characters...
Computing exact p-values for 100 REs...
Best RE was AAADAAAG CTTTHTTT p-value= 1.6e-075 E-value= 6.1e-071 Unerased_E-value= 6.1e-071
Erasing best word (AAADAAAG CTTTHTTT)...
Looking for motif 2...
Counting positive sequences with each word...
Counting negative sequences with each word...
Applying Fisher Exact Test to 36797 words...
Generalizing top 100 of 36797 REs to 1 ambiguous characters...
Generalizing top 100 of 127 REs to 2 ambiguous characters...
Generalizing top 3 of 3 REs to 3 ambiguous characters...
Computing exact p-values for 100 REs...
Best RE was AAGSAAAG CTTTSCTT p-value= 2.8e-043 E-value= 1.0e-038 Unerased_E-value= 5.2e-042
Erasing best word (AAGSAAAG CTTTSCTT)...
Looking for motif 3...
Counting positive sequences with each word...
Counting negative sequences with each word...
Applying Fisher Exact Test to 36650 words...
Generalizing top 100 of 36650 REs to 1 ambiguous characters...
Generalizing top 29 of 29 REs to 2 ambiguous characters...
Computing exact p-values for 29 REs...
Best RE was AAGCAAGA TCTTGCTT p-value= 2.4e-015 E-value= 8.6e-011 Unerased_E-value= 4.1e-011
Erasing best word (AAGCAAGA TCTTGCTT)...
Looking for motif 4...
Counting positive sequences with each word...
Counting negative sequences with each word...
Applying Fisher Exact Test to 36604 words...
Generalizing top 100 of 36604 REs to 1 ambiguous characters...
Generalizing top 22 of 22 REs to 2 ambiguous characters...
Computing exact p-values for 22 REs...
Best RE was GGTCGGGA TCCCGACC p-value= 5.2e-013 E-value= 1.9e-008 Unerased_E-value= 1.9e-008
Erasing best word (GGTCGGGA TCCCGACC)...
Looking for motif 5...
Counting positive sequences with each word...
Counting negative sequences with each word...
Applying Fisher Exact Test to 36527 words...
Generalizing top 100 of 36527 REs to 1 ambiguous characters...
Generalizing top 5 of 5 REs to 2 ambiguous characters...
Computing exact p-values for 5 REs...
Best RE was CCCACCCC GGGGTGGG p-value= 2.0e-010 E-value= 7.3e-006 Unerased_E-value= 7.3e-006
Erasing best word (CCCACCCC GGGGTGGG)...
Looking for motif 6...
Counting positive sequences with each word...
Counting negative sequences with each word...
Applying Fisher Exact Test to 36467 words...
Generalizing top 100 of 36467 REs to 1 ambiguous characters...
Generalizing top 4 of 4 REs to 2 ambiguous characters...
Computing exact p-values for 4 REs...
Best RE was TTACWGAA TTCWGTAA p-value= 5.6e-005 E-value= 2.0e+000 Unerased_E-value= 2.0e+000
Stopping due to hitting the maximum evalue.
5 motifs with E-value < 0.05 found in 26.5 seconds.
Creating HTML file.
Creating text file.
Combined File:  Signal_512_128_100_TTP1.pwm_NoSignal_512_128_100_TTP1.pwm_512_512_CompleteSet.txt
FileName:  Signal_512_128_100_TTP1.pwm_NoSignal_512_128_100_TTP1.pwm_512_512_CompleteSet.txt
['Signal', '512', '128', '100', 'TTP1.pwm', 'NoSignal', '512', '128', '100', 'TTP1.pwm', '512', '512', 'CompleteSet.txt']
cd /lustre/janus_scratch/bhandare/PySG/benchmark_output/TTP1_Test_SeqLength_Shuffle/f63bf3fc-cb69-4259-9fa2-a1b36f242f90/512_128_100/Signal_512_128_100_TTP1.pwm.fa_kspectrum && python /projects/bhandare/workspace/PySG/kernels/k-spectrum/scripts/basic_kspectrum.py Signal_512_128_100_TTP1.pwm.yml
Result Dir: /lustre/janus_scratch/bhandare/PySG/benchmark_output/TTP1_Test_SeqLength_Shuffle/254df8e6-75c7-4216-89cc-916db365a045/512_128_100/Signal_512_128_100_TTP1.pwm.fa_kspectrum
mkdir -p /lustre/janus_scratch/bhandare/PySG/benchmark_output/TTP1_Test_SeqLength_Shuffle/254df8e6-75c7-4216-89cc-916db365a045/512_128_100/Signal_512_128_100_TTP1.pwm.fa_kspectrum 
cd /lustre/janus_scratch/bhandare/PySG/benchmark_output/TTP1_Test_SeqLength_Shuffle/254df8e6-75c7-4216-89cc-916db365a045/512_128_100/Signal_512_128_100_TTP1.pwm.fa_kspectrum && python /projects/bhandare/workspace/PySG/scripts/k-spectrum-pipeline/seq_counter.py ../Signal_512_128_100_TTP1.pwm.fa ../NoSignal_512_128_100_TTP1.pwm.fa; 
../Signal_512_128_100_TTP1.pwm.fa ../NoSignal_512_128_100_TTP1.pwm.fa
Combined Filename: Signal_512_128_100_TTP1.pwm_NoSignal_512_128_100_TTP1.pwm_512_512_CompleteSet.txt
Signal_512_128_100_TTP1.pwm.yml, Signal_512_128_100_TTP1.pwm_NoSignal_512_128_100_TTP1.pwm_512_512_CompleteSet.txt
cd /lustre/janus_scratch/bhandare/PySG/benchmark_output/TTP1_Test_SeqLength_Shuffle/254df8e6-75c7-4216-89cc-916db365a045/512_128_100/Signal_512_128_100_TTP1.pwm.fa_kspectrum && python /projects/bhandare/workspace/PySG/scripts/k-spectrum-pipeline/CreateConfFile.py Signal_512_128_100_TTP1.pwm_NoSignal_512_128_100_TTP1.pwm_512_512_CompleteSet.txt Signal_512_128_100_TTP1.pwm Signal_512_128_100_TTP1.pwm.yml
Combined File:  Signal_512_128_100_TTP1.pwm_NoSignal_512_128_100_TTP1.pwm_512_512_CompleteSet.txt
FileName:  Signal_512_128_100_TTP1.pwm_NoSignal_512_128_100_TTP1.pwm_512_512_CompleteSet.txt
['Signal', '512', '128', '100', 'TTP1.pwm', 'NoSignal', '512', '128', '100', 'TTP1.pwm', '512', '512', 'CompleteSet.txt']
cd /lustre/janus_scratch/bhandare/PySG/benchmark_output/TTP1_Test_SeqLength_Shuffle/254df8e6-75c7-4216-89cc-916db365a045/512_128_100/Signal_512_128_100_TTP1.pwm.fa_kspectrum && python /projects/bhandare/workspace/PySG/kernels/k-spectrum/scripts/basic_kspectrum.py Signal_512_128_100_TTP1.pwm.yml
Result Dir: /lustre/janus_scratch/bhandare/PySG/benchmark_output/TTP1_Test_SeqLength_Shuffle/32c83f1b-307f-4c9a-97d5-a3f3dbc2d46f/512_128_100/Signal_512_128_100_TTP1.pwm.fa_kspectrum
mkdir -p /lustre/janus_scratch/bhandare/PySG/benchmark_output/TTP1_Test_SeqLength_Shuffle/32c83f1b-307f-4c9a-97d5-a3f3dbc2d46f/512_128_100/Signal_512_128_100_TTP1.pwm.fa_kspectrum 
cd /lustre/janus_scratch/bhandare/PySG/benchmark_output/TTP1_Test_SeqLength_Shuffle/32c83f1b-307f-4c9a-97d5-a3f3dbc2d46f/512_128_100/Signal_512_128_100_TTP1.pwm.fa_kspectrum && python /projects/bhandare/workspace/PySG/scripts/k-spectrum-pipeline/seq_counter.py ../Signal_512_128_100_TTP1.pwm.fa ../NoSignal_512_128_100_TTP1.pwm.fa; 
../Signal_512_128_100_TTP1.pwm.fa ../NoSignal_512_128_100_TTP1.pwm.fa
Combined Filename: Signal_512_128_100_TTP1.pwm_NoSignal_512_128_100_TTP1.pwm_512_512_CompleteSet.txt
Signal_512_128_100_TTP1.pwm.yml, Signal_512_128_100_TTP1.pwm_NoSignal_512_128_100_TTP1.pwm_512_512_CompleteSet.txt
cd /lustre/janus_scratch/bhandare/PySG/benchmark_output/TTP1_Test_SeqLength_Shuffle/32c83f1b-307f-4c9a-97d5-a3f3dbc2d46f/512_128_100/Signal_512_128_100_TTP1.pwm.fa_kspectrum && python /projects/bhandare/workspace/PySG/scripts/k-spectrum-pipeline/CreateConfFile.py Signal_512_128_100_TTP1.pwm_NoSignal_512_128_100_TTP1.pwm_512_512_CompleteSet.txt Signal_512_128_100_TTP1.pwm Signal_512_128_100_TTP1.pwm.yml
Combined File:  Signal_512_128_100_TTP1.pwm_NoSignal_512_128_100_TTP1.pwm_512_512_CompleteSet.txt
FileName:  Signal_512_128_100_TTP1.pwm_NoSignal_512_128_100_TTP1.pwm_512_512_CompleteSet.txt
['Signal', '512', '128', '100', 'TTP1.pwm', 'NoSignal', '512', '128', '100', 'TTP1.pwm', '512', '512', 'CompleteSet.txt']
cd /lustre/janus_scratch/bhandare/PySG/benchmark_output/TTP1_Test_SeqLength_Shuffle/32c83f1b-307f-4c9a-97d5-a3f3dbc2d46f/512_128_100/Signal_512_128_100_TTP1.pwm.fa_kspectrum && python /projects/bhandare/workspace/PySG/kernels/k-spectrum/scripts/basic_kspectrum.py Signal_512_128_100_TTP1.pwm.yml
