Running iteration: 3
Running iteration: 4
Running iteration: 1
Running iteration: 2
Reading positive sequences /lustre/janus_scratch/bhandare/PySG/benchmark_output/TTP1_Test_SeqLength_Dirichlet/c97d9c5a-edcd-4f3f-bf7a-c0a867a55c9f/512_512_512_100/Signal_512_512_100_512_TTP1.pwm.fa ...
Reading negative sequences /lustre/janus_scratch/bhandare/PySG/benchmark_output/TTP1_Test_SeqLength_Dirichlet/c97d9c5a-edcd-4f3f-bf7a-c0a867a55c9f/512_512_512_100/NoSignal_512_512_100_512_TTP1.pwm.fa ...
Looking for motif 1...
Counting positive sequences with each word...
Counting negative sequences with each word...
Applying Fisher Exact Test to 43818 words...
Generalizing top 100 of 43818 REs to 1 ambiguous characters...
Generalizing top 100 of 232 REs to 2 ambiguous characters...
Generalizing top 17 of 17 REs to 3 ambiguous characters...
Computing exact p-values for 100 REs...
Best RE was AAAKAAAG CTTTMTTT p-value= 1.0e-077 E-value= 4.4e-073 Unerased_E-value= 4.4e-073
Erasing best word (AAAKAAAG CTTTMTTT)...
Looking for motif 2...
Counting positive sequences with each word...
Counting negative sequences with each word...
Applying Fisher Exact Test to 43815 words...
Generalizing top 100 of 43815 REs to 1 ambiguous characters...
Generalizing top 51 of 51 REs to 2 ambiguous characters...
Generalizing top 1 of 1 REs to 3 ambiguous characters...
Computing exact p-values for 52 REs...
Best RE was AAGSAAAG CTTTSCTT p-value= 1.4e-035 E-value= 6.3e-031 Unerased_E-value= 1.3e-031
Erasing best word (AAGSAAAG CTTTSCTT)...
Looking for motif 3...
Counting positive sequences with each word...
Counting negative sequences with each word...
Applying Fisher Exact Test to 43813 words...
Generalizing top 100 of 43813 REs to 1 ambiguous characters...
Generalizing top 11 of 11 REs to 2 ambiguous characters...
Computing exact p-values for 11 REs...
Best RE was AAGCAAVA TBTTGCTT p-value= 6.9e-011 E-value= 3.0e-006 Unerased_E-value= 3.0e-006
Erasing best word (AAGCAAVA TBTTGCTT)...
Looking for motif 4...
Counting positive sequences with each word...
Counting negative sequences with each word...
Applying Fisher Exact Test to 43808 words...
Generalizing top 100 of 43808 REs to 1 ambiguous characters...
Generalizing top 6 of 6 REs to 2 ambiguous characters...
Computing exact p-values for 6 REs...
Best RE was CCGACCGC GCGGTCGG p-value= 9.4e-010 E-value= 4.1e-005 Unerased_E-value= 4.1e-005
Erasing best word (CCGACCGC GCGGTCGG)...
Looking for motif 5...
Counting positive sequences with each word...
Counting negative sequences with each word...
Applying Fisher Exact Test to 43807 words...
Generalizing top 100 of 43807 REs to 1 ambiguous characters...
Generalizing top 6 of 6 REs to 2 ambiguous characters...
Computing exact p-values for 6 REs...
Best RE was GCCCACCC GGGTGGGC p-value= 2.3e-005 E-value= 1.0e+000 Unerased_E-value= 6.3e-001
Stopping due to hitting the maximum evalue.
4 motifs with E-value < 0.05 found in 113.1 seconds.
Creating HTML file.
Creating text file.
Result Dir: /lustre/janus_scratch/bhandare/PySG/benchmark_output/TTP1_Test_SeqLength_Dirichlet/c97d9c5a-edcd-4f3f-bf7a-c0a867a55c9f/512_512_512_100/Signal_512_512_100_512_TTP1.pwm.fa_kspectrum
mkdir -p /lustre/janus_scratch/bhandare/PySG/benchmark_output/TTP1_Test_SeqLength_Dirichlet/c97d9c5a-edcd-4f3f-bf7a-c0a867a55c9f/512_512_512_100/Signal_512_512_100_512_TTP1.pwm.fa_kspectrum 
cd /lustre/janus_scratch/bhandare/PySG/benchmark_output/TTP1_Test_SeqLength_Dirichlet/c97d9c5a-edcd-4f3f-bf7a-c0a867a55c9f/512_512_512_100/Signal_512_512_100_512_TTP1.pwm.fa_kspectrum && python /projects/bhandare/workspace/PySG/scripts/k-spectrum-pipeline/seq_counter.py ../Signal_512_512_100_512_TTP1.pwm.fa ../NoSignal_512_512_100_512_TTP1.pwm.fa; 
../Signal_512_512_100_512_TTP1.pwm.fa ../NoSignal_512_512_100_512_TTP1.pwm.fa
Combined Filename: Signal_512_512_100_512_TTP1.pwm_NoSignal_512_512_100_512_TTP1.pwm_512_512_CompleteSet.txt
Signal_512_512_100_512_TTP1.pwm.yml, Signal_512_512_100_512_TTP1.pwm_NoSignal_512_512_100_512_TTP1.pwm_512_512_CompleteSet.txt
cd /lustre/janus_scratch/bhandare/PySG/benchmark_output/TTP1_Test_SeqLength_Dirichlet/c97d9c5a-edcd-4f3f-bf7a-c0a867a55c9f/512_512_512_100/Signal_512_512_100_512_TTP1.pwm.fa_kspectrum && python /projects/bhandare/workspace/PySG/scripts/k-spectrum-pipeline/CreateConfFile.py Signal_512_512_100_512_TTP1.pwm_NoSignal_512_512_100_512_TTP1.pwm_512_512_CompleteSet.txt Signal_512_512_100_512_TTP1.pwm Signal_512_512_100_512_TTP1.pwm.yml
Combined File:  Signal_512_512_100_512_TTP1.pwm_NoSignal_512_512_100_512_TTP1.pwm_512_512_CompleteSet.txt
FileName:  Signal_512_512_100_512_TTP1.pwm_NoSignal_512_512_100_512_TTP1.pwm_512_512_CompleteSet.txt
['Signal', '512', '512', '100', '512', 'TTP1.pwm', 'NoSignal', '512', '512', '100', '512', 'TTP1.pwm', '512', '512', 'CompleteSet.txt']
cd /lustre/janus_scratch/bhandare/PySG/benchmark_output/TTP1_Test_SeqLength_Dirichlet/c97d9c5a-edcd-4f3f-bf7a-c0a867a55c9f/512_512_512_100/Signal_512_512_100_512_TTP1.pwm.fa_kspectrum && python /projects/bhandare/workspace/PySG/kernels/k-spectrum/scripts/basic_kspectrum.py Signal_512_512_100_512_TTP1.pwm.yml
training ***********************************************************
Cpos, Cneg:  5.0 5.0
*
optimization finished, #iter = 461
nu = 0.200013
obj = -461.015470, rho = -0.000021
nSV = 922, nBSV = 0
testing ***********************************************************
training ***********************************************************
Cpos, Cneg:  5.0 5.0
*
optimization finished, #iter = 461
nu = 0.200009
obj = -460.998965, rho = -0.000041
nSV = 922, nBSV = 0
testing ***********************************************************
training ***********************************************************
Cpos, Cneg:  5.0 5.0
*